c1f2d6_edge
request 1.5668470859527588
call 7.702976226806641
call 6.493371248245239
call 6.81380295753479
call 7.189026355743408
call 7.29184365272522
call 7.387603759765625
call 7.423306941986084
call 7.389261722564697
call 7.381271123886108
call 7.319689512252808
call 7.41278338432312
call 7.455451250076294
call 7.634775638580322
call 7.588395833969116
call 7.496265649795532
call 7.315002679824829
call 7.5027806758880615
call 7.399672508239746
call 7.496799945831299
call 7.392299175262451
call 7.4771568775177
call 7.411799192428589
call 7.418261766433716
call 7.468239784240723
call 7.5080955028533936
call 7.503918409347534
call 7.48754358291626
call 7.420703649520874
call 7.501795530319214
call 7.488828420639038
call 7.40871787071228
call 7.491399765014648
call 7.4996747970581055
call 7.492393970489502
call 7.502784013748169
call 7.49257493019104
call 7.416524171829224
call 7.493189811706543
call 7.490223169326782
call 7.413357734680176
call 7.517175197601318
call 7.491783857345581
call 7.399236679077148
call 7.4807963371276855
call 7.515329360961914
call 5.788996934890747
call 5.803602695465088
call 5.786834239959717
call 5.845801115036011
call 6.043766975402832
request 1.438082218170166
call 6.751948356628418
call 6.071446657180786
call 6.022148609161377
call 5.979357481002808
call 5.92647385597229
call 6.490639925003052
call 7.993260622024536
call 7.614225625991821
call 7.603155851364136
call 7.48404335975647
call 7.503263235092163
call 7.390108346939087
call 7.317773342132568
call 7.390649080276489
call 7.4038801193237305
call 7.488020181655884
call 7.214898109436035
call 8.391162872314453
call 7.4200828075408936
call 7.401612281799316
call 7.361271619796753
call 7.381238222122192
call 7.144768953323364
call 7.478041172027588
call 7.326066255569458
call 7.486370801925659
call 7.405007839202881
call 7.487098932266235
call 7.469470262527466
call 7.521412372589111
call 7.416883945465088
call 7.515738010406494
call 7.46435284614563
call 7.502736568450928
call 7.415322542190552
call 7.396834850311279
call 7.587968111038208
call 7.402872800827026
call 7.4969775676727295
call 7.520558595657349
call 7.495663404464722
call 7.465190887451172
call 7.5224504470825195
call 7.402364015579224
call 7.384746789932251
call 7.511539936065674
call 7.497849225997925
call 7.40337872505188
call 7.599772930145264
call 7.3921592235565186
request 1.4781553745269775
call 7.341496706008911
call 6.980840682983398
call 7.80553412437439
call 7.711180925369263
call 7.373794317245483
call 7.604367256164551
call 7.397110223770142
call 7.405843734741211
call 7.851534605026245
call 7.2552032470703125
call 7.382748365402222
call 7.496451139450073
call 7.429889917373657
call 7.669252157211304
call 7.513741731643677
call 7.383905410766602
call 7.497096538543701
call 7.297947406768799
call 7.6029746532440186
call 7.422544717788696
call 7.4968531131744385
call 7.403726577758789
call 7.59768271446228
call 7.501672744750977
call 7.486509084701538
call 7.408742666244507
call 7.5787012577056885
call 7.432654857635498
call 7.48061466217041
call 7.4179534912109375
call 7.486605882644653
call 7.470546245574951
call 7.50321626663208
call 7.526382684707642
call 7.501129627227783
call 7.395047426223755
call 7.493718862533569
call 7.410878658294678
call 7.4925010204315186
call 7.4035325050354
call 7.588456392288208
call 7.413782119750977
call 7.479416370391846
call 7.425459623336792
call 7.493346929550171
call 7.402211904525757
call 6.47595477104187
call 6.018862962722778
call 5.8893842697143555
call 5.910132884979248
request 1.4583938121795654
call 6.836040258407593
call 6.005523920059204
call 6.883117198944092
call 6.714607238769531
call 7.089500665664673
call 7.324429750442505
call 7.30126690864563
call 7.38595724105835
call 7.395957708358765
call 7.430615186691284
call 7.369619131088257
call 7.4021852016448975
call 7.42383337020874
call 7.406299114227295
call 7.570130109786987
call 7.574434280395508
call 7.444574594497681
call 7.565410375595093
call 7.521154165267944
call 7.41136360168457
call 7.473772287368774
call 7.4123194217681885
call 7.479276895523071
call 7.420574188232422
call 7.48914647102356
call 7.4861061573028564
call 7.506733179092407
call 7.491285085678101
call 7.436845302581787
call 7.465780019760132
call 7.492987394332886
call 7.433043956756592
call 7.484109401702881
call 7.5098326206207275
call 7.494689464569092
call 7.485882043838501
call 7.493890762329102
call 7.419983863830566
call 7.48073935508728
call 7.422256231307983
call 7.49730110168457
call 7.488185167312622
call 7.497274160385132
call 7.4233386516571045
call 7.47276759147644
call 7.506761074066162
call 7.496407508850098
call 5.800625562667847
call 5.788672208786011
call 5.733167409896851
request 1.4997620582580566
call 6.721763610839844
call 5.984632730484009
call 5.984899997711182
call 6.095803499221802
call 6.027109861373901
call 6.874322414398193
call 7.228750467300415
call 7.37178373336792
call 7.40073561668396
call 7.40351939201355
call 7.494778871536255
call 7.477904796600342
call 7.450869560241699
call 7.579435586929321
call 7.5118567943573
call 7.50075101852417
call 7.569967985153198
call 7.327615022659302
call 7.495264053344727
call 7.392734527587891
call 7.784907579421997
call 7.319593906402588
call 7.499938011169434
call 7.486755132675171
call 7.5043745040893555
call 7.4982993602752686
call 7.488467216491699
call 7.504009246826172
call 7.498863935470581
call 7.507823467254639
call 7.391294240951538
call 7.414559841156006
call 7.506596565246582
call 7.472461700439453
call 7.495522975921631
call 7.500943899154663
call 7.516100645065308
call 7.494825124740601
call 7.4936017990112305
call 7.430111646652222
call 7.569257497787476
call 7.330273389816284
call 7.4730224609375
call 7.416348457336426
call 7.497111558914185
call 7.4008307456970215
call 7.493597030639648
call 7.481959342956543
call 7.502836227416992
call 7.420617341995239
request 1.488964319229126
call 7.157944679260254
call 7.065997838973999
call 7.300483465194702
call 7.366752624511719
call 7.414338827133179
call 7.490733861923218
call 7.50289249420166
call 7.600775480270386
call 7.517542839050293
call 7.501582145690918
call 7.498800992965698
call 7.478959798812866
call 7.426774740219116
call 7.397393465042114
call 7.502386569976807
call 7.500362873077393
call 7.766447067260742
call 7.424425363540649
call 7.3998987674713135
call 7.499829053878784
call 7.495340824127197
call 7.486058235168457
call 7.487070083618164
call 7.491212844848633
call 7.512385368347168
call 7.413406133651733
call 7.412542104721069
call 7.491635084152222
call 7.506829261779785
call 7.482691526412964
call 7.4880759716033936
call 7.522269248962402
call 7.479917287826538
call 7.443746566772461
call 7.476178169250488
call 7.404031038284302
call 7.489349126815796
call 7.3965065479278564
call 7.487534999847412
call 7.431753635406494
call 7.494494438171387
call 7.471984148025513
call 7.524524211883545
call 7.476455926895142
call 7.43663215637207
call 7.383587837219238
call 5.806234836578369
call 5.799301624298096
call 5.786712646484375
call 5.805129289627075
c1f2d8_edge
request 1.4997494220733643
call 6.809335470199585
call 6.202361345291138
call 7.3058226108551025
call 9.005326271057129
call 9.199962377548218
call 9.099706411361694
call 9.364062547683716
call 9.122084379196167
call 9.388375043869019
call 9.321289777755737
call 9.092207908630371
call 9.207114458084106
call 9.389495134353638
call 9.383165836334229
call 9.219454765319824
call 9.204006910324097
call 8.88643765449524
call 9.390539407730103
call 9.340961694717407
call 9.198673725128174
call 9.356857776641846
call 9.124975681304932
call 9.193663120269775
call 9.226971626281738
call 9.266051769256592
call 9.211195707321167
call 9.296858549118042
call 9.391261577606201
call 9.292009353637695
call 9.303156614303589
call 9.120006799697876
call 9.286001205444336
call 9.100520610809326
call 9.202200889587402
call 9.28873610496521
call 9.181815385818481
call 8.816778659820557
call 9.717550277709961
call 9.190796375274658
call 9.21970796585083
call 8.990193605422974
call 9.183039426803589
call 9.296853065490723
call 9.102492332458496
call 8.703609466552734
call 9.408250570297241
call 9.001747846603394
call 7.607373952865601
call 7.484567642211914
call 7.095241069793701
request 1.6658375263214111
call 9.528794765472412
call 8.633471012115479
call 9.078710794448853
call 9.306586742401123
call 9.095595836639404
call 9.2783043384552
call 9.199574947357178
call 8.92473840713501
call 9.58249545097351
call 9.319574356079102
call 9.474251985549927
call 9.118637323379517
call 9.306515455245972
call 9.095200300216675
call 8.977186441421509
call 9.304590225219727
call 9.225432872772217
call 8.900808811187744
call 9.181289196014404
call 9.20893144607544
call 9.292508602142334
call 9.492311000823975
call 9.309703350067139
call 9.394104242324829
call 8.632339715957642
call 9.276224613189697
call 9.388511657714844
call 9.319629430770874
call 9.18860936164856
call 9.316574811935425
call 8.785341739654541
call 9.292442560195923
call 9.342711925506592
call 9.453313827514648
call 9.410338640213013
call 9.289816856384277
call 8.822454929351807
call 9.386036157608032
call 8.9938645362854
call 9.304877996444702
call 9.487542390823364
call 8.8189058303833
call 9.393896579742432
call 9.311761140823364
call 9.185847043991089
call 9.192702054977417
call 9.387033939361572
call 7.086304187774658
call 6.010843515396118
call 6.015777826309204
request 1.5716218948364258
call 6.918171405792236
call 9.01640510559082
call 9.222009658813477
call 9.365503072738647
call 9.193337440490723
call 9.318060636520386
call 8.795642375946045
call 9.473666191101074
call 9.420520544052124
call 9.375838994979858
call 8.924298763275146
call 9.07193660736084
call 9.541097640991211
call 9.371187686920166
call 9.316645383834839
call 9.405495882034302
call 9.280565977096558
call 9.280412912368774
call 9.130447626113892
call 9.285229444503784
call 9.224833965301514
call 8.994554042816162
call 9.49022889137268
call 9.209439516067505
call 9.11334228515625
call 9.27071237564087
call 9.114681005477905
call 9.17693042755127
call 9.422093391418457
call 9.203540325164795
call 9.202695846557617
call 9.013583421707153
call 9.376760005950928
call 9.197643756866455
call 9.278945922851562
call 9.318060874938965
call 8.903874635696411
call 9.200552701950073
call 9.489841938018799
call 9.20314908027649
call 9.20863962173462
call 9.400027990341187
call 9.282221555709839
call 9.109918117523193
call 9.096567392349243
call 8.187381267547607
call 6.7254979610443115
call 6.87376856803894
call 6.611656188964844
call 5.9940690994262695
request 1.5679714679718018
call 8.508726358413696
call 9.772499561309814
call 9.502901792526245
call 9.606667041778564
call 9.108298540115356
call 9.508356809616089
call 9.459830284118652
call 9.818349838256836
call 9.30720853805542
call 9.182086706161499
call 9.10947871208191
call 9.097247123718262
call 9.097851991653442
call 9.403137445449829
call 9.293365478515625
call 9.370213747024536
call 9.121536493301392
call 9.043532848358154
call 9.26950740814209
call 9.30158805847168
call 9.185399532318115
call 9.207554817199707
call 9.303776502609253
call 8.995996952056885
call 9.192325830459595
call 9.509628295898438
call 9.209294557571411
call 9.187032222747803
call 9.179164171218872
call 9.219168901443481
call 9.016440629959106
call 9.47784423828125
call 9.272809982299805
call 9.21274995803833
call 9.31217622756958
call 8.998675346374512
call 9.193759679794312
call 9.380805253982544
call 9.096444606781006
call 9.43682050704956
call 9.203490495681763
call 8.9781653881073
call 9.412357568740845
call 9.182983636856079
call 9.220857620239258
call 9.276897668838501
call 9.20780873298645
call 8.74599313735962
call 6.150674104690552
call 5.898855924606323
request 1.5729515552520752
call 6.6146204471588135
call 7.479334831237793
call 7.78691029548645
call 8.61149549484253
call 8.696587562561035
call 8.602274179458618
call 9.288089513778687
call 9.089606761932373
call 9.317514181137085
call 8.907525777816772
call 9.190747022628784
call 9.111491918563843
call 8.899701595306396
call 9.281448125839233
call 9.11098051071167
call 9.223866701126099
call 9.281231164932251
call 9.39002275466919
call 9.201460599899292
call 9.175648212432861
call 9.225504636764526
call 9.388680934906006
call 9.20365571975708
call 9.177974939346313
call 9.219266891479492
call 9.202499866485596
call 9.110105276107788
call 9.475871324539185
call 9.111358880996704
call 9.207483530044556
call 9.293284177780151
call 9.196458578109741
call 9.200688362121582
call 9.380749940872192
call 9.132173538208008
call 9.184751510620117
call 8.927690029144287
call 9.18587589263916
call 9.283035039901733
call 9.405269622802734
call 9.176133871078491
call 9.428990602493286
call 9.197079420089722
call 9.191359519958496
call 9.321762084960938
call 9.16784930229187
call 9.250949382781982
call 9.26225996017456
call 8.793853759765625
call 8.791364192962646
request 2.1419780254364014
call 8.835930824279785
call 9.309261083602905
call 9.096538305282593
call 9.206843376159668
call 9.283594846725464
call 9.322423696517944
call 9.093161344528198
call 9.18914008140564
call 9.094541788101196
call 9.523234367370605
call 9.193517446517944
call 8.980752944946289
call 8.999550104141235
call 9.027274131774902
call 9.383147478103638
call 9.303884983062744
call 9.204723358154297
call 9.364663362503052
call 8.909992694854736
call 9.431382179260254
call 9.283870220184326
call 9.089345693588257
call 9.292055606842041
call 9.315532445907593
call 9.384799718856812
call 9.300257682800293
call 9.207627773284912
call 8.696107864379883
call 9.311125993728638
call 9.400607109069824
call 9.299356937408447
call 9.292185306549072
call 9.392963886260986
call 9.211896181106567
call 9.399290561676025
call 9.506479263305664
call 8.885459899902344
call 8.788048505783081
call 9.218197345733643
call 9.297646045684814
call 8.826939582824707
call 9.39777421951294
call 9.771759510040283
call 9.174719095230103
call 9.231112480163574
call 6.798436403274536
call 7.028859376907349
call 6.946819305419922
call 6.0987701416015625
call 6.025150775909424
request 1.4603252410888672
call 6.63254189491272
call 5.807971954345703
call 5.989645957946777
call 5.8946919441223145
call 6.297045946121216
call 7.503288507461548
call 9.124617099761963
call 9.094977378845215
call 9.280275583267212
call 9.197102546691895
call 9.107332706451416
call 9.398834943771362
call 9.407646179199219
call 9.095916032791138
call 8.997031450271606
call 9.311387777328491
call 9.38593077659607
call 9.009339570999146
call 9.09439754486084
call 9.39570951461792
call 8.98885989189148
call 9.01120138168335
call 9.304375648498535
call 9.22678279876709
call 9.270416021347046
call 9.541690349578857
call 9.033154010772705
call 9.026594161987305
call 9.181005716323853
call 9.31192946434021
call 8.79349422454834
call 9.283121824264526
call 9.238680601119995
call 9.55190396308899
call 8.929658651351929
call 9.397323369979858
call 9.309911251068115
call 8.783608436584473
call 9.305221319198608
call 9.39847445487976
call 8.807055473327637
call 9.470860958099365
call 9.424459457397461
call 9.387228012084961
call 9.299954891204834
call 9.212867021560669
call 9.29152512550354
call 9.403058528900146
call 8.876415967941284
call 9.324832677841187
request 1.519789218902588
call 6.775468111038208
call 5.919504880905151
call 7.6919121742248535
call 8.604592561721802
call 8.279192924499512
call 9.019870281219482
call 8.819431781768799
call 9.479203462600708
call 8.999368906021118
call 8.793050765991211
call 9.414392948150635
call 9.205895900726318
call 9.276167154312134
call 9.705408573150635
call 9.203811407089233
call 9.28792667388916
call 9.313748836517334
call 9.297006845474243
call 9.292605876922607
call 9.196333408355713
call 9.513537883758545
call 9.162038087844849
call 9.121541500091553
call 9.204363822937012
call 9.012553930282593
call 9.096599817276001
call 9.39091944694519
call 9.411653280258179
call 9.207618236541748
call 9.189324378967285
call 9.164623498916626
call 9.22597622871399
call 9.189546346664429
call 9.32349967956543
call 9.179694652557373
call 9.012926816940308
call 9.302205801010132
call 9.392597913742065
call 9.110057830810547
call 9.482241868972778
call 9.214199304580688
call 9.200296401977539
call 8.996419668197632
call 8.993077039718628
call 9.29536247253418
call 9.302107334136963
call 9.29919695854187
call 9.101081132888794
call 9.395114421844482
call 9.502812147140503
c1f2d8_cloud
request 1.2821335792541504
call 8.34601378440857
call 8.390989780426025
call 8.682142972946167
call 8.90876030921936
call 8.886542320251465
call 9.016773462295532
call 9.094751596450806
call 9.387243509292603
call 9.491589307785034
call 9.126965045928955
call 9.195058107376099
call 9.10966181755066
call 9.59620475769043
call 9.29293942451477
call 9.296859741210938
call 9.203192949295044
call 9.3878493309021
call 9.112574100494385
call 9.20047378540039
call 9.095341682434082
call 9.204281568527222
call 9.192206859588623
call 9.390709638595581
call 9.298025369644165
call 9.316025733947754
call 9.212973833084106
call 9.57782769203186
call 9.188602924346924
call 9.118515253067017
call 9.186321496963501
call 9.121217012405396
call 8.979731321334839
call 9.218573808670044
call 9.194227695465088
call 9.280184984207153
call 9.463390111923218
call 9.151678323745728
call 9.183135986328125
call 9.027711391448975
call 9.064472436904907
call 8.893293380737305
call 8.913425207138062
call 9.109895706176758
call 8.79267406463623
call 9.408786296844482
call 9.93295955657959
call 13.36271047592163
call 8.709205627441406
call 6.305251121520996
call 6.400925397872925
request 1.3329825401306152
call 7.1852195262908936
call 6.292325973510742
call 8.80657410621643
call 9.685733795166016
call 10.027259588241577
call 9.770195960998535
call 9.404759645462036
call 8.909169673919678
call 9.29021143913269
call 8.885623693466187
call 9.202353715896606
call 9.424883842468262
call 9.4238760471344
call 9.36006236076355
call 9.10535717010498
call 9.10661268234253
call 9.491811990737915
call 9.172971963882446
call 9.125264883041382
call 9.309837579727173
call 9.067528486251831
call 9.209252834320068
call 9.107401847839355
call 9.214849948883057
call 9.489787340164185
call 9.30851149559021
call 9.177751541137695
call 9.015671014785767
call 9.402198791503906
call 9.416568756103516
call 9.184248447418213
call 9.300199508666992
call 9.09950041770935
call 9.363478660583496
call 9.031143188476562
call 9.36734390258789
call 9.329124927520752
call 9.202444553375244
call 9.297941446304321
call 9.297287940979004
call 9.314079761505127
call 8.99238920211792
call 9.090590953826904
call 8.993897438049316
call 9.596224546432495
call 9.090204954147339
call 9.111651182174683
call 8.799441814422607
call 8.508341312408447
call 8.820546865463257
request 1.4842188358306885
call 7.188788414001465
call 6.828434467315674
call 8.49151062965393
call 8.60009217262268
call 8.713637351989746
call 9.171682834625244
call 9.30993938446045
call 9.496552467346191
call 9.610315561294556
call 9.287360429763794
call 9.195051431655884
call 9.008487224578857
call 9.18825101852417
call 9.074126958847046
call 9.529544591903687
call 9.2791428565979
call 8.914555788040161
call 9.490317344665527
call 9.030781507492065
call 9.283745527267456
call 9.204884052276611
call 9.395718097686768
call 9.299755811691284
call 9.285598516464233
call 8.697550773620605
call 9.12014126777649
call 9.269886016845703
call 9.115100622177124
call 9.195544719696045
call 9.105439186096191
call 9.088149070739746
call 9.120598316192627
call 9.462500095367432
call 9.124425888061523
call 9.207256078720093
call 9.185977697372437
call 9.290153503417969
call 9.143800497055054
call 9.18352460861206
call 9.186824560165405
call 9.20419716835022
call 9.418618440628052
call 9.496153116226196
call 9.479356527328491
call 9.286257982254028
call 9.815418243408203
call 9.314483404159546
call 9.100658416748047
call 8.49862003326416
call 9.261020421981812
request 1.3006603717803955
call 7.315802097320557
call 7.568751335144043
call 9.522550821304321
call 9.795367956161499
call 9.605288982391357
call 9.382274150848389
call 9.207587957382202
call 8.996881008148193
call 8.805655241012573
call 9.084019899368286
call 9.009443759918213
call 9.292218208312988
call 9.589998722076416
call 9.19632863998413
call 9.029836177825928
call 9.382253408432007
call 9.31989860534668
call 8.98449420928955
call 9.32389521598816
call 9.195468425750732
call 9.091873168945312
call 9.184276819229126
call 9.01186466217041
call 9.303039073944092
call 9.69537353515625
call 8.806493043899536
call 9.694692134857178
call 9.210342645645142
call 9.180108785629272
call 8.899722337722778
call 8.798529148101807
call 8.703028678894043
call 9.297423124313354
call 9.42373251914978
call 9.46924090385437
call 9.891621589660645
call 9.330132484436035
call 9.289326429367065
call 9.294955968856812
call 9.200429439544678
call 8.991063833236694
call 9.02172327041626
call 9.092448472976685
call 9.499457597732544
call 9.420831441879272
call 9.155794143676758
call 9.036910057067871
call 7.364302635192871
call 7.128451347351074
call 6.502691030502319
request 1.3480069637298584
call 7.554269552230835
call 7.496440172195435
call 7.390593767166138
call 8.610445499420166
call 9.52228832244873
call 9.293599367141724
call 9.185268878936768
call 9.187949419021606
call 9.044873237609863
call 9.062513589859009
call 8.504534006118774
call 9.402921915054321
call 9.51441740989685
call 9.278944969177246
call 9.133888483047485
call 9.42603349685669
call 9.357016563415527
call 8.695087432861328
call 9.476203203201294
call 9.42270278930664
call 8.991419076919556
call 9.398367643356323
call 9.29942774772644
call 9.208104372024536
call 9.502876281738281
call 9.399160146713257
call 9.091669797897339
call 9.00327444076538
call 9.089669704437256
call 8.61686635017395
call 8.907487630844116
call 9.766618251800537
call 9.714149475097656
call 9.302170038223267
call 9.40153169631958
call 9.184511423110962
call 9.318161249160767
call 8.983923196792603
call 9.131231546401978
call 9.170476198196411
call 9.313133001327515
call 9.272043943405151
call 9.32439398765564
call 8.879903554916382
call 8.894037008285522
call 9.435262680053711
call 9.388624429702759
call 8.79963207244873
call 6.922084093093872
call 6.985523223876953
request 1.4678220748901367
call 7.336752414703369
call 6.372527122497559
call 6.27099609375
call 6.660108804702759
call 6.802908897399902
call 9.085598945617676
call 8.916519403457642
call 9.099276304244995
call 9.185367822647095
call 9.305253267288208
call 9.612692832946777
call 9.713468074798584
call 9.454349756240845
call 9.427441120147705
call 8.993605136871338
call 8.620342016220093
call 9.378722190856934
call 9.395219564437866
call 9.379105806350708
call 8.819751977920532
call 9.59992504119873
call 8.807296991348267
call 9.392627716064453
call 9.506328582763672
call 9.39592456817627
call 9.18852162361145
call 8.914500713348389
call 8.79868483543396
call 9.78091549873352
call 8.900514841079712
call 9.625657796859741
call 9.388762950897217
call 9.3794846534729
call 9.425861358642578
call 9.294814825057983
call 8.883935451507568
call 8.912272214889526
call 9.09846568107605
call 8.798549890518188
call 9.391011476516724
call 9.395092487335205
call 9.104003190994263
call 9.50771713256836
call 9.406466484069824
call 9.201966524124146
call 9.202415704727173
call 8.885099172592163
call 9.382884740829468
call 9.210681200027466
call 9.411725759506226
request 2.101820230484009
call 9.399045705795288
call 8.991665840148926
call 9.097475290298462
call 9.020994663238525
call 8.98914909362793
call 8.958240270614624
call 9.122888326644897
call 9.3117036819458
call 9.58802843093872
call 9.21529221534729
call 9.28582501411438
call 9.012886047363281
call 9.285843133926392
call 9.01036810874939
call 9.184899091720581
call 9.41234540939331
call 9.277729272842407
call 9.103410959243774
call 9.238369464874268
call 9.091149806976318
call 9.18037748336792
call 9.311121225357056
call 9.267161846160889
call 8.926543712615967
call 9.397073984146118
call 9.01841139793396
call 9.30599069595337
call 9.743395328521729
call 9.506163358688354
call 9.121116876602173
call 9.6733717918396
call 8.825783967971802
call 8.99506402015686
call 9.31332278251648
call 8.984189510345459
call 8.913954496383667
call 9.19637131690979
call 9.109735488891602
call 9.186402797698975
call 9.196813344955444
call 9.196017980575562
call 9.905356168746948
call 9.302706241607666
call 8.993618488311768
call 9.09987998008728
call 8.326600074768066
call 7.072242975234985
call 7.099758625030518
call 6.406207799911499
call 6.608086347579956
request 1.5357935428619385
call 11.375792741775513
call 9.185634136199951
call 9.009438276290894
call 8.999559879302979
call 8.99028754234314
call 9.022254228591919
call 9.173995733261108
call 9.094655275344849
call 9.304518461227417
call 9.201687097549438
call 9.293503761291504
call 8.711604356765747
call 9.17453932762146
call 9.246697664260864
call 9.367770671844482
call 9.08985424041748
call 9.307809829711914
call 9.20856785774231
call 9.193339824676514
call 9.29043436050415
call 9.109469890594482
call 9.304581880569458
call 9.29574179649353
call 9.409099578857422
call 9.192618608474731
call 9.100991010665894
call 9.383429050445557
call 9.48844313621521
call 9.30837631225586
call 9.128391981124878
call 9.285049438476562
call 9.471824645996094
call 9.124957084655762
call 9.130818128585815
call 9.273561000823975
call 9.29390835762024
call 9.389314413070679
call 9.219802379608154
call 9.405579566955566
call 8.994441032409668
call 9.189415454864502
call 9.007404804229736
call 9.290777683258057
call 8.799012899398804
call 9.007726192474365
call 8.605807065963745
call 9.101409912109375
call 9.977699995040894
call 6.3126490116119385
call 6.511572360992432
c1f2d2_edge
request 1.5078401565551758
call 6.791774034500122
call 6.00433611869812
call 6.015106201171875
call 6.078068017959595
call 6.023400545120239
call 6.077524900436401
call 6.085092544555664
call 6.017271280288696
call 5.996103286743164
call 6.017062664031982
call 5.98857045173645
call 6.002163887023926
call 6.012913942337036
call 6.004528522491455
call 6.075744152069092
call 6.013432502746582
call 5.9982545375823975
call 5.793699026107788
call 5.995622396469116
call 6.02686882019043
call 5.978420734405518
call 6.0025060176849365
call 6.093839883804321
call 5.998044967651367
call 6.19482946395874
call 6.002748250961304
call 6.0097410678863525
call 6.320928335189819
call 6.053215980529785
call 6.036824464797974
call 6.086902618408203
call 6.0963969230651855
call 6.263796806335449
call 5.8359150886535645
call 5.807754993438721
call 5.877197504043579
call 5.89837908744812
call 5.913879156112671
call 5.894531726837158
call 5.82330322265625
call 5.872511386871338
call 5.8128674030303955
call 5.875807523727417
call 5.816091060638428
call 5.786696910858154
call 5.800344705581665
call 5.80273175239563
call 6.007972955703735
call 6.091309309005737
call 5.997186660766602
request 1.5329294204711914
call 6.757048606872559
call 6.023033618927002
call 5.992652177810669
call 6.002590656280518
call 5.973400831222534
call 6.035285949707031
call 6.003255605697632
call 5.9809794425964355
call 6.010190010070801
call 5.993224620819092
call 6.00185751914978
call 6.002012014389038
call 6.0790932178497314
call 6.009366989135742
call 5.996150732040405
call 5.90287446975708
call 6.097465991973877
call 6.003880977630615
call 6.121435642242432
call 6.069749593734741
call 6.000089883804321
call 6.0176708698272705
call 6.001645088195801
call 6.09911584854126
call 5.995070457458496
call 5.998725175857544
call 6.09698748588562
call 6.003406047821045
call 5.992541551589966
call 6.006977081298828
call 6.067922115325928
call 6.01847243309021
call 5.997190952301025
call 5.922483205795288
call 5.897345066070557
call 5.782729387283325
call 5.806992769241333
call 5.890087366104126
call 5.841031074523926
call 5.954970359802246
call 5.80165958404541
call 5.813006162643433
call 5.814488410949707
call 5.7800493240356445
call 5.805534601211548
call 5.807336091995239
call 5.813652276992798
call 5.765496730804443
call 5.786362171173096
call 5.727608919143677
c1f2d2_cloud
request 1.2703709602355957
call 7.248191595077515
call 6.378911256790161
call 6.492358207702637
call 6.308287143707275
call 6.388996124267578
call 6.310066223144531
call 6.311474084854126
call 6.363603830337524
call 6.328551530838013
call 6.383969306945801
call 6.313422441482544
call 6.292637825012207
call 6.292821407318115
call 6.301763296127319
call 6.2991273403167725
call 6.3055503368377686
call 6.3000922203063965
call 6.370855331420898
call 6.404659748077393
call 6.3210365772247314
call 6.307687044143677
call 6.316456317901611
call 6.373806715011597
call 6.297128677368164
call 6.301880598068237
call 6.296520471572876
call 6.3924400806427
call 6.675159454345703
call 6.316773891448975
call 6.316031455993652
call 6.312629461288452
call 6.381460189819336
call 6.390625476837158
call 6.322185039520264
call 6.2962682247161865
call 6.38539981842041
call 6.414242267608643
call 6.279314041137695
call 6.399024963378906
call 6.317640781402588
call 6.292175531387329
call 6.304843187332153
call 6.313015699386597
call 6.297581434249878
call 6.289711236953735
call 6.29737401008606
call 6.301738262176514
call 6.36704421043396
call 6.324365854263306
call 6.503542423248291
request 1.3421659469604492
call 7.272653341293335
call 6.411515474319458
call 6.575124740600586
call 6.42281699180603
call 6.666430234909058
call 6.438777446746826
call 6.387621879577637
call 6.385706424713135
call 6.38199782371521
call 6.332104206085205
call 6.378781318664551
call 6.41092848777771
call 6.3216962814331055
call 6.272205352783203
call 6.304821968078613
call 6.299220323562622
call 6.315665006637573
call 6.383382558822632
call 6.378911972045898
call 6.338094711303711
call 6.286414623260498
call 6.307324171066284
call 6.2970216274261475
call 6.3878748416900635
call 6.365666627883911
call 6.337089538574219
call 6.410551309585571
call 6.359483957290649
call 6.496792316436768
call 6.325565338134766
call 6.307520866394043
call 6.395719051361084
call 6.368127822875977
call 6.340854644775391
call 6.398283004760742
call 6.304794788360596
call 6.392659664154053
call 6.301426649093628
call 6.288031339645386
call 6.38482403755188
call 6.32109260559082
call 6.295877695083618
call 6.312274217605591
call 6.297566890716553
call 6.30112886428833
call 6.297723054885864
call 6.294218301773071
call 6.295709133148193
call 6.296015739440918
call 6.398559093475342
c1f2d4_edge
request 1.5824697017669678
call 6.689273834228516
call 5.861940383911133
call 5.8440093994140625
call 5.89122462272644
call 5.8817138671875
call 5.81030011177063
call 5.9084508419036865
call 5.858443737030029
call 5.814640522003174
call 5.8189427852630615
call 5.809356927871704
call 5.798930883407593
call 5.7932915687561035
call 5.805164575576782
call 5.7806055545806885
call 5.809095621109009
call 5.821850776672363
call 5.788442611694336
call 5.77976393699646
call 5.840019702911377
call 5.770954847335815
call 5.795785903930664
call 5.8104331493377686
call 5.799668788909912
call 5.809781551361084
call 5.795455455780029
call 5.7994866371154785
call 5.797562122344971
call 5.801520824432373
call 5.803638696670532
call 5.887854814529419
call 5.881565570831299
call 5.804366827011108
call 5.907545566558838
call 5.896151781082153
call 5.830727815628052
call 5.867637395858765
call 5.898586988449097
call 5.797978162765503
call 5.711657524108887
call 5.786780118942261
call 5.795148134231567
call 5.800756216049194
call 5.803484201431274
call 5.870214462280273
call 5.745309114456177
call 5.879087209701538
call 5.790924549102783
call 6.001748085021973
call 6.046287775039673
request 1.5029098987579346
call 6.698650360107422
call 6.01034688949585
call 5.891712665557861
call 5.808104991912842
call 5.8177924156188965
call 5.775540351867676
call 5.796135187149048
call 5.70114541053772
call 5.709545612335205
call 5.777807950973511
call 5.811462879180908
call 5.801997423171997
call 5.7983009815216064
call 5.782921075820923
call 5.730991363525391
call 5.790792465209961
call 5.80455470085144
call 5.807601690292358
call 5.779648065567017
call 5.798826217651367
call 5.813713788986206
call 5.8010759353637695
call 5.789842128753662
call 5.784451484680176
call 6.124943971633911
call 5.8771116733551025
call 5.809631586074829
call 5.87817120552063
call 5.889967679977417
call 5.9337852001190186
call 5.97863245010376
call 5.935079097747803
call 5.974601745605469
call 5.916228771209717
call 5.965699672698975
call 5.941059827804565
call 5.99033784866333
call 5.994653940200806
call 6.011945962905884
call 5.967319011688232
call 5.926306247711182
call 5.895414590835571
call 5.983232259750366
call 5.902947425842285
call 5.990992546081543
call 5.922384262084961
call 5.898076295852661
call 5.864735841751099
call 5.917505979537964
call 5.897854328155518
request 1.5351111888885498
call 6.87796950340271
call 5.7931249141693115
call 5.8840203285217285
call 5.906063795089722
call 5.794086694717407
call 5.820570945739746
call 5.790546894073486
call 5.7110371589660645
call 5.795509338378906
call 5.810747146606445
call 5.866427421569824
call 5.82043194770813
call 5.880154848098755
call 5.817527532577515
call 5.797773838043213
call 5.796925067901611
call 5.795462608337402
call 5.8107922077178955
call 5.7933502197265625
call 5.785091400146484
call 5.780282020568848
call 5.84178352355957
call 5.790580987930298
call 5.821139097213745
call 5.785948753356934
call 5.8733766078948975
call 5.814893484115601
call 5.803071737289429
call 5.7916178703308105
call 5.807837009429932
call 5.8045594692230225
call 5.79553747177124
call 5.798751592636108
call 5.798485279083252
call 5.809252977371216
call 5.882626056671143
call 5.906492233276367
call 5.8910298347473145
call 5.81859827041626
call 5.867037534713745
call 5.89917778968811
call 5.730255603790283
call 5.7811243534088135
call 5.9050843715667725
call 5.803151607513428
call 5.806530237197876
call 5.780044078826904
call 5.804524898529053
call 5.810506105422974
call 5.800166368484497
request 1.5064513683319092
call 6.592726469039917
call 5.816664218902588
call 5.887126684188843
call 5.80160665512085
call 5.8026158809661865
call 5.784844160079956
call 5.7952964305877686
call 5.713977813720703
call 5.818652629852295
call 5.780977249145508
call 5.786263465881348
call 5.713230848312378
call 5.814410209655762
call 5.78197455406189
call 5.798825740814209
call 5.707661151885986
call 5.791990041732788
call 5.806258678436279
call 5.876295328140259
call 5.80126690864563
call 5.713568925857544
call 5.8023622035980225
call 5.870603084564209
call 5.83817195892334
call 5.814301013946533
call 5.789913177490234
call 5.807095289230347
call 5.8952109813690186
call 5.912715911865234
call 5.977353096008301
call 5.950592517852783
call 5.949693441390991
call 6.0150933265686035
call 5.8879077434539795
call 5.993537664413452
call 5.996269464492798
call 6.007364749908447
call 5.888930320739746
call 5.994405508041382
call 5.983453273773193
call 5.915346622467041
call 6.005745887756348
call 5.994785308837891
call 5.907807350158691
call 5.980340957641602
call 5.908318042755127
call 5.915469646453857
call 5.980973720550537
call 6.026106357574463
call 6.088558912277222
c1f2d4_cloud
request 1.3119268417358398
call 7.26971435546875
call 6.521982908248901
call 6.44301176071167
call 6.413836479187012
call 6.419852256774902
call 6.490607261657715
call 6.507620573043823
call 6.490589618682861
call 6.49506688117981
call 6.490954399108887
call 6.508317708969116
call 6.5135815143585205
call 6.485464811325073
call 6.50397515296936
call 6.514659881591797
call 6.592844247817993
call 6.567808151245117
call 6.525699138641357
call 6.574419260025024
call 6.5286781787872314
call 6.582453012466431
call 6.511818170547485
call 6.496025085449219
call 6.689340829849243
call 6.602198839187622
call 6.501489639282227
call 6.494509696960449
call 6.419463634490967
call 6.486709833145142
call 6.498765468597412
call 6.4996161460876465
call 6.594846725463867
call 6.5985941886901855
call 6.412246465682983
call 6.405140399932861
call 6.422257423400879
call 6.37160325050354
call 6.3139567375183105
call 6.487102508544922
call 6.523613452911377
call 6.389609336853027
call 6.3794684410095215
call 6.383912801742554
call 6.320317506790161
call 6.305869817733765
call 6.288491487503052
call 6.317986011505127
call 6.282147169113159
call 6.327725172042847
call 6.275062322616577
request 1.4325695037841797
call 7.239278078079224
call 6.409787654876709
call 6.389408111572266
call 6.401932716369629
call 6.391960382461548
call 6.405783414840698
call 6.416039228439331
call 6.388563632965088
call 6.395197629928589
call 6.385298728942871
call 6.39722204208374
call 6.314018487930298
call 6.302342891693115
call 6.388549566268921
call 6.372472524642944
call 6.338587999343872
call 6.389023542404175
call 6.310978412628174
call 6.375435829162598
call 6.3138439655303955
call 6.314596652984619
call 6.289696216583252
call 6.401063680648804
call 6.373372316360474
call 6.302446126937866
call 6.30916953086853
call 6.320923328399658
call 6.289506435394287
call 6.316382884979248
call 6.36710262298584
call 6.310094118118286
call 6.296485424041748
call 6.320855140686035
call 6.2857184410095215
call 6.307758331298828
call 6.298964262008667
call 6.297150611877441
call 6.786793947219849
call 6.295943737030029
call 6.303224802017212
call 6.2987565994262695
call 6.277288198471069
call 6.32344126701355
call 6.2147650718688965
call 6.286979675292969
call 6.306382179260254
call 6.281020879745483
call 6.307911396026611
call 6.235037803649902
call 6.350844383239746
request 1.3825485706329346
call 7.3860063552856445
call 6.588680982589722
call 6.5929975509643555
call 6.500123500823975
call 6.493863105773926
call 6.513150453567505
call 6.7810938358306885
call 6.520782947540283
call 6.48889684677124
call 6.412938356399536
call 6.578458070755005
call 6.525228500366211
call 6.496915340423584
call 6.5034003257751465
call 6.577148199081421
call 6.5155029296875
call 6.587960481643677
call 6.502044200897217
call 6.612100124359131
call 6.581552982330322
call 6.720927953720093
call 6.567526817321777
call 6.517130613327026
call 6.51560640335083
call 6.489782333374023
call 6.4773266315460205
call 6.402803182601929
call 6.427654504776001
call 6.4681596755981445
call 6.322403907775879
call 6.312844276428223
call 6.391782999038696
call 6.379502296447754
call 6.310583829879761
call 6.305876731872559
call 6.300119161605835
call 6.288398027420044
call 6.3141562938690186
call 6.290241956710815
call 6.300386905670166
call 6.781643867492676
call 6.312712907791138
call 6.309779405593872
call 6.294885873794556
call 6.293574094772339
call 6.292484283447266
call 6.303866863250732
call 6.296007871627808
call 6.300131559371948
call 6.3217926025390625
request 1.343346118927002
call 7.152277708053589
call 6.583135366439819
call 6.507952451705933
call 6.491513729095459
call 6.53240180015564
call 6.456037759780884
call 6.409714937210083
call 6.400231599807739
call 6.42807412147522
call 6.3684375286102295
call 6.40408992767334
call 6.385077953338623
call 6.402663469314575
call 6.403698444366455
call 6.4144721031188965
call 6.380596399307251
call 6.311091423034668
call 6.385477304458618
call 6.384296178817749
call 6.32831883430481
call 6.3827197551727295
call 6.316561937332153
call 6.381883144378662
call 6.38904595375061
call 6.31671929359436
call 6.285619497299194
call 6.318928480148315
call 6.300472259521484
call 6.375337362289429
call 6.304730653762817
call 6.315873384475708
call 6.298507452011108
call 6.301204204559326
call 6.30097508430481
call 6.306662321090698
call 6.304361581802368
call 6.294154405593872
call 6.789117097854614
call 6.297602653503418
call 6.2998082637786865
call 6.3064210414886475
call 6.278372764587402
call 6.21661376953125
call 6.281284332275391
call 6.316056728363037
call 6.31252908706665
call 6.285762071609497
call 6.287595510482788
call 6.312078952789307
call 6.2993528842926025
c1f2d6_cloud
request 1.3865137100219727
call 7.22025728225708
call 6.587958335876465
call 6.51969051361084
call 6.893701076507568
call 7.2093727588653564
call 6.893845319747925
call 7.008944272994995
call 7.1291663646698
call 6.97249698638916
call 6.878181219100952
call 6.737903356552124
call 7.183520793914795
call 7.505939722061157
call 7.479068756103516
call 7.3849194049835205
call 7.410908460617065
call 8.010593175888062
call 7.991061687469482
call 7.599882364273071
call 7.89054799079895
call 7.500646352767944
call 7.184201955795288
call 7.332229852676392
call 7.1870949268341064
call 7.007313013076782
call 6.71161413192749
call 6.887232542037964
call 6.988888740539551
call 7.092191219329834
call 7.013364553451538
call 6.989530086517334
call 6.716373443603516
call 6.998866319656372
call 7.194629192352295
call 7.683817625045776
call 7.528820753097534
call 7.680946588516235
call 7.988854169845581
call 8.015509128570557
call 7.6007232666015625
call 7.101590156555176
call 6.897945404052734
call 6.80413031578064
call 6.8098320960998535
call 6.856418132781982
call 6.729427337646484
call 6.908086776733398
call 6.903773546218872
call 6.680492162704468
call 7.185580015182495
request 1.6205558776855469
call 7.277875185012817
call 6.393101692199707
call 6.412611246109009
call 6.582333087921143
call 6.807106971740723
call 6.401201486587524
call 7.277892589569092
call 6.666665554046631
call 6.94657301902771
call 7.194183588027954
call 7.088266611099243
call 7.095950603485107
call 6.9250547885894775
call 7.1617631912231445
call 6.945707321166992
call 6.568858861923218
call 7.009344577789307
call 7.403216600418091
call 7.5035247802734375
call 7.5750367641448975
call 7.907998323440552
call 7.615569591522217
call 7.198206663131714
call 6.99864935874939
call 6.894921541213989
call 7.307661771774292
call 7.301685094833374
call 6.99369740486145
call 7.084479093551636
call 7.076459884643555
call 6.862265348434448
call 6.987047433853149
call 6.880312204360962
call 7.076019048690796
call 7.254859209060669
call 7.36442756652832
call 7.696406602859497
call 7.203524351119995
call 7.696469783782959
call 7.614258289337158
call 8.009780406951904
call 7.8903772830963135
call 7.989419937133789
call 7.2138237953186035
call 6.9152233600616455
call 6.979306697845459
call 6.295516729354858
call 6.391083240509033
call 6.3138954639434814
call 6.281097412109375
request 1.6739954948425293
call 19.931825637817383
call 7.3598363399505615
call 7.8690032958984375
call 7.335310697555542
call 7.108530759811401
call 7.181499481201172
call 7.198003768920898
call 6.98432731628418
call 6.830047845840454
call 6.691651105880737
call 7.00928258895874
call 6.87767219543457
call 7.085311651229858
call 7.017991065979004
call 7.008428335189819
call 7.318497896194458
call 7.390615463256836
call 7.282029628753662
call 7.91408896446228
call 7.791431903839111
call 7.4159722328186035
call 7.588489770889282
call 7.161383628845215
call 7.043058633804321
call 7.10992169380188
call 6.876470327377319
call 6.889265537261963
call 7.2170398235321045
call 7.3795623779296875
call 7.425910711288452
call 7.093335151672363
call 7.198792219161987
call 7.0064308643341064
call 7.079465866088867
call 6.824926376342773
call 7.191522598266602
call 7.378180742263794
call 7.687171459197998
call 7.832989454269409
call 8.00389552116394
call 7.274261713027954
call 6.395211219787598
call 6.4238505363464355
call 6.594997406005859
call 6.569986581802368
call 6.535283803939819
call 6.583872079849243
call 6.616148233413696
call 6.496159553527832
call 6.487983226776123
request 1.416888952255249
call 7.316533088684082
call 6.536598205566406
call 6.591454982757568
call 6.51809287071228
call 6.758073091506958
call 7.118677377700806
call 7.104621887207031
call 7.596260070800781
call 7.515470266342163
call 8.210240364074707
call 7.799503803253174
call 7.2881975173950195
call 7.10493803024292
call 7.084426164627075
call 6.893517971038818
call 7.009185314178467
call 7.295774221420288
call 7.594486474990845
call 7.29388952255249
call 7.2174599170684814
call 7.398058891296387
call 7.085830926895142
call 7.205653667449951
call 7.084097623825073
call 6.997881174087524
call 7.092294216156006
call 7.2111592292785645
call 7.4115824699401855
call 7.288145065307617
call 7.511066913604736
call 7.807695150375366
call 7.67486047744751
call 8.031064987182617
call 7.371383190155029
call 7.221062421798706
call 7.084021329879761
call 6.706451416015625
call 7.164839029312134
call 6.839263916015625
call 7.089633941650391
call 7.0853493213653564
call 7.028529405593872
call 6.900813102722168
call 6.762460708618164
call 6.933162689208984
call 7.205070495605469
call 7.591115951538086
call 7.878845691680908
call 7.012627363204956
call 6.370128393173218
request 1.316526174545288
call 7.889336109161377
call 6.9978015422821045
call 7.68428373336792
call 7.289808988571167
call 7.337756395339966
call 7.083472490310669
call 6.920547008514404
call 6.893292427062988
call 7.087852478027344
call 7.141848564147949
call 6.955597400665283
call 6.902190446853638
call 6.796788454055786
call 6.907361268997192
call 7.292070388793945
call 7.4043943881988525
call 7.802565336227417
call 7.7176783084869385
call 7.380707740783691
call 7.503241062164307
call 7.502562046051025
call 7.800872802734375
call 7.9796905517578125
call 7.503082275390625
call 7.30126166343689
call 7.092740774154663
call 6.891315460205078
call 6.816411972045898
call 7.110497951507568
call 7.27690863609314
call 7.1921751499176025
call 7.130637884140015
call 7.081977128982544
call 7.006433963775635
call 7.091176271438599
call 7.299884796142578
call 7.695939064025879
call 7.205733776092529
call 7.101072788238525
call 7.198364973068237
call 7.389132738113403
call 7.61959171295166
call 7.348418474197388
call 6.9549477100372314
call 6.870455980300903
call 6.9143617153167725
call 6.391648769378662
call 6.307204484939575
call 6.303185939788818
call 6.4884538650512695
request 1.5541229248046875
call 7.477676630020142
call 6.488267660140991
call 6.499937295913696
call 6.486727237701416
call 6.464662075042725
call 6.518932819366455
call 6.525232315063477
call 6.692518711090088
call 6.399245977401733
call 6.400430202484131
call 6.87215781211853
call 6.8061535358428955
call 7.107392311096191
call 7.29426121711731
call 7.122997522354126
call 7.093555688858032
call 7.304506301879883
call 7.412495374679565
call 7.459958076477051
call 7.847724437713623
call 7.570719480514526
call 7.183366537094116
call 7.134994745254517
call 6.965083360671997
call 6.8207173347473145
call 6.879376173019409
call 6.71278715133667
call 6.796062707901001
call 7.093870639801025
call 7.307773590087891
call 7.386973142623901
call 7.399493932723999
call 7.41022253036499
call 7.1081671714782715
call 7.205546855926514
call 7.687248468399048
call 7.7983925342559814
call 7.598304986953735
call 7.587558031082153
call 7.724307060241699
call 7.28916597366333
call 7.392902851104736
call 7.11578106880188
call 6.998232364654541
call 7.105719566345215
call 7.187419652938843
call 7.003396987915039
call 6.90283203125
call 6.8746538162231445
call 6.9081785678863525
