c1f2d6_edge
request 2.109332323074341
call 0.13503527641296387
call 0.06674671173095703
call 0.06870079040527344
call 0.07367825508117676
call 0.06598758697509766
call 0.06734752655029297
call 0.06345438957214355
call 0.06458902359008789
call 0.06705522537231445
call 0.06386446952819824
call 0.07311844825744629
call 0.06669425964355469
call 0.06457948684692383
call 0.0638585090637207
call 0.06454086303710938
call 0.06598758697509766
call 0.06556510925292969
call 0.0645301342010498
call 0.06787347793579102
call 0.07716703414916992
call 0.1385796070098877
call 0.06538844108581543
call 0.06334495544433594
call 0.06767153739929199
call 0.06607651710510254
call 0.0632779598236084
call 0.06594467163085938
call 0.06934237480163574
call 0.26658058166503906
call 0.07114458084106445
call 0.06879925727844238
call 0.07023096084594727
call 0.0739297866821289
call 0.0660862922668457
call 0.06970834732055664
call 0.06931781768798828
call 0.06435656547546387
call 0.0655817985534668
call 0.06800222396850586
call 0.07086062431335449
call 0.06928610801696777
call 0.06322121620178223
call 0.06630373001098633
call 0.06650710105895996
call 0.06733083724975586
call 0.06437087059020996
call 0.06281352043151855
call 0.0685586929321289
call 0.06813836097717285
call 0.06880545616149902
request 1.5108642578125
call 0.12756633758544922
call 0.0660250186920166
call 0.0658409595489502
call 0.06610393524169922
call 0.06801056861877441
call 0.061983346939086914
call 0.06448650360107422
call 0.06273937225341797
call 0.06286358833312988
call 0.0631558895111084
call 0.3498680591583252
call 0.06905984878540039
call 0.06946969032287598
call 0.06531906127929688
call 0.07170319557189941
call 0.08044171333312988
call 0.07246661186218262
call 0.06917405128479004
call 0.06769323348999023
call 0.07336068153381348
call 0.08020615577697754
call 0.0690162181854248
call 0.06951427459716797
call 0.06435585021972656
call 0.06847119331359863
call 0.06992006301879883
call 0.06398439407348633
call 0.07196879386901855
call 0.06917881965637207
call 0.07101893424987793
call 0.06925559043884277
call 0.06690335273742676
call 0.07120561599731445
call 0.07386565208435059
call 0.07043075561523438
call 0.06687235832214355
call 0.07199954986572266
call 0.0706639289855957
call 0.5337789058685303
call 0.06914854049682617
call 0.06827616691589355
call 0.06726741790771484
call 0.06627154350280762
call 0.06725454330444336
call 0.06489276885986328
call 0.07016825675964355
call 0.06261968612670898
call 0.06596732139587402
call 0.07134222984313965
call 0.06738591194152832
request 1.520460844039917
call 0.12468957901000977
call 0.06888008117675781
call 0.06487202644348145
call 0.06593441963195801
call 0.07032918930053711
call 0.0654759407043457
call 0.0689535140991211
call 0.0822150707244873
call 0.06979107856750488
call 0.0669698715209961
call 0.06482839584350586
call 0.06541872024536133
call 0.07075667381286621
call 0.06522870063781738
call 0.06592106819152832
call 0.06677508354187012
call 0.06676077842712402
call 0.0714116096496582
call 0.06649470329284668
call 0.0637819766998291
call 0.40244603157043457
call 0.07001709938049316
call 0.06928277015686035
call 0.06724357604980469
call 0.0717766284942627
call 0.06604528427124023
call 0.07667231559753418
call 0.0713491439819336
call 0.07094430923461914
call 0.07256793975830078
call 0.07336759567260742
call 0.06737494468688965
call 0.06245064735412598
call 0.06969285011291504
call 0.0823068618774414
call 0.06967639923095703
call 0.0678858757019043
call 0.07371163368225098
call 0.06899476051330566
call 0.07087492942810059
call 0.06734895706176758
call 0.06721138954162598
call 0.07776451110839844
call 0.07225823402404785
call 0.07441902160644531
call 0.06728649139404297
call 0.06646132469177246
call 0.0718684196472168
call 0.505805253982544
call 0.06613540649414062
request 1.5208325386047363
call 0.13108229637145996
call 0.10511231422424316
call 0.06546521186828613
call 0.06565999984741211
call 0.06438040733337402
call 0.06755328178405762
call 0.06442666053771973
call 0.058084964752197266
call 0.057886600494384766
call 0.056497812271118164
call 0.05684852600097656
call 0.05721735954284668
call 0.0581362247467041
call 0.05708193778991699
call 0.05692243576049805
call 0.056555747985839844
call 0.055413007736206055
call 0.06258940696716309
call 0.057237863540649414
call 0.06538057327270508
call 0.057074546813964844
call 0.05706787109375
call 0.05695605278015137
call 0.061211347579956055
call 0.06137657165527344
call 0.05602765083312988
call 0.056089162826538086
call 0.056900978088378906
call 0.0676114559173584
call 0.05673360824584961
call 0.05587625503540039
call 0.0563199520111084
call 0.05597114562988281
call 0.05668973922729492
call 0.05710005760192871
call 0.05635499954223633
call 0.05515313148498535
call 0.055364370346069336
call 0.0553593635559082
call 0.05704689025878906
call 0.05598044395446777
call 0.05567502975463867
call 0.0555729866027832
call 0.05370593070983887
call 0.05771231651306152
call 0.057225942611694336
call 0.05659008026123047
call 0.056980133056640625
call 0.05732440948486328
call 0.05703282356262207
request 1.6292674541473389
call 0.13359570503234863
call 0.0694875717163086
call 0.05786538124084473
call 0.05644845962524414
call 0.05637526512145996
call 0.06538271903991699
call 0.058487653732299805
call 0.06033754348754883
call 0.05951571464538574
call 0.05637383460998535
call 0.057692527770996094
call 0.057016611099243164
call 0.06607627868652344
call 0.05818581581115723
call 0.05655193328857422
call 0.05739259719848633
call 0.05665755271911621
call 0.05785250663757324
call 0.05754876136779785
call 0.060361385345458984
call 0.05685567855834961
call 0.05651283264160156
call 0.0565640926361084
call 0.0555109977722168
call 0.06489253044128418
call 0.05740213394165039
call 0.062116384506225586
call 0.058165788650512695
call 0.0572352409362793
call 0.06123948097229004
call 0.05738377571105957
call 0.05671954154968262
call 0.057065486907958984
call 0.05702996253967285
call 0.05625796318054199
call 0.057036638259887695
call 0.056204795837402344
call 0.05752444267272949
call 0.0550687313079834
call 0.05610847473144531
call 0.0575563907623291
call 0.05710792541503906
call 0.056284189224243164
call 0.057541608810424805
call 0.05599808692932129
call 0.05718851089477539
call 0.0561518669128418
call 0.0580286979675293
call 0.05669975280761719
call 0.0574946403503418
request 1.6288268566131592
call 0.12411642074584961
call 0.058083534240722656
call 0.058088064193725586
call 0.05727434158325195
call 0.06081533432006836
call 0.05733633041381836
call 0.05625319480895996
call 0.056565284729003906
call 0.058319091796875
call 0.05634164810180664
call 0.05690646171569824
call 0.05747103691101074
call 0.05759167671203613
call 0.05641818046569824
call 0.0568690299987793
call 0.05660271644592285
call 0.05644869804382324
call 0.06019997596740723
call 0.0560457706451416
call 0.05610847473144531
call 0.05738377571105957
call 0.0571591854095459
call 0.05650043487548828
call 0.0560758113861084
call 0.056025028228759766
call 0.05607199668884277
call 0.05753612518310547
call 0.05689716339111328
call 0.05728030204772949
call 0.05576324462890625
call 0.05744743347167969
call 0.05670738220214844
call 0.05749917030334473
call 0.06794857978820801
call 0.056018829345703125
call 0.054808855056762695
call 0.05520772933959961
call 0.056717872619628906
call 0.055325984954833984
call 0.05555891990661621
call 0.05751943588256836
call 0.05597424507141113
call 0.05556130409240723
call 0.057088375091552734
call 0.057927846908569336
call 0.05721020698547363
call 0.05788445472717285
call 0.05569934844970703
call 0.056767940521240234
call 0.0574948787689209
c1f2d8_edge
request 1.5614299774169922
call 0.13062453269958496
call 0.07099533081054688
call 0.06631064414978027
call 0.07281136512756348
call 0.0746452808380127
call 0.06788778305053711
call 0.06801724433898926
call 0.06419706344604492
call 0.06791543960571289
call 0.06433463096618652
call 0.06683945655822754
call 0.06722259521484375
call 0.06983399391174316
call 0.0624847412109375
call 0.06725001335144043
call 0.05711865425109863
call 0.05648231506347656
call 0.05679488182067871
call 0.05741524696350098
call 0.0563349723815918
call 0.05743288993835449
call 0.056404829025268555
call 0.05623817443847656
call 0.05586957931518555
call 0.060927629470825195
call 0.057549476623535156
call 0.06165432929992676
call 0.05581951141357422
call 0.05567526817321777
call 0.0563054084777832
call 0.059259653091430664
call 0.059815406799316406
call 0.05638909339904785
call 0.05521655082702637
call 0.055367469787597656
call 0.05556440353393555
call 0.05447840690612793
call 0.05555129051208496
call 0.05602264404296875
call 0.057172536849975586
call 0.057633161544799805
call 0.05547523498535156
call 0.0555267333984375
call 0.05617666244506836
call 0.0566258430480957
call 0.05647921562194824
call 0.05688214302062988
call 0.056166648864746094
call 0.05775856971740723
call 0.05731034278869629
request 1.6462929248809814
call 0.1322638988494873
call 0.0744318962097168
call 0.06372237205505371
call 0.06690025329589844
call 0.06676578521728516
call 0.06887054443359375
call 0.06673002243041992
call 0.07555651664733887
call 0.06981611251831055
call 0.07405877113342285
call 0.06437945365905762
call 0.06637048721313477
call 0.06753277778625488
call 0.06966924667358398
call 0.35037660598754883
call 0.06520485877990723
call 0.06582856178283691
call 0.07111954689025879
call 0.06737399101257324
call 0.06845927238464355
call 0.06568169593811035
call 0.06613731384277344
call 0.06644320487976074
call 0.0699462890625
call 0.06786799430847168
call 0.0666816234588623
call 0.06745076179504395
call 0.06811928749084473
call 0.06851005554199219
call 0.06738924980163574
call 0.07554483413696289
call 0.07525181770324707
call 0.07442283630371094
call 0.07227277755737305
call 0.0714116096496582
call 0.06870436668395996
call 0.07423877716064453
call 0.06531071662902832
call 0.07619142532348633
call 0.06304550170898438
call 0.06925177574157715
call 0.06826567649841309
call 0.32545924186706543
call 0.06746196746826172
call 0.06580710411071777
call 0.06712770462036133
call 0.06658339500427246
call 0.06383061408996582
call 0.06771254539489746
call 0.06658458709716797
request 1.5393733978271484
call 0.12981963157653809
call 0.07243680953979492
call 0.06333184242248535
call 0.0639030933380127
call 0.0646979808807373
call 0.06331849098205566
call 0.06163620948791504
call 0.06255650520324707
call 0.06597304344177246
call 0.06395387649536133
call 0.06733012199401855
call 0.06326818466186523
call 0.061964988708496094
call 0.06644272804260254
call 0.06302380561828613
call 0.06444025039672852
call 0.0638883113861084
call 0.06284523010253906
call 0.06413912773132324
call 0.06412577629089355
call 0.06176161766052246
call 0.062254905700683594
call 0.06280016899108887
call 0.06588625907897949
call 0.06288862228393555
call 0.06341695785522461
call 0.40186381340026855
call 0.11127829551696777
call 0.06419157981872559
call 0.07834100723266602
call 0.06426644325256348
call 0.0646200180053711
call 0.06241035461425781
call 0.06541752815246582
call 0.0671849250793457
call 0.06504678726196289
call 0.07945489883422852
call 0.06768560409545898
call 0.06538558006286621
call 0.06388330459594727
call 0.06402873992919922
call 0.06369781494140625
call 0.06911754608154297
call 0.0629267692565918
call 0.06724023818969727
call 0.06818294525146484
call 0.1040048599243164
call 0.06733179092407227
call 0.06763243675231934
call 0.06470680236816406
request 1.6671016216278076
call 0.13070225715637207
call 0.06103920936584473
call 0.057088613510131836
call 0.055509328842163086
call 0.05878257751464844
call 0.059990882873535156
call 0.05522799491882324
call 0.05652499198913574
call 0.05834794044494629
call 0.05665278434753418
call 0.05608487129211426
call 0.055937767028808594
call 0.05486798286437988
call 0.05579566955566406
call 0.05612945556640625
call 0.057129859924316406
call 0.05742597579956055
call 0.056807518005371094
call 0.05629324913024902
call 0.056182146072387695
call 0.05546164512634277
call 0.05709266662597656
call 0.05684089660644531
call 0.056601762771606445
call 0.0566713809967041
call 0.05640006065368652
call 0.05743408203125
call 0.05701446533203125
call 0.05715680122375488
call 0.056058645248413086
call 0.05715537071228027
call 0.06171464920043945
call 0.05700516700744629
call 0.05722808837890625
call 0.05661892890930176
call 0.05696702003479004
call 0.05678510665893555
call 0.05753183364868164
call 0.059641361236572266
call 0.06157064437866211
call 0.05538344383239746
call 0.05652141571044922
call 0.055780887603759766
call 0.05696582794189453
call 0.056253910064697266
call 0.05658531188964844
call 0.06133008003234863
call 0.057428836822509766
call 0.05749344825744629
call 0.05655097961425781
request 1.631469964981079
call 0.13351154327392578
call 0.07268381118774414
call 0.07576441764831543
call 0.08153510093688965
call 0.07448410987854004
call 0.06854963302612305
call 0.06672453880310059
call 0.07144784927368164
call 0.06896591186523438
call 0.06910490989685059
call 0.06653189659118652
call 0.06594991683959961
call 0.07054805755615234
call 0.07176589965820312
call 0.07218074798583984
call 0.06503820419311523
call 0.06571745872497559
call 0.08099818229675293
call 0.06374287605285645
call 0.0647890567779541
call 0.07853293418884277
call 0.06693434715270996
call 0.06682467460632324
call 0.06293201446533203
call 0.06355977058410645
call 0.06535577774047852
call 0.06622195243835449
call 0.06835150718688965
call 0.06797361373901367
call 0.06789636611938477
call 0.07133841514587402
call 0.06955552101135254
call 0.06640028953552246
call 0.06612706184387207
call 0.06490421295166016
call 0.06423401832580566
call 0.06693768501281738
call 0.06528496742248535
call 0.06418824195861816
call 0.14985156059265137
call 0.06904911994934082
call 0.06674861907958984
call 0.06399416923522949
call 0.0653076171875
call 0.06613302230834961
call 0.06686949729919434
call 0.0674142837524414
call 0.06565546989440918
call 0.06763124465942383
call 0.06429505348205566
request 1.6582465171813965
call 0.136521577835083
call 0.06858062744140625
call 0.06733345985412598
call 0.06947469711303711
call 0.06951427459716797
call 0.07780694961547852
call 0.0646672248840332
call 0.06476330757141113
call 0.07089447975158691
call 0.06676006317138672
call 0.06690526008605957
call 0.05809426307678223
call 0.05773425102233887
call 0.05700993537902832
call 0.05720782279968262
call 0.05715584754943848
call 0.055963993072509766
call 0.056877851486206055
call 0.06329536437988281
call 0.056581735610961914
call 0.06164121627807617
call 0.05740928649902344
call 0.05745959281921387
call 0.05820894241333008
call 0.056729793548583984
call 0.05719709396362305
call 0.05610966682434082
call 0.055681705474853516
call 0.060334205627441406
call 0.06020855903625488
call 0.056867122650146484
call 0.05583691596984863
call 0.05541706085205078
call 0.054972171783447266
call 0.05586433410644531
call 0.05560612678527832
call 0.054868459701538086
call 0.05652284622192383
call 0.05642390251159668
call 0.0571596622467041
call 0.056841373443603516
call 0.05731534957885742
call 0.05527663230895996
call 0.05533266067504883
call 0.05616354942321777
call 0.05514192581176758
call 0.05440640449523926
call 0.056519508361816406
call 0.06560611724853516
call 0.0571141242980957
request 1.6204228401184082
call 0.14258885383605957
call 0.05797576904296875
call 0.05764412879943848
call 0.057938575744628906
call 0.058008432388305664
call 0.06476426124572754
call 0.05603814125061035
call 0.056938886642456055
call 0.057633161544799805
call 0.05617547035217285
call 0.06076812744140625
call 0.05727219581604004
call 0.05663752555847168
call 0.05664825439453125
call 0.05685091018676758
call 0.05581164360046387
call 0.056268930435180664
call 0.0562288761138916
call 0.06235790252685547
call 0.05434608459472656
call 0.055719852447509766
call 0.05682086944580078
call 0.05620622634887695
call 0.05592656135559082
call 0.05650496482849121
call 0.056299448013305664
call 0.056089162826538086
call 0.05610847473144531
call 0.05665183067321777
call 0.05546903610229492
call 0.05608558654785156
call 0.05637550354003906
call 0.06153106689453125
call 0.05569601058959961
call 0.056072235107421875
call 0.05727696418762207
call 0.05697751045227051
call 0.0566258430480957
call 0.056633710861206055
call 0.05597805976867676
call 0.05637717247009277
call 0.05685687065124512
call 0.0544588565826416
call 0.05588960647583008
call 0.05607914924621582
call 0.057013750076293945
call 0.05787968635559082
call 0.05556774139404297
call 0.05690956115722656
call 0.05540108680725098
request 1.6080615520477295
call 0.12305140495300293
call 0.057718753814697266
call 0.057159423828125
call 0.05729508399963379
call 0.05564093589782715
call 0.05645895004272461
call 0.05727982521057129
call 0.060357093811035156
call 0.059084177017211914
call 0.05664801597595215
call 0.06151843070983887
call 0.05680060386657715
call 0.05595064163208008
call 0.06447911262512207
call 0.05747580528259277
call 0.056827545166015625
call 0.055880069732666016
call 0.05579876899719238
call 0.05575966835021973
call 0.06753420829772949
call 0.055700063705444336
call 0.05593705177307129
call 0.05760002136230469
call 0.05710721015930176
call 0.056539297103881836
call 0.056375980377197266
call 0.0570218563079834
call 0.05717897415161133
call 0.05603814125061035
call 0.0574798583984375
call 0.05608773231506348
call 0.05525684356689453
call 0.05771517753601074
call 0.05697154998779297
call 0.0574491024017334
call 0.05568528175354004
call 0.05674409866333008
call 0.05732917785644531
call 0.05669283866882324
call 0.057340383529663086
call 0.057111263275146484
call 0.057322025299072266
call 0.056264400482177734
call 0.05689859390258789
call 0.056997060775756836
call 0.05717897415161133
call 0.0620577335357666
call 0.056803226470947266
call 0.05713939666748047
call 0.056993722915649414
c1f2d8_cloud
request 1.6998977661132812
call 0.7628636360168457
call 0.47365331649780273
call 0.47013282775878906
call 0.4583628177642822
call 0.4601881504058838
call 0.4630749225616455
call 0.47107386589050293
call 0.4576070308685303
call 0.4653949737548828
call 0.4575953483581543
call 0.4616672992706299
call 0.4584219455718994
call 0.45768117904663086
call 0.4570581912994385
call 0.4572129249572754
call 0.45743584632873535
call 0.4573249816894531
call 0.4606020450592041
call 0.4577796459197998
call 0.46400904655456543
call 0.45765042304992676
call 0.45690321922302246
call 0.45766282081604004
call 0.4569234848022461
call 0.45595288276672363
call 0.4561324119567871
call 0.4563884735107422
call 0.4575045108795166
call 0.45519232749938965
call 0.45621466636657715
call 0.45688819885253906
call 0.4564094543457031
call 0.45713233947753906
call 0.45664405822753906
call 0.4570183753967285
call 0.4557921886444092
call 0.45703625679016113
call 0.45677781105041504
call 0.45633649826049805
call 0.45600247383117676
call 0.45755457878112793
call 0.4569270610809326
call 0.4573037624359131
call 0.45596933364868164
call 0.45856428146362305
call 0.457808256149292
call 0.45649170875549316
call 0.4605991840362549
call 0.45768141746520996
call 0.45856809616088867
request 1.908106803894043
call 0.7678794860839844
call 0.4738729000091553
call 0.47351646423339844
call 0.4616060256958008
call 0.4605989456176758
call 0.4605433940887451
call 0.46089601516723633
call 0.5027601718902588
call 0.4572122097015381
call 0.4581758975982666
call 0.4587669372558594
call 0.46585869789123535
call 0.4587383270263672
call 0.4658832550048828
call 0.4591555595397949
call 0.4585387706756592
call 0.47759580612182617
call 0.46744489669799805
call 0.45816969871520996
call 0.4581410884857178
call 0.4569544792175293
call 0.46208691596984863
call 0.45836377143859863
call 0.4582045078277588
call 0.4681413173675537
call 0.4579589366912842
call 0.45664119720458984
call 0.4566335678100586
call 0.45758867263793945
call 0.45753955841064453
call 0.45774030685424805
call 0.45804286003112793
call 0.46160197257995605
call 0.45746922492980957
call 0.4581778049468994
call 0.45681095123291016
call 0.4565467834472656
call 0.45723867416381836
call 0.4572300910949707
call 0.4572939872741699
call 0.45712947845458984
call 0.45618486404418945
call 0.462796688079834
call 0.4570629596710205
call 0.45755767822265625
call 0.4559762477874756
call 0.4570004940032959
call 0.46114516258239746
call 0.4571805000305176
call 0.4569079875946045
request 1.60699462890625
call 0.5300354957580566
call 0.4590640068054199
call 0.4623699188232422
call 0.45798277854919434
call 0.4637460708618164
call 0.4671897888183594
call 0.4648115634918213
call 0.45797109603881836
call 0.5104997158050537
call 0.45837926864624023
call 0.4589111804962158
call 0.45786356925964355
call 0.4568657875061035
call 0.4569129943847656
call 0.45828747749328613
call 0.45694446563720703
call 0.457258939743042
call 0.4626960754394531
call 0.458040714263916
call 0.46198511123657227
call 0.45839500427246094
call 0.45737552642822266
call 0.456484317779541
call 0.45632386207580566
call 0.45733141899108887
call 0.4577810764312744
call 0.45663881301879883
call 0.45752954483032227
call 0.45636487007141113
call 0.45691657066345215
call 0.457003116607666
call 0.4580361843109131
call 0.45754146575927734
call 0.4572610855102539
call 0.45658183097839355
call 0.45716166496276855
call 0.4573171138763428
call 0.45685410499572754
call 0.4555175304412842
call 0.45647573471069336
call 0.4570176601409912
call 0.45761537551879883
call 0.45769429206848145
call 0.4574253559112549
call 0.45719385147094727
call 0.4568467140197754
call 0.4563460350036621
call 0.45637989044189453
call 0.4574296474456787
call 0.45763158798217773
request 1.3087506294250488
call 0.5459067821502686
call 0.4672665596008301
call 0.47161030769348145
call 0.4685475826263428
call 0.46602559089660645
call 0.4666159152984619
call 0.46479249000549316
call 0.45751237869262695
call 0.4567577838897705
call 0.45821642875671387
call 0.45797204971313477
call 0.4560542106628418
call 0.45690250396728516
call 0.4573209285736084
call 0.4571051597595215
call 0.4562680721282959
call 0.4565296173095703
call 0.5495879650115967
call 0.4564230442047119
call 0.4567291736602783
call 0.4576377868652344
call 0.45615601539611816
call 0.4581923484802246
call 0.456585168838501
call 0.4575324058532715
call 0.4568819999694824
call 0.4570462703704834
call 0.4567756652832031
call 0.4625113010406494
call 0.4572916030883789
call 0.4562077522277832
call 0.4566826820373535
call 0.45703887939453125
call 0.4573709964752197
call 0.4573843479156494
call 0.4557051658630371
call 0.45680761337280273
call 0.45838212966918945
call 0.4580707550048828
call 0.46105527877807617
call 0.4609220027923584
call 0.4567749500274658
call 0.45697903633117676
call 0.4564206600189209
call 0.4585881233215332
call 0.45776820182800293
call 0.458132266998291
call 0.45710206031799316
call 0.45650506019592285
call 0.4582180976867676
request 1.4454293251037598
call 0.5429971218109131
call 0.47155237197875977
call 0.47502684593200684
call 0.4714853763580322
call 0.47255825996398926
call 0.4649941921234131
call 0.46855878829956055
call 0.46909523010253906
call 0.473644495010376
call 0.46900510787963867
call 0.4701344966888428
call 0.47498106956481934
call 0.4825572967529297
call 0.47394871711730957
call 0.47012925148010254
call 0.4662318229675293
call 0.4689147472381592
call 0.46915602684020996
call 0.48554158210754395
call 0.4747347831726074
call 0.47957634925842285
call 0.47221946716308594
call 0.8783152103424072
call 0.4727358818054199
call 0.47102904319763184
call 0.4768962860107422
call 0.46640658378601074
call 0.4680800437927246
call 0.47419023513793945
call 0.46921229362487793
call 0.4770479202270508
call 0.46686244010925293
call 0.47506046295166016
call 0.4669218063354492
call 0.47003722190856934
call 0.46933555603027344
call 0.46839356422424316
call 0.4689493179321289
call 0.4676852226257324
call 0.4781627655029297
call 0.47078943252563477
call 0.4669063091278076
call 0.4705047607421875
call 0.4834630489349365
call 0.4748694896697998
call 0.46931004524230957
call 0.47225236892700195
call 0.4664747714996338
call 0.4678194522857666
call 0.4674818515777588
request 1.5603866577148438
call 0.5381860733032227
call 0.4711325168609619
call 0.46968913078308105
call 0.47371578216552734
call 0.4714789390563965
call 0.4710209369659424
call 0.4708549976348877
call 0.4765491485595703
call 0.48030710220336914
call 0.47434234619140625
call 0.4800381660461426
call 0.46964550018310547
call 0.47281718254089355
call 0.46889662742614746
call 0.4679419994354248
call 0.46805572509765625
call 0.46970605850219727
call 0.46751880645751953
call 0.46639108657836914
call 0.46773552894592285
call 0.46965694427490234
call 0.46865057945251465
call 0.4672725200653076
call 0.4750819206237793
call 0.468796968460083
call 0.46739649772644043
call 0.4745669364929199
call 0.4689335823059082
call 0.46906590461730957
call 0.4686903953552246
call 0.5716691017150879
call 0.4725017547607422
call 0.47293853759765625
call 0.955167293548584
call 0.47283077239990234
call 0.47005629539489746
call 0.4721524715423584
call 0.47255706787109375
call 0.4683868885040283
call 0.46570897102355957
call 0.4667363166809082
call 0.47308993339538574
call 0.4674556255340576
call 0.4674978256225586
call 0.4758024215698242
call 0.47034311294555664
call 0.472625732421875
call 0.47272539138793945
call 0.47283005714416504
call 0.47288942337036133
request 1.4354050159454346
call 0.5389981269836426
call 0.4687364101409912
call 0.4630289077758789
call 0.4626495838165283
call 0.4572446346282959
call 0.45820116996765137
call 0.45921754837036133
call 0.47539758682250977
call 0.463909387588501
call 0.4580063819885254
call 0.47617077827453613
call 0.46322011947631836
call 0.45727014541625977
call 0.4566471576690674
call 0.4570310115814209
call 0.45785975456237793
call 0.4562563896179199
call 0.4562385082244873
call 0.4568819999694824
call 0.45612096786499023
call 0.45822739601135254
call 0.4580240249633789
call 0.45727014541625977
call 0.45700573921203613
call 0.45734190940856934
call 0.45723843574523926
call 0.4572458267211914
call 0.45662450790405273
call 0.46092748641967773
call 0.45723628997802734
call 0.4616818428039551
call 0.4562869071960449
call 0.4574623107910156
call 0.4577193260192871
call 0.4570431709289551
call 0.45632505416870117
call 0.45717620849609375
call 0.4577517509460449
call 0.4569437503814697
call 0.45749402046203613
call 0.4559023380279541
call 0.4571654796600342
call 0.45795559883117676
call 0.4575459957122803
call 0.4580872058868408
call 0.45588040351867676
call 0.4575917720794678
call 0.45757055282592773
call 0.456174373626709
call 0.4563889503479004
request 1.9572978019714355
call 0.5313396453857422
call 0.47133421897888184
call 0.4723978042602539
call 0.4695701599121094
call 0.4667985439300537
call 0.46674394607543945
call 0.4700632095336914
call 0.4669039249420166
call 0.4670579433441162
call 0.46839284896850586
call 0.468961238861084
call 0.48369479179382324
call 0.4696083068847656
call 0.4677550792694092
call 0.4714043140411377
call 0.46720457077026367
call 0.466017484664917
call 0.4689457416534424
call 0.4653174877166748
call 0.46630358695983887
call 0.46613430976867676
call 0.46750640869140625
call 0.47107696533203125
call 0.4729592800140381
call 0.468799352645874
call 0.46645116806030273
call 0.4678492546081543
call 0.7770392894744873
call 0.47434306144714355
call 0.47972559928894043
call 0.47396302223205566
call 0.4679083824157715
call 0.46842241287231445
call 0.4665842056274414
call 0.4802439212799072
call 0.4816889762878418
call 0.4694998264312744
call 0.46846437454223633
call 0.4753737449645996
call 0.4698033332824707
call 0.4705326557159424
call 0.47103166580200195
call 0.4654994010925293
call 0.4694712162017822
call 0.4716653823852539
call 0.47602152824401855
call 0.4713723659515381
call 0.4693162441253662
call 0.47139573097229004
call 0.46985363960266113
c1f2d2_edge
request 1.7054154872894287
call 0.13599109649658203
call 0.06708455085754395
call 0.0692601203918457
call 0.06729245185852051
call 0.06919384002685547
call 0.08053016662597656
call 0.06803607940673828
call 0.07532191276550293
call 0.06948399543762207
call 0.06905484199523926
call 0.06281232833862305
call 0.06801676750183105
call 0.06850719451904297
call 0.06612157821655273
call 0.07397866249084473
call 0.07174277305603027
call 0.06950545310974121
call 0.0885460376739502
call 0.06895065307617188
call 0.07314729690551758
call 0.06912517547607422
call 0.07069087028503418
call 0.07982063293457031
call 0.063385009765625
call 0.06941962242126465
call 0.06538009643554688
call 0.0715634822845459
call 0.06758594512939453
call 0.06734061241149902
call 0.0643308162689209
call 0.0658731460571289
call 0.06376886367797852
call 0.06519865989685059
call 0.06411910057067871
call 0.06463408470153809
call 0.06319379806518555
call 0.0641324520111084
call 0.06992125511169434
call 0.06507682800292969
call 0.06575465202331543
call 0.06758475303649902
call 0.06417059898376465
call 0.06418538093566895
call 0.06366753578186035
call 0.0694723129272461
call 0.06784582138061523
call 0.39461326599121094
call 0.06701874732971191
call 0.06824374198913574
call 0.06763601303100586
request 1.5491907596588135
call 0.12465500831604004
call 0.06710958480834961
call 0.06683349609375
call 0.06489944458007812
call 0.2749443054199219
call 0.07167267799377441
call 0.06372213363647461
call 0.07494878768920898
call 0.06635689735412598
call 0.06994247436523438
call 0.06601977348327637
call 0.06716275215148926
call 0.07038259506225586
call 0.06478667259216309
call 0.069671630859375
call 0.06601405143737793
call 0.06791949272155762
call 0.06385469436645508
call 0.07180428504943848
call 0.06705474853515625
call 0.06465387344360352
call 0.06452298164367676
call 0.0648202896118164
call 0.06762886047363281
call 0.06783151626586914
call 0.0674130916595459
call 0.06548833847045898
call 0.06551146507263184
call 0.0741114616394043
call 0.0638127326965332
call 0.06613898277282715
call 0.06561923027038574
call 0.06444287300109863
call 0.06344389915466309
call 0.06330204010009766
call 0.06747984886169434
call 0.06511235237121582
call 0.0660555362701416
call 0.06380248069763184
call 0.06442141532897949
call 0.06639623641967773
call 0.0638127326965332
call 0.062198638916015625
call 0.06460094451904297
call 0.06451988220214844
call 0.06368422508239746
call 0.0657200813293457
call 0.0620112419128418
call 0.06511068344116211
call 0.06160473823547363
c1f2d2_cloud
request 1.39849853515625
call 0.534050464630127
call 0.4712941646575928
call 0.47258973121643066
call 0.4657862186431885
call 0.47013211250305176
call 0.4705965518951416
call 0.469677209854126
call 0.47089385986328125
call 0.4808480739593506
call 0.472531795501709
call 0.47060632705688477
call 0.46895408630371094
call 0.4761838912963867
call 0.4733924865722656
call 0.4720168113708496
call 0.46956753730773926
call 0.4713280200958252
call 0.46657609939575195
call 0.47109103202819824
call 0.46700429916381836
call 0.4672665596008301
call 0.46814942359924316
call 0.46956562995910645
call 0.4742696285247803
call 0.47585058212280273
call 0.47803425788879395
call 0.46750664710998535
call 0.47116518020629883
call 0.47288036346435547
call 0.47312045097351074
call 0.47432661056518555
call 0.46916985511779785
call 0.4683988094329834
call 0.46955084800720215
call 0.4753882884979248
call 0.468463659286499
call 0.481856107711792
call 0.46801161766052246
call 0.4685027599334717
call 0.466658353805542
call 0.46916651725769043
call 0.4691784381866455
call 0.4720141887664795
call 0.4677731990814209
call 0.47327399253845215
call 0.47087860107421875
call 0.4774017333984375
call 0.47240304946899414
call 0.47182774543762207
call 0.4718146324157715
request 1.862947940826416
call 0.5395174026489258
call 0.46904683113098145
call 0.4695620536804199
call 0.4671351909637451
call 0.4682590961456299
call 0.4803004264831543
call 0.467714786529541
call 0.4712080955505371
call 0.47718000411987305
call 0.4777343273162842
call 0.4711339473724365
call 0.46987295150756836
call 0.4686310291290283
call 0.4689788818359375
call 0.4724099636077881
call 0.46744322776794434
call 0.4728560447692871
call 0.4660971164703369
call 0.4692983627319336
call 0.472820520401001
call 0.6200461387634277
call 0.47150564193725586
call 0.4662768840789795
call 0.46566009521484375
call 0.47078418731689453
call 0.4681239128112793
call 0.47516965866088867
call 0.4660000801086426
call 0.46662092208862305
call 0.4664287567138672
call 0.4660062789916992
call 0.4667177200317383
call 0.4689209461212158
call 0.4673433303833008
call 0.46681690216064453
call 0.4850773811340332
call 0.4666626453399658
call 0.4684464931488037
call 0.466907262802124
call 0.46474742889404297
call 0.4673008918762207
call 0.47022509574890137
call 0.46695375442504883
call 0.4656069278717041
call 0.4693794250488281
call 0.46592140197753906
call 0.46555256843566895
call 0.4646015167236328
call 0.46591949462890625
call 0.46553635597229004
c1f2d4_edge
request 1.6887099742889404
call 0.1356043815612793
call 0.06365633010864258
call 0.06497311592102051
call 0.06603288650512695
call 0.06560730934143066
call 0.06912350654602051
call 0.06485629081726074
call 0.07601737976074219
call 0.0737154483795166
call 0.06637954711914062
call 0.06880068778991699
call 0.07864975929260254
call 0.07202982902526855
call 0.0661625862121582
call 0.0669710636138916
call 0.07121014595031738
call 0.06920242309570312
call 0.06577491760253906
call 0.07703709602355957
call 0.07393765449523926
call 0.07343029975891113
call 0.06909847259521484
call 0.0680992603302002
call 0.06803441047668457
call 0.15646648406982422
call 0.06630682945251465
call 0.07152438163757324
call 0.06868624687194824
call 0.06483292579650879
call 0.06611394882202148
call 0.06797003746032715
call 0.06306672096252441
call 0.06372690200805664
call 0.06820321083068848
call 0.06712722778320312
call 0.06616878509521484
call 0.06538271903991699
call 0.0763397216796875
call 0.07183218002319336
call 0.06907105445861816
call 0.07276177406311035
call 0.06734752655029297
call 0.0689702033996582
call 0.06896471977233887
call 0.06507992744445801
call 0.06405830383300781
call 0.06969356536865234
call 0.07060718536376953
call 0.07031846046447754
call 0.07396936416625977
request 1.5657720565795898
call 0.1353306770324707
call 0.06869673728942871
call 0.06627178192138672
call 0.08977413177490234
call 0.06647777557373047
call 0.06812000274658203
call 0.060364484786987305
call 0.06665444374084473
call 0.07621622085571289
call 0.07088422775268555
call 0.06418609619140625
call 0.06899595260620117
call 0.06553077697753906
call 0.06608843803405762
call 0.0666353702545166
call 0.06305122375488281
call 0.0679769515991211
call 0.0685892105102539
call 0.06393861770629883
call 0.07574939727783203
call 0.06366634368896484
call 0.06306886672973633
call 0.07205748558044434
call 0.07421207427978516
call 0.06697368621826172
call 0.0658864974975586
call 0.06422734260559082
call 0.06633710861206055
call 0.06667709350585938
call 0.061585187911987305
call 0.06552839279174805
call 0.06995725631713867
call 0.06421923637390137
call 0.06539750099182129
call 0.06763529777526855
call 0.06730318069458008
call 0.0668022632598877
call 0.06481766700744629
call 0.06243014335632324
call 0.07355570793151855
call 0.0651547908782959
call 0.07637286186218262
call 0.4225428104400635
call 0.06464433670043945
call 0.07483935356140137
call 0.06991314888000488
call 0.0661461353302002
call 0.0637502670288086
call 0.06380581855773926
call 0.06549263000488281
request 1.8981659412384033
call 0.1338951587677002
call 0.06741833686828613
call 0.06597900390625
call 0.0681009292602539
call 0.06436634063720703
call 0.06208634376525879
call 0.06618809700012207
call 0.062422990798950195
call 0.06754589080810547
call 0.06416440010070801
call 0.06519317626953125
call 0.06599307060241699
call 0.07033896446228027
call 0.06715893745422363
call 0.06312036514282227
call 0.0668337345123291
call 0.06485533714294434
call 0.06376314163208008
call 0.06326127052307129
call 0.06369495391845703
call 0.062339067459106445
call 0.06306719779968262
call 0.061379194259643555
call 0.0686042308807373
call 0.06558561325073242
call 0.06389355659484863
call 0.06720733642578125
call 0.06525087356567383
call 0.06775188446044922
call 0.06492996215820312
call 0.06394648551940918
call 0.07260870933532715
call 0.06303024291992188
call 0.06785821914672852
call 0.06536006927490234
call 0.07380318641662598
call 0.0702981948852539
call 0.064422607421875
call 0.06603336334228516
call 0.07013058662414551
call 0.08018279075622559
call 0.06326055526733398
call 0.07262372970581055
call 0.06305599212646484
call 0.06184864044189453
call 0.071441650390625
call 0.06345605850219727
call 0.06795692443847656
call 0.0652310848236084
call 0.06358027458190918
request 1.619131088256836
call 0.1298201084136963
call 0.06564450263977051
call 0.06187295913696289
call 0.06882548332214355
call 0.06815409660339355
call 0.06464385986328125
call 0.06584763526916504
call 0.06328201293945312
call 0.06370854377746582
call 0.06859469413757324
call 0.06324458122253418
call 0.08055996894836426
call 0.06674385070800781
call 0.06573629379272461
call 0.06476640701293945
call 0.06614828109741211
call 0.0714118480682373
call 0.06682109832763672
call 0.06757926940917969
call 0.0701906681060791
call 0.06635379791259766
call 0.06589913368225098
call 0.06473541259765625
call 0.06206822395324707
call 0.06851553916931152
call 0.06678414344787598
call 0.06513357162475586
call 0.0732736587524414
call 0.06170034408569336
call 0.06336784362792969
call 0.0653693675994873
call 0.06280875205993652
call 0.06908535957336426
call 0.06429290771484375
call 0.06569576263427734
call 0.06658411026000977
call 0.0639960765838623
call 0.06340169906616211
call 0.06448531150817871
call 0.06861090660095215
call 0.06145930290222168
call 0.06826519966125488
call 0.06772732734680176
call 0.06987738609313965
call 0.06475186347961426
call 0.06562161445617676
call 0.07096576690673828
call 0.0672762393951416
call 0.06586599349975586
call 0.06554102897644043
c1f2d4_cloud
request 1.3956868648529053
call 0.5425572395324707
call 0.4697597026824951
call 0.4707648754119873
call 0.4693582057952881
call 0.46808743476867676
call 0.4758028984069824
call 0.4681270122528076
call 0.46718764305114746
call 0.46775197982788086
call 0.47112131118774414
call 0.46766161918640137
call 0.4759981632232666
call 0.4666750431060791
call 0.4696512222290039
call 0.4847252368927002
call 0.46954965591430664
call 0.4649808406829834
call 0.4708554744720459
call 0.46457695960998535
call 0.46732282638549805
call 0.4660942554473877
call 0.4729452133178711
call 0.4723520278930664
call 0.47013115882873535
call 0.4687349796295166
call 0.4696788787841797
call 0.8482677936553955
call 0.471341609954834
call 0.4712092876434326
call 0.47115278244018555
call 0.46837902069091797
call 0.46694064140319824
call 0.4657599925994873
call 0.4705629348754883
call 0.4719715118408203
call 0.4687676429748535
call 0.46700572967529297
call 0.4682505130767822
call 0.4715244770050049
call 0.4681851863861084
call 0.4724552631378174
call 0.4694812297821045
call 0.4693470001220703
call 0.4679543972015381
call 0.4724128246307373
call 0.46747779846191406
call 0.4688279628753662
call 0.4808361530303955
call 0.4743666648864746
call 0.47222375869750977
request 1.8506288528442383
call 0.5348682403564453
call 0.4751746654510498
call 0.4729945659637451
call 0.4745020866394043
call 0.4711287021636963
call 0.47298240661621094
call 0.46962690353393555
call 0.4706113338470459
call 0.4721806049346924
call 0.4705314636230469
call 0.4667348861694336
call 0.47385144233703613
call 0.47478413581848145
call 0.46993207931518555
call 0.47270679473876953
call 0.46792101860046387
call 0.47227025032043457
call 0.46657371520996094
call 0.4711601734161377
call 0.470123291015625
call 0.46697068214416504
call 0.47478151321411133
call 0.467648983001709
call 0.466280460357666
call 0.4678800106048584
call 0.4653928279876709
call 0.4674723148345947
call 0.4681882858276367
call 0.47063493728637695
call 0.4728271961212158
call 0.4658324718475342
call 0.47299742698669434
call 0.4670557975769043
call 0.48368000984191895
call 0.47313499450683594
call 0.4688887596130371
call 0.47379350662231445
call 0.4700336456298828
call 0.4668419361114502
call 0.4667093753814697
call 0.47594785690307617
call 0.47945404052734375
call 0.46756529808044434
call 0.46808815002441406
call 0.48431968688964844
call 0.4722099304199219
call 0.47245073318481445
call 0.46929192543029785
call 0.47240638732910156
call 0.4690673351287842
request 1.4884061813354492
call 0.5395841598510742
call 0.4684605598449707
call 0.46924662590026855
call 0.46627211570739746
call 0.46886777877807617
call 0.4730539321899414
call 0.46716904640197754
call 0.465045690536499
call 0.46637701988220215
call 0.4777371883392334
call 0.4642362594604492
call 0.4680519104003906
call 0.4686574935913086
call 0.4674866199493408
call 0.47225284576416016
call 0.47446393966674805
call 0.46860790252685547
call 0.4739372730255127
call 0.4673433303833008
call 0.46748781204223633
call 0.4697535037994385
call 0.47225427627563477
call 0.47217655181884766
call 0.47228074073791504
call 0.46796345710754395
call 0.46880245208740234
call 0.47310686111450195
call 0.4755434989929199
call 0.46654844284057617
call 0.4704902172088623
call 0.4676237106323242
call 0.4681396484375
call 0.7859270572662354
call 0.47219371795654297
call 0.479724645614624
call 0.4813981056213379
call 0.4682600498199463
call 0.4680781364440918
call 0.4678645133972168
call 0.4759821891784668
call 0.47103428840637207
call 0.47363996505737305
call 0.4755384922027588
call 0.46428442001342773
call 0.46912193298339844
call 0.4712657928466797
call 0.471543550491333
call 0.47734832763671875
call 0.46796631813049316
call 0.4702491760253906
request 1.4167838096618652
call 0.5339066982269287
call 0.473783016204834
call 0.4829695224761963
call 0.4827280044555664
call 0.47325754165649414
call 0.47841858863830566
call 0.47168922424316406
call 0.4716510772705078
call 0.4710245132446289
call 0.4677243232727051
call 0.4669175148010254
call 0.4757058620452881
call 0.4663119316101074
call 0.46942710876464844
call 0.47307348251342773
call 0.46588826179504395
call 0.467437744140625
call 0.4694178104400635
call 0.4731762409210205
call 0.4681131839752197
call 0.4659903049468994
call 0.47039318084716797
call 0.46970677375793457
call 0.4710373878479004
call 0.4699091911315918
call 0.47301220893859863
call 0.46883535385131836
call 0.4698522090911865
call 0.4714841842651367
call 0.4685850143432617
call 0.849052906036377
call 0.4696049690246582
call 0.46881103515625
call 0.47258543968200684
call 0.4692666530609131
call 0.4700503349304199
call 0.4704101085662842
call 0.4804115295410156
call 0.4703066349029541
call 0.4682779312133789
call 0.4713449478149414
call 0.4689207077026367
call 0.4813821315765381
call 0.47458672523498535
call 0.4685397148132324
call 0.467543363571167
call 0.47000789642333984
call 0.48328733444213867
call 0.470933198928833
call 0.4673440456390381
c1f2d6_cloud
request 1.733325719833374
call 0.5297479629516602
call 0.4822688102722168
call 0.471038818359375
call 0.47459840774536133
call 0.4721403121948242
call 0.4773130416870117
call 0.4769268035888672
call 0.4738650321960449
call 0.4712486267089844
call 0.46785807609558105
call 0.4700040817260742
call 0.4705803394317627
call 0.4814918041229248
call 0.4693946838378906
call 0.47544074058532715
call 0.4756307601928711
call 0.46709370613098145
call 0.4710566997528076
call 0.4705507755279541
call 0.4675252437591553
call 0.47348952293395996
call 0.46892237663269043
call 0.46567273139953613
call 0.46789121627807617
call 0.46558070182800293
call 0.4647550582885742
call 0.47467470169067383
call 0.4686861038208008
call 0.47157788276672363
call 0.4712107181549072
call 0.4724907875061035
call 0.47239232063293457
call 0.4696011543273926
call 0.46918296813964844
call 0.47655439376831055
call 0.471268892288208
call 0.472153902053833
call 0.4687366485595703
call 0.4725990295410156
call 0.4723014831542969
call 0.8192000389099121
call 0.46905088424682617
call 0.4674074649810791
call 0.46773338317871094
call 0.46808743476867676
call 0.46677279472351074
call 0.4650692939758301
call 0.46969056129455566
call 0.4726119041442871
call 0.47974371910095215
request 1.4432518482208252
call 0.5418334007263184
call 0.4703099727630615
call 0.468747615814209
call 0.46604418754577637
call 0.4705531597137451
call 0.4674408435821533
call 0.4672048091888428
call 0.46630167961120605
call 0.46558713912963867
call 0.4654510021209717
call 0.4665870666503906
call 0.471144437789917
call 0.47252321243286133
call 0.47348546981811523
call 0.47370409965515137
call 0.4801461696624756
call 0.47208356857299805
call 0.46718907356262207
call 0.469773530960083
call 0.4759500026702881
call 0.4710977077484131
call 0.47169923782348633
call 0.4752068519592285
call 0.47087693214416504
call 0.4742624759674072
call 0.46695804595947266
call 0.4836609363555908
call 0.4781172275543213
call 0.4756002426147461
call 0.47766709327697754
call 0.4887197017669678
call 0.4691898822784424
call 0.4774618148803711
call 0.46956491470336914
call 0.47084879875183105
call 0.46717023849487305
call 0.46962642669677734
call 0.4703068733215332
call 0.4986546039581299
call 0.46698784828186035
call 0.47873640060424805
call 0.47037434577941895
call 0.47704434394836426
call 0.46601295471191406
call 0.7010152339935303
call 0.4716806411743164
call 0.47255802154541016
call 0.47113656997680664
call 0.46512389183044434
call 0.4648582935333252
request 1.7290964126586914
call 0.535956621170044
call 0.4752504825592041
call 0.47048425674438477
call 0.4719271659851074
call 0.4723348617553711
call 0.46829700469970703
call 0.47029757499694824
call 0.4787015914916992
call 0.4692502021789551
call 0.4708840847015381
call 0.47582006454467773
call 0.4739696979522705
call 0.4744577407836914
call 0.4867281913757324
call 0.4718618392944336
call 0.4659109115600586
call 0.4725782871246338
call 0.4846053123474121
call 0.4679994583129883
call 0.4691505432128906
call 0.4698758125305176
call 0.4759814739227295
call 0.4770815372467041
call 0.47988343238830566
call 0.4750652313232422
call 0.4724884033203125
call 0.4777083396911621
call 0.46796655654907227
call 0.46926283836364746
call 0.4776735305786133
call 0.47044825553894043
call 0.4787271022796631
call 0.4714241027832031
call 0.46802616119384766
call 0.47002387046813965
call 0.4703969955444336
call 0.47304725646972656
call 0.4709296226501465
call 0.4764137268066406
call 0.4958972930908203
call 0.46902966499328613
call 0.4696688652038574
call 0.4748513698577881
call 0.46782493591308594
call 0.4668424129486084
call 0.46919846534729004
call 0.4970259666442871
call 0.4684898853302002
call 0.4695556163787842
call 0.46886563301086426
request 1.4488139152526855
call 0.536860466003418
call 0.46420812606811523
call 0.4680018424987793
call 0.4743838310241699
call 0.46700334548950195
call 0.4709007740020752
call 0.9767491817474365
call 0.4706995487213135
call 0.4726722240447998
call 0.4667830467224121
call 0.4713456630706787
call 0.47096943855285645
call 0.47670674324035645
call 0.46998047828674316
call 0.47234463691711426
call 0.4676077365875244
call 0.4703967571258545
call 0.46698522567749023
call 0.4779517650604248
call 0.4728050231933594
call 0.4677588939666748
call 0.4694812297821045
call 0.46457982063293457
call 0.46509480476379395
call 0.4685986042022705
call 0.4658637046813965
call 0.4638700485229492
call 0.47072267532348633
call 0.4643895626068115
call 0.4655792713165283
call 0.47163963317871094
call 0.47550034523010254
call 0.47440385818481445
call 0.48046278953552246
call 0.47809410095214844
call 0.4703714847564697
call 0.47589731216430664
call 0.47008228302001953
call 0.463869571685791
call 0.472851037979126
call 0.4726407527923584
call 0.47800683975219727
call 0.4736170768737793
call 0.47657108306884766
call 0.471088171005249
call 0.4835357666015625
call 0.47931718826293945
call 0.7822926044464111
call 0.4701085090637207
call 0.4712824821472168
request 1.6660735607147217
call 0.5363821983337402
call 0.46852636337280273
call 0.46523356437683105
call 0.466200590133667
call 0.4706857204437256
call 0.47051525115966797
call 0.46976709365844727
call 0.4707615375518799
call 0.4658951759338379
call 0.998610258102417
call 0.4709022045135498
call 0.47292566299438477
call 0.46626830101013184
call 0.4766364097595215
call 0.48247671127319336
call 0.4769010543823242
call 0.4749586582183838
call 0.47356176376342773
call 0.48262667655944824
call 0.4744269847869873
call 0.470278263092041
call 0.47592997550964355
call 0.4758002758026123
call 0.46765804290771484
call 0.4678778648376465
call 0.47583913803100586
call 0.47373414039611816
call 0.4685208797454834
call 0.481264591217041
call 0.46755528450012207
call 0.47690320014953613
call 0.4672534465789795
call 0.49106645584106445
call 0.4737117290496826
call 0.48202943801879883
call 0.4760773181915283
call 0.47684741020202637
call 0.4720034599304199
call 0.47812867164611816
call 0.4718821048736572
call 0.47129130363464355
call 0.4686853885650635
call 0.46923375129699707
call 0.47800326347351074
call 0.47710323333740234
call 0.4699225425720215
call 0.47506046295166016
call 0.47496795654296875
call 0.47278332710266113
call 0.47285890579223633
request 1.3168139457702637
call 0.5338442325592041
call 0.4791560173034668
call 0.47478389739990234
call 0.472048282623291
call 0.4682276248931885
call 0.4741337299346924
call 0.4690229892730713
call 0.4778602123260498
call 0.4720289707183838
call 0.47156453132629395
call 0.4723854064941406
call 0.4703547954559326
call 0.46674323081970215
call 0.47126054763793945
call 0.4662461280822754
call 0.9757359027862549
call 0.4755430221557617
call 0.46997547149658203
call 0.47428464889526367
call 0.47664618492126465
call 0.48534321784973145
call 0.46944665908813477
call 0.47338342666625977
call 0.4674100875854492
call 0.4751591682434082
call 0.4683387279510498
call 0.470050573348999
call 0.48281240463256836
call 0.46659111976623535
call 0.46651697158813477
call 0.47707390785217285
call 0.4672536849975586
call 0.46656250953674316
call 0.4780128002166748
call 0.47582006454467773
call 0.4713900089263916
call 0.4766378402709961
call 0.4662816524505615
call 0.4745514392852783
call 0.4750344753265381
call 0.478435754776001
call 0.48685121536254883
call 0.4761810302734375
call 0.4822201728820801
call 0.46773695945739746
call 0.471759557723999
call 0.4697551727294922
call 0.46956324577331543
call 0.4796559810638428
call 0.4725315570831299
