c1f2d6_edge
request 1.5548827648162842
call 8.34955096244812
call 7.905694246292114
call 7.982408761978149
call 7.803075075149536
call 7.786765098571777
call 7.793613910675049
call 7.697361946105957
call 7.522137880325317
call 7.504965305328369
call 7.499444484710693
call 7.524298667907715
call 7.557053327560425
call 7.4229137897491455
call 7.500267744064331
call 7.591366767883301
call 7.491520881652832
call 7.494216680526733
call 7.489030838012695
call 7.540685653686523
call 7.381910800933838
call 7.580506086349487
call 7.39970326423645
call 7.490419864654541
call 7.412214994430542
call 7.3985466957092285
call 7.500361919403076
call 7.427696228027344
call 7.487788438796997
call 7.395730972290039
call 7.40734601020813
call 7.500220775604248
call 7.402293920516968
call 7.389019966125488
call 7.383230924606323
call 7.537936210632324
call 7.400402069091797
call 7.565063238143921
call 7.402353286743164
call 7.509437084197998
call 7.494091749191284
call 7.600087642669678
call 7.56078577041626
call 7.455769777297974
call 5.992785215377808
call 5.902010440826416
call 5.811903476715088
call 5.793311357498169
call 5.81955885887146
call 6.133583068847656
call 6.051713705062866
request 1.5284347534179688
call 6.756191968917847
call 6.009895324707031
call 5.999517440795898
call 6.3081653118133545
call 7.019287109375
call 7.0748491287231445
call 7.49622654914856
call 8.126800775527954
call 7.674466848373413
call 7.70367956161499
call 7.411557912826538
call 7.357827186584473
call 7.427649259567261
call 7.376720905303955
call 7.450441360473633
call 7.380884408950806
call 7.489931583404541
call 7.417347431182861
call 7.378190994262695
call 7.6040732860565186
call 7.414991140365601
call 7.4799277782440186
call 7.498639106750488
call 8.005931615829468
call 7.528332233428955
call 7.454923629760742
call 7.414958477020264
call 7.394243240356445
call 7.325069189071655
call 7.491800546646118
call 7.5984673500061035
call 7.3843865394592285
call 7.613408327102661
call 7.4942028522491455
call 7.4991772174835205
call 7.4980456829071045
call 7.390526056289673
call 7.484692335128784
call 7.433245897293091
call 7.481960773468018
call 7.414171934127808
call 7.39575719833374
call 7.481567144393921
call 7.420154333114624
call 7.57272481918335
call 7.431073427200317
call 7.490457057952881
call 7.494020700454712
call 7.610483169555664
call 7.466146469116211
request 1.5030510425567627
call 7.465849876403809
call 6.818256378173828
call 6.696645021438599
call 6.293101072311401
call 6.704867839813232
call 7.206415176391602
call 7.381791830062866
call 7.403074741363525
call 7.410800457000732
call 7.381790637969971
call 7.389868497848511
call 7.42314338684082
call 7.482037305831909
call 7.428072929382324
call 7.383071422576904
call 7.490299463272095
call 7.50662088394165
call 7.472195863723755
call 7.422642469406128
call 7.510311603546143
call 7.610025882720947
call 7.576684474945068
call 7.511813163757324
call 7.600018262863159
call 7.404686212539673
call 7.496075391769409
call 7.5084099769592285
call 7.552384376525879
call 7.520071506500244
call 7.5066611766815186
call 7.4818549156188965
call 7.323511362075806
call 7.580576419830322
call 7.428840160369873
call 7.488541841506958
call 7.408890724182129
call 7.480711936950684
call 7.411179542541504
call 7.414034605026245
call 7.482778310775757
call 7.492522239685059
call 7.4120094776153564
call 7.580549001693726
call 7.499170541763306
call 7.419912576675415
call 7.480497121810913
call 7.402953386306763
call 5.803616285324097
call 5.789408206939697
call 5.810162305831909
request 1.51420259475708
call 6.508394479751587
call 5.78596830368042
call 5.803059816360474
call 5.875691890716553
call 5.833441734313965
call 5.790640115737915
call 7.598421812057495
call 7.814882040023804
call 7.772047519683838
call 7.725281238555908
call 7.668685436248779
call 7.617119789123535
call 7.5001373291015625
call 7.388550519943237
call 7.3839111328125
call 7.422498464584351
call 7.497212886810303
call 7.600994110107422
call 7.486190319061279
call 7.504913806915283
call 7.403517961502075
call 7.599545001983643
call 7.471608400344849
call 7.555141925811768
call 7.370637655258179
call 7.4875407218933105
call 7.506223917007446
call 7.515045642852783
call 7.4957990646362305
call 7.3813652992248535
call 7.501631021499634
call 7.4058356285095215
call 7.395208120346069
call 7.494743585586548
call 7.40802264213562
call 7.303250551223755
call 7.68634557723999
call 7.394840478897095
call 7.423438549041748
call 7.651373386383057
call 7.423675775527954
call 7.300273180007935
call 7.592813014984131
call 7.224146366119385
call 7.5869481563568115
call 7.725767612457275
call 7.386265993118286
call 7.368441820144653
call 7.53029990196228
call 5.9982476234436035
request 1.4880483150482178
call 6.827754259109497
call 5.815503120422363
call 5.898173093795776
call 5.785664319992065
call 5.88985013961792
call 5.784740447998047
call 5.834982872009277
call 7.604211091995239
call 7.908670425415039
call 7.975822687149048
call 7.79274582862854
call 7.773260116577148
call 7.822005271911621
call 7.612023830413818
call 7.591565370559692
call 7.5015950202941895
call 7.511612892150879
call 7.488057374954224
call 7.505652666091919
call 7.497635841369629
call 7.4944798946380615
call 7.493700742721558
call 7.497557878494263
call 7.505737543106079
call 7.475971937179565
call 7.500880479812622
call 7.426595211029053
call 7.5066609382629395
call 7.393304824829102
call 7.404586553573608
call 7.481515884399414
call 7.414308786392212
call 7.492725372314453
call 7.406114816665649
call 7.487349271774292
call 7.404994249343872
call 7.416256666183472
call 7.397555112838745
call 7.392513990402222
call 7.4614362716674805
call 7.433603048324585
call 7.593541145324707
call 7.510107755661011
call 7.484752416610718
call 7.417313575744629
call 7.485252141952515
call 7.585049629211426
call 7.612827777862549
call 7.560949802398682
call 7.452885389328003
request 1.6363227367401123
call 7.4714343547821045
call 6.791889429092407
call 6.883147954940796
call 6.327094078063965
call 6.992467641830444
call 7.306572198867798
call 7.383410215377808
call 7.422719240188599
call 7.3977370262146
call 7.381834268569946
call 7.4780755043029785
call 7.437960624694824
call 7.487536907196045
call 7.412413835525513
call 7.481210470199585
call 7.503919363021851
call 7.484196186065674
call 7.4280359745025635
call 7.486765384674072
call 7.458982706069946
call 7.543201446533203
call 7.612107276916504
call 7.590936183929443
call 7.56860089302063
call 7.421708822250366
call 7.5872719287872314
call 7.509198427200317
call 7.56460976600647
call 7.441277265548706
call 7.395615816116333
call 7.489957571029663
call 7.402193784713745
call 7.505312919616699
call 7.408266544342041
call 7.502984523773193
call 7.37806510925293
call 7.503528118133545
call 7.485689401626587
call 7.435290098190308
call 7.479598045349121
call 7.510135173797607
call 7.479521989822388
call 7.57763409614563
call 7.537798166275024
call 7.491594552993774
call 7.608013391494751
call 7.392823219299316
call 5.795368432998657
call 5.814244031906128
call 5.8753743171691895
c1f2d8_edge
request 1.5710577964782715
call 7.042211294174194
call 6.084773302078247
call 6.008157968521118
call 5.984324216842651
call 6.013509750366211
call 6.806958198547363
call 8.592841863632202
call 8.887104511260986
call 9.407629251480103
call 8.88541555404663
call 9.53569746017456
call 9.387862205505371
call 9.180999279022217
call 8.725414514541626
call 9.070476293563843
call 9.321856260299683
call 9.288867235183716
call 9.182174444198608
call 9.325182914733887
call 9.07619023323059
call 9.314089059829712
call 8.817749261856079
call 10.0353364944458
call 8.662081480026245
call 9.585251569747925
call 9.59740924835205
call 8.710940599441528
call 8.885071992874146
call 9.511286497116089
call 9.2894766330719
call 9.106983661651611
call 9.401074647903442
call 9.59677767753601
call 9.288640260696411
call 9.11681866645813
call 8.704018592834473
call 8.702880382537842
call 9.386603116989136
call 9.594534873962402
call 9.588073253631592
call 9.495204448699951
call 9.291023015975952
call 9.124828100204468
call 9.587624073028564
call 9.309733867645264
call 9.005029439926147
call 9.305562496185303
call 8.910439014434814
call 8.98409652709961
call 8.590970993041992
request 1.8448309898376465
call 9.777894973754883
call 9.26371717453003
call 9.216952323913574
call 9.195746898651123
call 9.299769163131714
call 9.209985256195068
call 9.19985318183899
call 9.386742115020752
call 9.211506605148315
call 9.288119077682495
call 9.132328510284424
call 9.172652244567871
call 9.295047283172607
call 9.101543188095093
call 9.005383729934692
call 9.314475059509277
call 9.057632684707642
call 9.056463241577148
call 9.268720626831055
call 9.201266527175903
call 9.364292860031128
call 9.422813415527344
call 9.087596654891968
call 9.14655590057373
call 9.276254177093506
call 9.115912914276123
call 9.29223084449768
call 9.190164804458618
call 9.288192987442017
call 9.489085674285889
call 9.236406803131104
call 8.988439798355103
call 8.981418371200562
call 9.087500810623169
call 9.342716217041016
call 9.283673763275146
call 9.207858085632324
call 9.082704305648804
call 9.51231575012207
call 9.499272346496582
call 9.305692672729492
call 9.192689418792725
call 9.188583612442017
call 9.210484027862549
call 5.988779783248901
call 5.994757652282715
call 6.000796794891357
call 6.005587339401245
call 5.913111925125122
call 5.986592054367065
request 1.5686638355255127
call 7.9132795333862305
call 8.6303391456604
call 9.40008807182312
call 8.999181985855103
call 9.589815378189087
call 9.014164447784424
call 9.076503276824951
call 9.204088687896729
call 9.30742335319519
call 9.196081399917603
call 9.301757335662842
call 9.288750886917114
call 9.230100870132446
call 9.178087711334229
call 9.312049865722656
call 9.081054449081421
call 9.591679811477661
call 8.912583112716675
call 9.317821741104126
call 8.882578611373901
call 9.194873094558716
call 9.194617748260498
call 9.418563842773438
call 9.231175422668457
call 9.0441415309906
call 9.309298753738403
call 9.19239592552185
call 9.181423425674438
call 9.132991790771484
call 9.168368816375732
call 9.230709552764893
call 9.770904302597046
call 9.028145551681519
call 9.31049108505249
call 8.971901655197144
call 9.217367887496948
call 9.099018096923828
call 9.207775831222534
call 9.184159755706787
call 8.704357147216797
call 9.199853897094727
call 9.088005542755127
call 9.492321252822876
call 9.497725009918213
call 8.90954303741455
call 5.99813985824585
call 5.805420637130737
call 5.81799840927124
call 5.890726327896118
call 5.986263990402222
request 1.553541898727417
call 6.743307113647461
call 5.901204824447632
call 5.90709924697876
call 5.918315172195435
call 5.878549098968506
call 5.994452238082886
call 7.719069480895996
call 8.693363904953003
call 9.210200071334839
call 9.088171243667603
call 9.622030019760132
call 9.056876420974731
call 9.121582269668579
call 9.301577806472778
call 9.501980781555176
call 9.280442476272583
call 9.302398443222046
call 9.207507848739624
call 8.992841720581055
call 9.391875743865967
call 9.286879539489746
call 9.250520467758179
call 9.47934341430664
call 9.112357378005981
call 9.37763237953186
call 9.100415706634521
call 9.192402601242065
call 9.421422481536865
call 9.28743028640747
call 9.292141437530518
call 9.225518703460693
call 9.17750334739685
call 8.813383340835571
call 9.290884733200073
call 9.309650421142578
call 9.185852766036987
call 9.494174718856812
call 9.46423602104187
call 9.14011836051941
call 9.013105869293213
call 9.090126037597656
call 9.016985416412354
call 9.286004066467285
call 9.001474618911743
call 9.384792566299438
call 9.302432775497437
call 9.192654371261597
call 9.502456903457642
call 9.213685274124146
call 8.784934759140015
request 1.8257482051849365
call 11.187783241271973
call 9.516912937164307
call 10.563798666000366
call 9.538444519042969
call 9.270704507827759
call 8.557465553283691
call 8.74937129020691
call 8.502984523773193
call 8.808241367340088
call 9.1868577003479
call 9.30370569229126
call 9.196085691452026
call 9.004743337631226
call 8.790930271148682
call 9.204433679580688
call 9.186098575592041
call 9.502202272415161
call 9.316425323486328
call 9.395341396331787
call 9.36700987815857
call 9.161432981491089
call 9.251685857772827
call 9.23539423942566
call 9.173579692840576
call 9.208814859390259
call 9.6726815700531
call 9.0149564743042
call 9.204328060150146
call 9.310333251953125
call 8.85840916633606
call 8.93648362159729
call 9.19898772239685
call 9.290271759033203
call 9.596092462539673
call 9.099409818649292
call 8.96774697303772
call 9.64106273651123
call 9.207339763641357
call 9.396328687667847
call 9.085454225540161
call 9.11616587638855
call 9.299291372299194
call 8.579757452011108
call 7.203049898147583
call 7.001485586166382
call 6.919141054153442
call 7.285463333129883
call 5.99887490272522
call 6.094584703445435
call 5.994256973266602
request 1.5018126964569092
call 7.887913942337036
call 7.392804861068726
call 7.636472463607788
call 8.583123207092285
call 9.199043035507202
call 8.825686693191528
call 9.281888961791992
call 9.183613538742065
call 8.717800855636597
call 8.887548208236694
call 9.207292795181274
call 9.402494192123413
call 9.312762260437012
call 8.683769226074219
call 8.78364610671997
call 9.489776611328125
call 9.501168012619019
call 9.631657838821411
call 9.455622434616089
call 9.237154960632324
call 9.390047788619995
call 9.196922302246094
call 9.101892948150635
call 9.135077238082886
call 9.067817449569702
call 9.208243608474731
call 9.198739051818848
call 9.297913074493408
call 9.296288967132568
call 8.898182392120361
call 9.11929702758789
call 8.779772281646729
call 9.492420673370361
call 9.500359296798706
call 9.50654935836792
call 9.199126243591309
call 9.493628740310669
call 9.193246126174927
call 9.315834760665894
call 9.100124597549438
call 8.892954111099243
call 8.98876166343689
call 9.30953073501587
call 9.10723352432251
call 8.789308786392212
call 8.695343732833862
call 7.011905193328857
call 6.694533348083496
call 6.908649206161499
call 6.995672225952148
request 1.6526198387145996
call 6.5685505867004395
call 5.894925117492676
call 5.899916648864746
call 5.9732842445373535
call 5.799654722213745
call 7.51029896736145
call 7.611407279968262
call 8.410374879837036
call 8.550161123275757
call 8.947764873504639
call 9.086070537567139
call 9.08578872680664
call 9.001861095428467
call 9.02876877784729
call 9.173148155212402
call 9.309584856033325
call 9.29135537147522
call 9.098368406295776
call 9.49103045463562
call 9.223073959350586
call 9.497663736343384
call 8.802313566207886
call 9.262756109237671
call 9.134045600891113
call 8.698319911956787
call 9.193603277206421
call 9.10222864151001
call 9.010929346084595
call 9.297741889953613
call 9.372354984283447
call 9.32631516456604
call 9.2837553024292
call 9.19521689414978
call 9.120111465454102
call 9.402655601501465
call 9.38425588607788
call 9.696630954742432
call 9.093566179275513
call 9.309546947479248
call 9.096524238586426
call 9.299166440963745
call 9.003651142120361
call 9.20493769645691
call 8.795289039611816
call 9.097016334533691
call 9.400830030441284
call 9.582071304321289
call 9.181580305099487
call 9.540990114212036
call 9.720630645751953
request 1.5085852146148682
call 6.583926439285278
call 7.4834113121032715
call 7.62813401222229
call 8.460842609405518
call 8.6291344165802
call 9.009867668151855
call 9.168798923492432
call 9.215604543685913
call 9.506793975830078
call 9.98262095451355
call 9.4082932472229
call 9.506160974502563
call 9.219088315963745
call 9.154844999313354
call 9.735457181930542
call 9.505797863006592
call 9.311718225479126
call 9.078171014785767
call 9.094038963317871
call 9.088183164596558
call 9.397705316543579
call 9.307652235031128
call 9.393144607543945
call 9.300783157348633
call 9.218958854675293
call 9.08139944076538
call 9.097182750701904
call 9.188107013702393
call 9.321150302886963
call 9.09688663482666
call 9.318608045578003
call 9.059022188186646
call 9.327592849731445
call 9.269936084747314
call 9.007155656814575
call 8.920745372772217
call 8.79829716682434
call 9.395500659942627
call 9.603621006011963
call 9.594398498535156
call 9.303311109542847
call 9.29079008102417
call 9.113911390304565
call 9.380906581878662
call 9.202026128768921
call 9.203419923782349
call 7.187012672424316
call 7.120031356811523
call 7.2699875831604
call 7.016607999801636
c1f2d8_cloud
request 1.3770208358764648
call 7.938610315322876
call 7.00098443031311
call 8.39907193183899
call 9.678849220275879
call 9.721354961395264
call 9.083836793899536
call 8.311441421508789
call 8.591148853302002
call 8.89287781715393
call 9.106398582458496
call 9.203425645828247
call 9.115882873535156
call 9.076282501220703
call 9.070055723190308
call 9.040640592575073
call 8.774149417877197
call 9.411394357681274
call 9.21994924545288
call 9.4732084274292
call 9.604413747787476
call 9.403102159500122
call 9.399220943450928
call 9.100805282592773
call 9.225171566009521
call 9.176047086715698
call 9.300636529922485
call 9.30340576171875
call 9.265305042266846
call 9.130089282989502
call 9.0938081741333
call 9.204854488372803
call 9.293483018875122
call 8.799362421035767
call 9.30697774887085
call 9.47673511505127
call 9.319143056869507
call 9.221373558044434
call 9.215778350830078
call 8.676450729370117
call 9.175189018249512
call 9.214062213897705
call 9.394932746887207
call 9.797666072845459
call 9.379991292953491
call 9.418952941894531
call 9.015885353088379
call 9.174925327301025
call 6.925525903701782
call 7.0797343254089355
call 7.226404428482056
request 1.290555715560913
call 7.928083181381226
call 9.203322172164917
call 9.50364875793457
call 9.49104118347168
call 9.370062351226807
call 9.32365870475769
call 9.119493007659912
call 9.168025732040405
call 9.330910205841064
call 8.887702703475952
call 9.597421646118164
call 9.401939868927002
call 8.983262062072754
call 9.496123790740967
call 9.107823133468628
call 9.090763092041016
call 9.508776187896729
call 8.8939790725708
call 9.233893156051636
call 9.195552587509155
call 9.198840856552124
call 9.28131628036499
call 9.209224939346313
call 8.888763427734375
call 9.301168203353882
call 9.466813087463379
call 8.74144434928894
call 9.408039808273315
call 9.380030155181885
call 9.29853892326355
call 9.409147500991821
call 9.690848350524902
call 9.206278085708618
call 9.124024152755737
call 9.179876565933228
call 8.887284755706787
call 9.506961345672607
call 9.460226058959961
call 8.83186388015747
call 9.396467924118042
call 9.302429437637329
call 9.103574514389038
call 9.309603691101074
call 9.07134747505188
call 9.117231369018555
call 9.297921895980835
call 9.408128023147583
call 6.801371812820435
call 6.976441860198975
call 7.007624387741089
request 1.429412841796875
call 7.372384786605835
call 6.610710382461548
call 6.498816728591919
call 6.40275764465332
call 7.580227375030518
call 7.7945356369018555
call 9.519651174545288
call 9.502681016921997
call 9.623593807220459
call 9.78225064277649
call 9.553106307983398
call 9.529409408569336
call 9.403998851776123
call 9.388169765472412
call 9.409427404403687
call 9.195897340774536
call 9.313581943511963
call 9.389193773269653
call 9.295513391494751
call 8.793564796447754
call 8.91481328010559
call 9.10348892211914
call 8.888733625411987
call 9.610556364059448
call 8.691994905471802
call 9.406381130218506
call 9.302610635757446
call 9.50498104095459
call 9.090441942214966
call 9.001354932785034
call 9.408294439315796
call 9.280744314193726
call 9.267982006072998
call 9.230447769165039
call 9.085084676742554
call 9.416910171508789
call 9.404387474060059
call 9.39954161643982
call 9.18922233581543
call 9.197903394699097
call 9.39910101890564
call 9.407429218292236
call 8.990281820297241
call 9.015104532241821
call 9.094928741455078
call 8.691986083984375
call 9.299549341201782
call 9.200480461120605
call 9.602468967437744
call 9.20730471611023
request 1.3537232875823975
call 7.35675311088562
call 6.513473749160767
call 6.478943347930908
call 7.213953495025635
call 8.776777267456055
call 9.025259256362915
call 9.088749885559082
call 9.190089225769043
call 9.410476446151733
call 9.218181610107422
call 9.288561582565308
call 9.10611343383789
call 9.192047357559204
call 9.400513887405396
call 9.088629961013794
call 9.30987000465393
call 9.175073623657227
call 9.209852695465088
call 9.129877090454102
call 9.292701959609985
call 9.29399299621582
call 9.188755512237549
call 9.187220811843872
call 9.329174757003784
call 9.379711627960205
call 9.31122899055481
call 8.888994693756104
call 9.193926572799683
call 9.475271224975586
call 9.216528177261353
call 9.095301151275635
call 9.016723394393921
call 9.009467840194702
call 9.004239797592163
call 8.900166749954224
call 9.374842166900635
call 9.232657194137573
call 9.183479309082031
call 9.381287574768066
call 8.87418794631958
call 9.411603927612305
call 9.535758972167969
call 9.189533710479736
call 9.523840188980103
call 9.071221828460693
call 9.300839900970459
call 9.189154148101807
call 9.395017147064209
call 9.202329397201538
call 9.306556463241577
request 1.3554694652557373
call 7.284682989120483
call 8.091352701187134
call 7.845279216766357
call 9.431511163711548
call 9.300500869750977
call 9.12052297592163
call 8.871179819107056
call 9.406221389770508
call 9.40514850616455
call 9.49463963508606
call 9.19562292098999
call 9.600971937179565
call 8.811527252197266
call 9.179763555526733
call 9.218010425567627
call 9.19547700881958
call 9.398914098739624
call 9.188490867614746
call 8.991163492202759
call 8.926053524017334
call 9.125049352645874
call 9.5537850856781
call 9.02479863166809
call 9.183207035064697
call 9.00265645980835
call 9.393933534622192
call 9.300745487213135
call 9.216691255569458
call 9.280019760131836
call 9.194689750671387
call 9.204936981201172
call 9.300299644470215
call 9.113159656524658
call 9.280471563339233
call 8.73067569732666
call 9.367482423782349
call 9.320331573486328
call 9.286635160446167
call 9.294177770614624
call 9.694124460220337
call 9.294275045394897
call 9.321261644363403
call 9.399214267730713
call 8.889465570449829
call 9.111933946609497
call 9.087743282318115
call 9.388717651367188
call 9.1829833984375
call 7.908669471740723
call 7.309096097946167
request 2.032900810241699
call 9.182947397232056
call 8.884329795837402
call 9.009953260421753
call 9.097047328948975
call 8.99551773071289
call 8.990310192108154
call 8.71814751625061
call 9.457380771636963
call 9.034493923187256
call 9.496589183807373
call 8.975853681564331
call 9.11343765258789
call 9.207550287246704
call 9.29624319076538
call 9.096004724502563
call 9.186510562896729
call 9.012889862060547
call 9.312453508377075
call 8.966800212860107
call 9.638218641281128
call 9.288450717926025
call 9.110481262207031
call 9.177144765853882
call 9.617555618286133
call 9.28557562828064
call 9.08371901512146
call 9.420129537582397
call 9.125927448272705
call 9.152039766311646
call 8.92752194404602
call 9.207776546478271
call 9.180524826049805
call 9.114149808883667
call 9.386649370193481
call 9.205389022827148
call 9.730934381484985
call 9.260331392288208
call 8.994747877120972
call 9.099871635437012
call 8.508104801177979
call 9.466219902038574
call 9.431714057922363
call 9.306044101715088
call 9.480739116668701
call 9.112462282180786
call 9.193220138549805
call 8.698389530181885
call 6.69970440864563
call 6.727374076843262
call 7.18044900894165
request 1.3728477954864502
call 7.624283075332642
call 8.701205492019653
call 8.99082064628601
call 9.115939140319824
call 9.187468767166138
call 9.109056234359741
call 9.313589334487915
call 9.359620094299316
call 9.340334415435791
call 9.26073145866394
call 8.991683721542358
call 9.320017576217651
call 9.289793968200684
call 9.310173749923706
call 9.316151857376099
call 9.457517862319946
call 8.971776723861694
call 9.352156162261963
call 9.584513902664185
call 9.121079206466675
call 8.99773907661438
call 8.800354719161987
call 9.609959840774536
call 9.403823375701904
call 9.209003925323486
call 9.067811965942383
call 9.203312873840332
call 9.324422121047974
call 9.345199346542358
call 9.22077202796936
call 9.50956916809082
call 9.305320978164673
call 9.0116286277771
call 9.388362884521484
call 9.098397970199585
call 9.200904130935669
call 9.497071266174316
call 8.78658390045166
call 9.034635543823242
call 9.380979776382446
call 9.605621099472046
call 9.081874370574951
call 9.097976446151733
call 9.103925943374634
call 9.120853900909424
call 9.497548818588257
call 9.286939859390259
call 8.68693733215332
call 7.618823289871216
call 7.396259546279907
request 2.107752799987793
call 9.611213207244873
call 8.777992010116577
call 9.094955205917358
call 8.797579050064087
call 8.795299768447876
call 9.36652946472168
call 8.331282377243042
call 9.311954736709595
call 9.27412223815918
call 9.218921422958374
call 9.407249927520752
call 9.296114206314087
call 9.296053647994995
call 9.90805697441101
call 9.36839747428894
call 9.3032066822052
call 9.600685834884644
call 9.004112720489502
call 8.921098232269287
call 9.303001403808594
call 9.29456901550293
call 9.506376266479492
call 8.833799839019775
call 8.844482660293579
call 9.315189361572266
call 9.19637393951416
call 9.20471477508545
call 9.195323705673218
call 9.184357166290283
call 9.405574083328247
call 9.289798021316528
call 9.214449405670166
call 9.192182779312134
call 9.11179494857788
call 9.084661960601807
call 9.115806102752686
call 9.412857294082642
call 9.17093276977539
call 9.218889474868774
call 9.271816730499268
call 9.313050746917725
call 9.097907304763794
call 8.901045560836792
call 9.205990314483643
call 8.700717449188232
call 7.1924943923950195
call 6.996876955032349
call 7.12324595451355
call 6.476956844329834
call 6.395946979522705
c1f2d2_edge
request 1.565669059753418
call 6.851768493652344
call 6.010509729385376
call 6.051811218261719
call 5.948180675506592
call 6.086654424667358
call 6.094378709793091
call 6.102105140686035
call 6.000412225723267
call 5.995363235473633
call 6.08907151222229
call 6.104157209396362
call 6.01629900932312
call 6.076094627380371
call 6.018181085586548
call 5.983174800872803
call 5.92420768737793
call 5.9893412590026855
call 6.001769542694092
call 5.998861074447632
call 6.000201940536499
call 5.990487098693848
call 6.010842323303223
call 6.011716604232788
call 5.986741065979004
call 6.089900255203247
call 5.928362131118774
call 6.073275804519653
call 5.980258464813232
call 6.022741079330444
call 5.978255033493042
call 6.005632638931274
call 6.010758399963379
call 5.912999391555786
call 5.987616777420044
call 5.999661684036255
call 5.8223888874053955
call 5.971458673477173
call 5.969738960266113
call 6.034814357757568
call 5.901666641235352
call 5.968668699264526
call 6.432274103164673
call 5.996164798736572
call 5.887242794036865
call 6.004783630371094
call 5.982523679733276
call 6.016843318939209
call 6.0084919929504395
call 5.997535467147827
call 5.910047769546509
request 1.55769681930542
call 6.740680932998657
call 5.919198513031006
call 6.290452480316162
call 5.947035789489746
call 5.982614755630493
call 5.968478679656982
call 6.107966899871826
call 6.55985951423645
call 6.019890785217285
call 6.100165367126465
call 6.10663628578186
call 6.0204432010650635
call 6.308958292007446
call 6.085092067718506
call 5.990845203399658
call 6.087648630142212
call 6.120582818984985
call 6.235912084579468
call 6.0649237632751465
call 5.981881618499756
call 6.083087205886841
call 6.027596473693848
call 6.317519426345825
call 6.06621241569519
call 6.092419385910034
call 6.019602298736572
call 6.067115068435669
call 6.257223129272461
call 6.071431398391724
call 6.009039878845215
call 5.989454746246338
call 6.003537893295288
call 5.896700143814087
call 6.009338617324829
call 6.075747728347778
call 6.098012208938599
call 6.01775050163269
call 5.995974063873291
call 6.01043963432312
call 5.976866245269775
call 6.007619380950928
call 6.001917839050293
call 6.0842695236206055
call 6.0063159465789795
call 6.019053220748901
call 6.001420497894287
call 5.984384775161743
call 6.0002052783966064
call 6.0784010887146
call 6.027781248092651
c1f2d2_cloud
request 1.3964917659759521
call 7.2121264934539795
call 6.501274824142456
call 6.513003349304199
call 6.283407211303711
call 6.298275947570801
call 6.311562538146973
call 6.37323260307312
call 6.311100959777832
call 6.311093330383301
call 6.293520450592041
call 6.319127082824707
call 6.288279294967651
call 6.390937566757202
call 6.376116037368774
call 6.316294431686401
call 6.398582935333252
call 6.40657377243042
call 6.307127475738525
call 6.394193887710571
call 6.301368474960327
call 6.402179956436157
call 6.397550582885742
call 6.474955081939697
call 6.424462795257568
call 6.29663610458374
call 6.404236078262329
call 6.504153490066528
call 6.4860053062438965
call 6.5145978927612305
call 6.4849560260772705
call 6.477626085281372
call 6.38444447517395
call 6.4040610790252686
call 6.3479485511779785
call 6.386341571807861
call 6.299213171005249
call 6.3988494873046875
call 6.487431049346924
call 6.427491188049316
call 6.368010997772217
call 6.411521911621094
call 6.403784275054932
call 6.297278881072998
call 6.356853008270264
call 6.337157726287842
call 6.309979677200317
call 6.387209415435791
call 6.31561541557312
call 6.279328346252441
call 6.286798715591431
request 1.3385341167449951
call 7.143981218338013
call 6.309585094451904
call 6.3109705448150635
call 6.364083290100098
call 6.324270486831665
call 6.39558744430542
call 6.306040048599243
call 6.393440246582031
call 6.308696269989014
call 6.299613952636719
call 6.370962381362915
call 6.308424949645996
call 6.311304807662964
call 6.384608507156372
call 6.316450595855713
call 6.37994909286499
call 6.329617738723755
call 6.783263444900513
call 6.409200429916382
call 6.500455617904663
call 6.478604793548584
call 6.414031028747559
call 6.464226961135864
call 6.417387962341309
call 6.42110538482666
call 6.396783828735352
call 6.403810977935791
call 6.3805060386657715
call 6.405265808105469
call 6.407869338989258
call 6.381451606750488
call 6.337940454483032
call 6.3740973472595215
call 6.418848752975464
call 6.383803129196167
call 6.306000709533691
call 6.384600400924683
call 6.311040163040161
call 6.389189004898071
call 6.303276538848877
call 6.305346965789795
call 6.291905641555786
call 6.30549693107605
call 6.303212404251099
call 6.386387348175049
call 6.307676315307617
call 6.299870252609253
call 6.510589838027954
call 6.514013290405273
call 6.568771600723267
c1f2d4_edge
request 1.4942433834075928
call 6.617425918579102
call 5.9973790645599365
call 5.999581336975098
call 5.991137742996216
call 6.0162248611450195
call 6.476823091506958
call 6.0052690505981445
call 5.995627164840698
call 5.999782085418701
call 6.090715646743774
call 5.930307149887085
call 6.491493463516235
call 5.998504877090454
call 6.000459909439087
call 5.963642120361328
call 5.837562084197998
call 5.894130229949951
call 5.8877763748168945
call 5.871353387832642
call 5.840543508529663
call 5.792051076889038
call 5.7799742221832275
call 5.823657274246216
call 5.765695095062256
call 5.834936618804932
call 5.715959787368774
call 5.790395021438599
call 5.797281265258789
call 5.784292459487915
call 5.7977917194366455
call 5.790445804595947
call 5.784225702285767
call 5.738182067871094
call 5.707479000091553
call 5.783016204833984
call 5.784908771514893
call 5.741863489151001
call 5.760370969772339
call 5.743495225906372
call 5.847402811050415
call 5.733138084411621
call 5.703843593597412
call 5.780215263366699
call 5.80230975151062
call 5.797335147857666
call 5.821330547332764
call 5.878219127655029
call 5.821269750595093
call 5.794528245925903
call 5.881891250610352
request 1.514061450958252
call 6.51008152961731
call 5.873103141784668
call 5.827509880065918
call 5.8648316860198975
call 5.799415588378906
call 5.796818733215332
call 5.813730955123901
call 5.792117595672607
call 5.814551830291748
call 5.745567560195923
call 5.826733827590942
call 5.8256847858428955
call 5.794588565826416
call 5.789638996124268
call 5.717051029205322
call 5.806143522262573
call 5.696277379989624
call 5.792708158493042
call 5.7837653160095215
call 5.720661401748657
call 5.692895889282227
call 5.700273275375366
call 6.177012920379639
call 5.739278078079224
call 5.782721757888794
call 5.800526142120361
call 5.79277229309082
call 5.783085584640503
call 5.749188423156738
call 5.767001152038574
call 5.767940282821655
call 5.751058578491211
call 5.789958477020264
call 5.77753758430481
call 5.801156759262085
call 5.715470552444458
call 5.713321208953857
call 5.77050256729126
call 5.729312896728516
call 5.866578102111816
call 5.720424175262451
call 5.786818027496338
call 5.804739236831665
call 5.7894885540008545
call 5.713542222976685
call 5.794882535934448
call 5.786730527877808
call 5.735165357589722
call 5.699602842330933
call 5.785250663757324
request 1.603379726409912
call 6.641839981079102
call 5.785378456115723
call 5.733465671539307
call 5.790027618408203
call 5.792762517929077
call 5.706471920013428
call 5.783491611480713
call 5.751903772354126
call 5.7707507610321045
call 5.776423692703247
call 5.803866624832153
call 5.708666801452637
call 5.708622217178345
call 5.79310941696167
call 6.1554741859436035
call 5.759136438369751
call 5.787155628204346
call 5.795422792434692
call 5.709131240844727
call 5.788856506347656
call 5.816771984100342
call 5.781954765319824
call 5.79776668548584
call 5.712170124053955
call 5.803637504577637
call 5.784811973571777
call 5.793895483016968
call 5.726900815963745
call 5.786949872970581
call 5.765784025192261
call 5.810339689254761
call 5.799911737442017
call 5.725138425827026
call 5.689706563949585
call 5.70840859413147
call 5.778475522994995
call 5.7220001220703125
call 5.710845947265625
call 5.785199165344238
call 5.716932535171509
call 5.771507263183594
call 5.803058385848999
call 5.804259538650513
call 5.886554479598999
call 5.885753870010376
call 5.841925621032715
call 5.882060289382935
call 5.8277246952056885
call 5.862569093704224
call 6.095024824142456
request 1.492049217224121
call 6.71681809425354
call 5.7054502964019775
call 5.856827974319458
call 5.820891380310059
call 5.812905788421631
call 5.779103755950928
call 5.814019203186035
call 5.803580045700073
call 5.788525581359863
call 5.800261974334717
call 5.797109365463257
call 5.808053970336914
call 5.792975187301636
call 5.800832509994507
call 5.814397573471069
call 5.783985376358032
call 5.794055461883545
call 5.720485210418701
call 5.70376443862915
call 5.70277738571167
call 5.781202077865601
call 5.6916797161102295
call 5.714173316955566
call 6.201595306396484
call 5.806190490722656
call 5.787320852279663
call 5.78703236579895
call 5.710484743118286
call 5.801776170730591
call 5.712712526321411
call 5.79045295715332
call 5.7441089153289795
call 5.743433475494385
call 5.723806858062744
call 5.793640851974487
call 5.78073263168335
call 5.836098670959473
call 5.762352705001831
call 5.717329740524292
call 5.79159140586853
call 5.809613227844238
call 5.688187599182129
call 5.784074068069458
call 5.71470046043396
call 5.819790601730347
call 5.711613655090332
call 5.77227258682251
call 5.709550619125366
call 5.77878737449646
call 5.7847912311553955
c1f2d4_cloud
request 1.333754062652588
call 7.162741661071777
call 6.325124979019165
call 6.3972344398498535
call 6.368536949157715
call 6.320507764816284
call 6.305872917175293
call 6.309795618057251
call 6.3640735149383545
call 6.668523550033569
call 6.255702495574951
call 6.298287630081177
call 6.385266542434692
call 6.3235228061676025
call 6.374531269073486
call 6.407505512237549
call 6.398286581039429
call 6.396418333053589
call 6.379812717437744
call 6.4019622802734375
call 6.331937551498413
call 6.38947606086731
call 6.46605658531189
call 6.4178619384765625
call 6.317870140075684
call 6.297398328781128
call 6.443985939025879
call 6.357239246368408
call 6.395006418228149
call 6.306515693664551
call 6.386363506317139
call 6.401722431182861
call 6.311689138412476
call 6.398735761642456
call 6.376460313796997
call 6.40140700340271
call 6.411928415298462
call 6.385302543640137
call 6.336788892745972
call 6.375025510787964
call 6.3841376304626465
call 6.40144681930542
call 6.338429927825928
call 6.3430211544036865
call 6.332197666168213
call 6.386152267456055
call 6.328061580657959
call 6.369400501251221
call 6.511724472045898
call 6.503017902374268
call 6.499732255935669
request 1.3392391204833984
call 7.352159261703491
call 6.423755645751953
call 6.481547594070435
call 6.4066009521484375
call 6.496579647064209
call 6.5107293128967285
call 6.4954938888549805
call 6.50386905670166
call 6.48555326461792
call 6.413895130157471
call 6.402463912963867
call 6.420243740081787
call 6.371097803115845
call 6.2906694412231445
call 6.3093039989471436
call 6.297490119934082
call 6.305856466293335
call 6.302934408187866
call 6.3031165599823
call 6.299314975738525
call 6.367406606674194
call 6.324036359786987
call 6.306725740432739
call 6.294888257980347
call 6.294628381729126
call 6.381972789764404
call 6.403908967971802
call 6.3083655834198
call 6.308029651641846
call 6.289962530136108
call 6.3093156814575195
call 6.397349119186401
call 6.369768381118774
call 6.320173025131226
call 6.317624568939209
call 6.374927520751953
call 6.328001976013184
call 6.870346546173096
call 6.414088010787964
call 6.30804967880249
call 6.313341379165649
call 6.274461269378662
call 6.4086198806762695
call 6.307294607162476
call 6.2901740074157715
call 6.301173686981201
call 6.306885719299316
call 6.379591703414917
call 6.510741233825684
call 6.503042936325073
request 1.3273141384124756
call 7.669792175292969
call 6.522240161895752
call 6.470935583114624
call 6.588665008544922
call 6.608946800231934
call 6.529151916503906
call 6.474508762359619
call 6.506341934204102
call 6.506521940231323
call 6.5115861892700195
call 6.581324577331543
call 6.487284421920776
call 6.516973495483398
call 6.410430192947388
call 6.869738817214966
call 6.3317506313323975
call 6.2913267612457275
call 6.3023412227630615
call 6.284500360488892
call 6.307493686676025
call 6.31459641456604
call 6.311205863952637
call 6.269009590148926
call 6.400926113128662
call 6.303439617156982
call 6.291348934173584
call 6.395950794219971
call 6.3878843784332275
call 6.311753988265991
call 6.314750671386719
call 6.304548025131226
call 6.292593479156494
call 6.392344951629639
call 6.397516965866089
call 6.316371440887451
call 6.350414752960205
call 6.329564094543457
call 6.312675952911377
call 6.394822120666504
call 6.7985520362854
call 6.3871541023254395
call 6.31741738319397
call 6.387524604797363
call 6.3102312088012695
call 6.382453441619873
call 6.3102898597717285
call 6.306814908981323
call 6.299811363220215
call 6.292420387268066
call 6.390960931777954
request 1.2920029163360596
call 7.30964994430542
call 6.596058368682861
call 6.51204776763916
call 6.319340229034424
call 6.296936511993408
call 6.389507055282593
call 6.300673246383667
call 6.2933149337768555
call 6.368648290634155
call 6.322614431381226
call 6.305817604064941
call 6.75346040725708
call 6.342125654220581
call 6.303796052932739
call 6.368243932723999
call 6.4081480503082275
call 6.4139533042907715
call 6.401601791381836
call 6.397939682006836
call 6.312606573104858
call 6.402628183364868
call 6.389410495758057
call 6.3868067264556885
call 6.421271324157715
call 6.3764097690582275
call 6.310991048812866
call 6.397736310958862
call 6.3914618492126465
call 6.415986061096191
call 6.3057615756988525
call 6.3860390186309814
call 6.300183296203613
call 6.403790473937988
call 6.400686502456665
call 6.384362459182739
call 6.32742166519165
call 6.390835285186768
call 6.402485609054565
call 6.396590232849121
call 6.37775182723999
call 6.408677101135254
call 6.389770984649658
call 6.393320322036743
call 6.326526880264282
call 6.301671028137207
call 6.299946308135986
call 6.385540723800659
call 6.396648645401001
call 6.4056432247161865
call 6.315955400466919
c1f2d6_cloud
request 1.522843599319458
call 7.378334045410156
call 6.590626239776611
call 6.600865364074707
call 6.487643718719482
call 7.112223863601685
call 7.690286636352539
call 7.832757472991943
call 7.588361978530884
call 7.68877911567688
call 7.704835891723633
call 7.788691997528076
call 7.7194294929504395
call 7.893901109695435
call 7.980630159378052
call 7.405569791793823
call 7.096282720565796
call 6.814381122589111
call 6.765309572219849
call 6.903344631195068
call 6.725023031234741
call 6.803479433059692
call 6.894745826721191
call 7.291577339172363
call 7.318856239318848
call 7.910412311553955
call 7.258992910385132
call 7.806775331497192
call 7.604081869125366
call 7.864832639694214
call 7.147711515426636
call 7.089149713516235
call 7.213789224624634
call 7.074504375457764
call 7.114810466766357
call 7.2018349170684814
call 7.008259057998657
call 6.976300954818726
call 6.926885366439819
call 6.701313257217407
call 6.881640672683716
call 7.294834613800049
call 7.608308553695679
call 7.9935431480407715
call 8.003779888153076
call 7.8992180824279785
call 7.808258295059204
call 7.482901573181152
call 7.809117317199707
call 7.501713514328003
call 7.7001073360443115
request 1.275867223739624
call 7.322987794876099
call 6.411932468414307
call 7.718403577804565
call 7.2917351722717285
call 7.49687385559082
call 7.996650457382202
call 7.609210729598999
call 7.717807292938232
call 7.692219257354736
call 7.784572124481201
call 7.405950307846069
call 7.303767442703247
call 7.169392108917236
call 7.001816272735596
call 7.005269527435303
call 6.79780125617981
call 7.3876423835754395
call 7.411104917526245
call 7.628607988357544
call 7.983559846878052
call 7.399219989776611
call 7.188986539840698
call 6.82621169090271
call 6.895673990249634
call 7.090416669845581
call 7.2027177810668945
call 6.90478777885437
call 6.983490943908691
call 6.898820638656616
call 7.2745747566223145
call 7.824880838394165
call 7.806507349014282
call 7.294532775878906
call 7.097787380218506
call 7.1188201904296875
call 7.388676404953003
call 7.692948579788208
call 7.485964775085449
call 7.129775524139404
call 7.058775424957275
call 7.23352313041687
call 7.385295629501343
call 7.586347341537476
call 7.7981791496276855
call 7.815598726272583
call 7.385108709335327
call 7.715432643890381
call 7.197557210922241
call 6.408789873123169
call 6.491136312484741
request 1.3300800323486328
call 8.072178602218628
call 6.880865097045898
call 7.022170305252075
call 7.292465686798096
call 7.300699949264526
call 7.405951976776123
call 7.610693693161011
call 7.8621721267700195
call 7.717050790786743
call 7.405103921890259
call 7.799079179763794
call 7.610131502151489
call 8.285583019256592
call 7.894231557846069
call 8.000169515609741
call 7.3316168785095215
call 6.990567445755005
call 6.901125907897949
call 6.7835071086883545
call 6.911718130111694
call 6.884154796600342
call 6.910847187042236
call 6.904106140136719
call 6.694323301315308
call 6.804240703582764
call 7.577735185623169
call 7.619055271148682
call 7.881587266921997
call 8.022610425949097
call 7.392081022262573
call 7.0917487144470215
call 6.885799884796143
call 7.107710123062134
call 7.318978786468506
call 7.166071653366089
call 7.42416787147522
call 7.195950984954834
call 7.494242191314697
call 7.309178352355957
call 7.096514463424683
call 7.093244552612305
call 6.617502927780151
call 6.686888694763184
call 7.026103734970093
call 7.387610912322998
call 7.48971700668335
call 7.695617198944092
call 8.090589046478271
call 7.394839525222778
call 6.517370223999023
request 1.3474392890930176
call 7.27159309387207
call 7.257452964782715
call 7.0309107303619385
call 6.9899537563323975
call 7.21484112739563
call 7.409013271331787
call 7.4921228885650635
call 7.702112436294556
call 7.775344133377075
call 7.159060001373291
call 7.453945875167847
call 7.006792306900024
call 6.8989081382751465
call 6.895442485809326
call 7.105535268783569
call 7.303636312484741
call 7.694336175918579
call 7.6832802295684814
call 7.521230459213257
call 7.397598743438721
call 7.476064920425415
call 7.595841646194458
call 7.203054666519165
call 6.906978607177734
call 6.807508230209351
call 6.810031175613403
call 7.194911003112793
call 6.8858723640441895
call 6.803962469100952
call 6.913320779800415
call 7.490418434143066
call 7.602062702178955
call 7.609354257583618
call 7.891107797622681
call 7.894466876983643
call 8.00176191329956
call 7.213205337524414
call 7.28706431388855
call 7.179711103439331
call 7.1179797649383545
call 7.103118419647217
call 7.112143516540527
call 6.988013982772827
call 6.702524900436401
call 6.992206811904907
call 7.209266901016235
call 6.967341899871826
call 7.319679021835327
call 6.9881370067596436
call 7.111819744110107
request 1.4401230812072754
call 8.579689502716064
call 7.503724575042725
call 7.986469507217407
call 7.898562908172607
call 7.70452880859375
call 7.497641563415527
call 7.822413444519043
call 7.487000465393066
call 7.617183208465576
call 7.5814244747161865
call 7.204222202301025
call 6.9879233837127686
call 6.928012371063232
call 7.295765399932861
call 7.07917857170105
call 7.103163719177246
call 7.267326593399048
call 7.050678730010986
call 6.767358779907227
call 7.228736639022827
call 6.983753442764282
call 7.331255197525024
call 7.265667676925659
call 7.706460237503052
call 7.886754751205444
call 7.209701776504517
call 6.9928553104400635
call 6.802303791046143
call 6.9025280475616455
call 6.8966758251190186
call 6.9847633838653564
call 6.799357891082764
call 7.014725923538208
call 7.30182671546936
call 7.699269533157349
call 7.392529487609863
call 7.6097166538238525
call 7.503487586975098
call 7.293510437011719
call 7.200094938278198
call 7.284907817840576
call 7.610029935836792
call 7.892116069793701
call 7.509835481643677
call 7.501149654388428
call 7.492172718048096
call 6.990311145782471
call 6.909045457839966
call 6.610821008682251
call 6.494485855102539
request 1.641998052597046
call 8.46993613243103
call 7.203398704528809
call 7.4101340770721436
call 7.486500024795532
call 7.609683036804199
call 7.699278354644775
call 7.688142538070679
call 7.714521169662476
call 7.789759635925293
call 8.020533800125122
call 7.784960508346558
call 7.690019845962524
call 7.767400026321411
call 7.812068223953247
call 7.323626279830933
call 6.910014629364014
call 6.876677989959717
call 7.022471189498901
call 7.091568231582642
call 6.888062953948975
call 6.806316137313843
call 6.798657417297363
call 7.0748372077941895
call 7.311866283416748
call 7.594229459762573
call 7.909564971923828
call 8.312322854995728
call 8.290497303009033
call 7.305875539779663
call 6.993662357330322
call 6.994673252105713
call 6.993480920791626
call 6.8906683921813965
call 6.793847322463989
call 6.708871364593506
call 6.815960168838501
call 6.896560430526733
call 6.899831533432007
call 7.102630138397217
call 7.286317348480225
call 7.408311367034912
call 7.713171482086182
call 7.786647319793701
call 7.879948377609253
call 7.609860181808472
call 7.917507648468018
call 6.497242450714111
call 6.4863879680633545
call 6.526007652282715
call 6.800779104232788
