c1f2d6_edge
request 1.7941973209381104
call 2.524714231491089
call 2.130275011062622
call 2.1461923122406006
call 2.1137197017669678
call 2.1184885501861572
call 2.1054041385650635
call 2.112342596054077
call 2.078279733657837
call 2.1915764808654785
call 2.178034782409668
call 2.1271231174468994
call 2.1133363246917725
call 2.169774055480957
call 2.029226064682007
call 2.064744710922241
call 2.0340654850006104
call 2.047762632369995
call 2.037994861602783
call 2.0720229148864746
call 2.04184627532959
call 2.0775678157806396
call 2.0811281204223633
call 2.0421946048736572
call 2.0832228660583496
call 2.1062428951263428
call 2.073712110519409
call 2.110435724258423
call 2.0951640605926514
call 2.5968334674835205
call 2.034325361251831
call 2.0855438709259033
call 1.9954407215118408
call 2.11407732963562
call 2.070115089416504
call 2.1059205532073975
call 2.1087615489959717
call 2.0856778621673584
call 2.020566463470459
call 2.0725815296173096
call 2.026197910308838
call 2.0844593048095703
call 2.0993595123291016
call 2.4021575450897217
call 2.210989236831665
call 2.2878034114837646
call 2.395928382873535
call 2.298062562942505
call 2.3168771266937256
call 2.288086414337158
call 2.274311065673828
request 1.5728938579559326
call 2.681936025619507
call 2.202986478805542
call 2.3096539974212646
call 2.2969822883605957
call 2.191767930984497
call 2.2739994525909424
call 2.2302396297454834
call 2.1657586097717285
call 2.14701771736145
call 2.1740972995758057
call 2.194554567337036
call 2.1944632530212402
call 2.106508493423462
call 2.102341413497925
call 2.010533332824707
call 2.0728037357330322
call 2.031802177429199
call 2.0589797496795654
call 2.035175085067749
call 2.0975892543792725
call 2.1101536750793457
call 2.0976221561431885
call 2.0801732540130615
call 2.1102468967437744
call 2.0683350563049316
call 2.047330856323242
call 2.076014518737793
call 2.008601427078247
call 2.098057508468628
call 2.090301036834717
call 2.1075398921966553
call 2.0931320190429688
call 2.0847768783569336
call 2.009558916091919
call 2.0983712673187256
call 1.9978253841400146
call 2.0993897914886475
call 2.007561683654785
call 2.0918593406677246
call 2.013526678085327
call 2.0902163982391357
call 2.093651533126831
call 2.103367328643799
call 2.0850000381469727
call 2.13570237159729
call 2.100954532623291
call 2.095118999481201
call 2.094839572906494
call 2.0737826824188232
call 2.0545883178710938
request 1.492706298828125
call 2.524156332015991
call 2.096979856491089
call 2.1012213230133057
call 2.0739424228668213
call 2.1506247520446777
call 2.1612305641174316
call 2.112259864807129
call 2.098054885864258
call 2.1003575325012207
call 2.1019418239593506
call 2.1150307655334473
call 2.0879263877868652
call 2.1594672203063965
call 2.054222822189331
call 2.0821585655212402
call 2.0975401401519775
call 2.103548288345337
call 2.0840680599212646
call 2.1067397594451904
call 2.395977020263672
call 2.1787214279174805
call 2.0398447513580322
call 2.094156265258789
call 2.1045799255371094
call 2.1019091606140137
call 2.088069200515747
call 2.1100594997406006
call 2.0924060344696045
call 2.0915725231170654
call 2.048806667327881
call 2.0522565841674805
call 2.11112380027771
call 2.0914058685302734
call 1.9973464012145996
call 2.1970057487487793
call 2.1078383922576904
call 2.0809762477874756
call 2.11940336227417
call 2.096351146697998
call 2.089069366455078
call 2.1269466876983643
call 2.0956931114196777
call 2.098214864730835
call 2.0769197940826416
call 2.108128547668457
call 2.1018974781036377
call 2.1017158031463623
call 1.990312099456787
call 2.4248886108398438
call 2.266134023666382
request 1.5472371578216553
call 2.5870471000671387
call 2.1004395484924316
call 2.0873208045959473
call 2.109745502471924
call 2.0942726135253906
call 2.123340368270874
call 2.153810739517212
call 2.0429553985595703
call 2.074115514755249
call 2.1133525371551514
call 2.104170560836792
call 2.081821918487549
call 2.111280918121338
call 2.12481951713562
call 2.0869197845458984
call 2.080705404281616
call 2.116548776626587
call 2.0917842388153076
call 2.193829298019409
call 2.1134934425354004
call 2.581425189971924
call 2.116387128829956
call 2.0904641151428223
call 2.0851125717163086
call 2.111541509628296
call 2.080575466156006
call 2.0975661277770996
call 2.0415356159210205
call 2.0985658168792725
call 2.1129565238952637
call 2.0851316452026367
call 2.083777904510498
call 2.0992813110351562
call 2.074357509613037
call 2.024906873703003
call 2.076606035232544
call 2.1076912879943848
call 2.1277356147766113
call 2.0719006061553955
call 2.1199615001678467
call 2.0932729244232178
call 2.1078622341156006
call 2.18066143989563
call 2.116879940032959
call 2.0983500480651855
call 2.0907201766967773
call 2.120718240737915
call 1.9972596168518066
call 2.07297945022583
call 2.4326651096343994
request 1.5105483531951904
call 2.762518882751465
call 2.1262075901031494
call 2.1830625534057617
call 2.1902060508728027
call 2.1035330295562744
call 2.170226812362671
call 2.198559284210205
call 2.2323412895202637
call 2.194791078567505
call 2.217327117919922
call 2.427218198776245
call 2.071826934814453
call 2.1289570331573486
call 2.0835163593292236
call 2.0835113525390625
call 2.1222617626190186
call 2.0685367584228516
call 2.0943479537963867
call 2.108548402786255
call 2.0988028049468994
call 2.109332799911499
call 2.0937864780426025
call 2.1143624782562256
call 2.1092758178710938
call 2.0789918899536133
call 2.2713968753814697
call 2.025344133377075
call 2.0696442127227783
call 2.117788553237915
call 2.0764999389648438
call 2.1074838638305664
call 2.095165967941284
call 2.1154563426971436
call 2.0905537605285645
call 2.171907663345337
call 2.0341033935546875
call 2.108621835708618
call 2.1028106212615967
call 2.095139265060425
call 2.261091947555542
call 2.051520347595215
call 2.079129457473755
call 2.10607647895813
call 2.1018807888031006
call 2.0893969535827637
call 2.017756938934326
call 2.0856096744537354
call 2.0121264457702637
call 2.095318078994751
call 2.08113694190979
request 1.5227179527282715
call 2.6636903285980225
call 2.0876922607421875
call 2.2073934078216553
call 2.1270534992218018
call 2.1450228691101074
call 2.0904550552368164
call 2.1118123531341553
call 2.106923818588257
call 2.1149353981018066
call 2.0854952335357666
call 2.0988872051239014
call 2.10605788230896
call 2.1000704765319824
call 2.08870005607605
call 2.1120471954345703
call 2.092257499694824
call 2.1050047874450684
call 2.1035523414611816
call 2.1022398471832275
call 2.1141929626464844
call 2.150463819503784
call 2.042059898376465
call 2.069971799850464
call 2.005068778991699
call 2.016420841217041
call 2.091491460800171
call 2.0680222511291504
call 2.0351481437683105
call 2.0920772552490234
call 2.012983798980713
call 2.099527359008789
call 2.07407546043396
call 2.234922409057617
call 2.0748074054718018
call 2.0914196968078613
call 2.5670135021209717
call 2.0514280796051025
call 2.068814516067505
call 2.102703332901001
call 2.0242319107055664
call 2.091630220413208
call 2.091702461242676
call 2.0736026763916016
call 2.0361132621765137
call 2.0771985054016113
call 2.0454366207122803
call 2.0680506229400635
call 2.0974035263061523
call 2.0992202758789062
call 2.102733612060547
c1f2d8_edge
request 1.5128405094146729
call 2.6656579971313477
call 2.204129934310913
call 2.214590549468994
call 2.1630117893218994
call 2.1052498817443848
call 2.0986721515655518
call 2.098532199859619
call 2.1202971935272217
call 2.0896878242492676
call 2.08007550239563
call 2.0313377380371094
call 1.9847443103790283
call 2.019848585128784
call 1.9963839054107666
call 2.077888011932373
call 2.1169612407684326
call 2.0563318729400635
call 2.0333354473114014
call 2.0807719230651855
call 2.040268898010254
call 2.0854899883270264
call 2.0875766277313232
call 2.1026008129119873
call 2.1087594032287598
call 2.088188409805298
call 2.030945062637329
call 2.072507858276367
call 2.0225446224212646
call 2.0548958778381348
call 2.036517858505249
call 2.0754125118255615
call 2.021796941757202
call 2.082102060317993
call 2.0154807567596436
call 2.0784072875976562
call 2.0815203189849854
call 2.104897975921631
call 2.1842358112335205
call 2.107736587524414
call 2.0319526195526123
call 2.092203378677368
call 2.0982749462127686
call 2.0781233310699463
call 2.047356128692627
call 2.0940439701080322
call 2.0797808170318604
call 2.131166934967041
call 2.1565141677856445
call 2.144631862640381
call 2.089299201965332
request 1.6040165424346924
call 2.5896518230438232
call 2.1907598972320557
call 2.306499719619751
call 2.217231273651123
call 2.2064666748046875
call 2.2021992206573486
call 2.261019468307495
call 2.207552433013916
call 2.173671245574951
call 2.119642972946167
call 2.0968034267425537
call 2.1013600826263428
call 2.089789867401123
call 2.105314016342163
call 2.0832462310791016
call 2.087445020675659
call 2.029750347137451
call 2.077723264694214
call 2.032545804977417
call 2.0706520080566406
call 2.212381362915039
call 2.0784969329833984
call 2.1056880950927734
call 2.101515531539917
call 2.111290454864502
call 2.127742290496826
call 2.0743229389190674
call 2.108711004257202
call 2.094521999359131
call 2.1042940616607666
call 2.0945847034454346
call 2.127079963684082
call 2.1593666076660156
call 2.11635160446167
call 2.1958467960357666
call 2.084768056869507
call 2.12502384185791
call 2.0699446201324463
call 2.110323905944824
call 2.1091082096099854
call 2.0914409160614014
call 2.089914560317993
call 2.129223346710205
call 2.1062324047088623
call 2.076489210128784
call 2.2011663913726807
call 2.110402822494507
call 2.1777946949005127
call 2.110260486602783
call 2.209411382675171
request 1.6473047733306885
call 2.6090598106384277
call 2.1251916885375977
call 2.2532052993774414
call 2.1148531436920166
call 2.1367809772491455
call 2.200899839401245
call 2.086247682571411
call 2.090524196624756
call 2.1035666465759277
call 2.0932669639587402
call 2.0851197242736816
call 2.0348989963531494
call 2.0842978954315186
call 2.0174343585968018
call 2.101337194442749
call 1.9781558513641357
call 2.0767858028411865
call 2.0245132446289062
call 2.1183886528015137
call 2.072693109512329
call 2.1264538764953613
call 2.053298234939575
call 2.04268741607666
call 1.9957671165466309
call 2.070035934448242
call 2.124614715576172
call 2.012692451477051
call 2.055492401123047
call 2.0359959602355957
call 2.078745126724243
call 2.0470471382141113
call 2.071190357208252
call 2.0998456478118896
call 2.082127094268799
call 2.1046793460845947
call 2.1018903255462646
call 2.087676763534546
call 2.0177817344665527
call 2.074110984802246
call 2.0229074954986572
call 2.1295549869537354
call 2.036987066268921
call 2.111971378326416
call 2.111762046813965
call 2.211228370666504
call 2.19061279296875
call 2.096346616744995
call 2.0945279598236084
call 2.3949193954467773
call 2.2063350677490234
request 1.5386266708374023
call 2.554851531982422
call 2.091674327850342
call 2.084071636199951
call 2.080021858215332
call 2.0282163619995117
call 2.097731828689575
call 2.0896506309509277
call 2.0796823501586914
call 2.2220089435577393
call 2.103931427001953
call 2.09285569190979
call 2.095890522003174
call 2.1007182598114014
call 2.099731206893921
call 2.1125950813293457
call 1.9934237003326416
call 2.026205539703369
call 2.0698273181915283
call 2.10986328125
call 2.08693265914917
call 2.017280340194702
call 2.0687074661254883
call 2.1101791858673096
call 2.0951924324035645
call 2.1375560760498047
call 2.5289762020111084
call 2.2212603092193604
call 2.2404563426971436
call 2.1599209308624268
call 2.1156020164489746
call 2.2143983840942383
call 2.1128759384155273
call 2.084045171737671
call 2.0990817546844482
call 2.1104414463043213
call 2.190477132797241
call 2.198167085647583
call 2.1044905185699463
call 2.103691577911377
call 2.549440860748291
call 2.2367022037506104
call 2.177403688430786
call 2.108452081680298
call 2.014415740966797
call 2.0906283855438232
call 2.1003217697143555
call 2.1129205226898193
call 2.090301036834717
call 2.094817876815796
call 2.081190824508667
request 1.5965838432312012
call 2.635032892227173
call 2.1290030479431152
call 2.118107557296753
call 2.1799917221069336
call 2.3034451007843018
call 2.1984055042266846
call 2.196115016937256
call 2.1248154640197754
call 2.475522756576538
call 2.4134137630462646
call 2.2914321422576904
call 2.2068164348602295
call 2.1964902877807617
call 2.098120927810669
call 2.106363296508789
call 2.4450857639312744
call 2.049198865890503
call 2.0621984004974365
call 2.030322551727295
call 2.0818328857421875
call 2.106199026107788
call 2.089311122894287
call 2.108856201171875
call 2.09885311126709
call 2.1072375774383545
call 2.099378824234009
call 2.126042127609253
call 2.111546754837036
call 2.0824570655822754
call 2.1270415782928467
call 2.2635228633880615
call 2.0937602519989014
call 2.1026549339294434
call 2.0868306159973145
call 2.0967442989349365
call 2.1003262996673584
call 2.1144261360168457
call 2.0903613567352295
call 2.1177096366882324
call 2.068446159362793
call 2.0414822101593018
call 2.066230535507202
call 2.103685140609741
call 2.1126935482025146
call 2.253967523574829
call 2.1389570236206055
call 2.082730293273926
call 2.124990224838257
call 2.107377290725708
call 2.0835821628570557
request 1.5211665630340576
call 2.659234046936035
call 2.104428768157959
call 2.0862808227539062
call 2.0918734073638916
call 2.095675468444824
call 2.085407018661499
call 2.114445924758911
call 2.094120502471924
call 2.1360270977020264
call 2.083512306213379
call 2.093682050704956
call 2.095749616622925
call 2.0855252742767334
call 2.108644723892212
call 2.0981624126434326
call 1.9998219013214111
call 2.013646364212036
call 2.0150644779205322
call 2.057554244995117
call 2.0125927925109863
call 2.0017683506011963
call 2.096820592880249
call 2.0076167583465576
call 2.070253610610962
call 2.026069164276123
call 2.1007540225982666
call 2.1004879474639893
call 1.9959805011749268
call 2.0796170234680176
call 2.0375378131866455
call 2.067586660385132
call 2.038419008255005
call 2.0955326557159424
call 2.1539909839630127
call 2.1398110389709473
call 2.1779143810272217
call 2.0975229740142822
call 2.1901004314422607
call 2.107844352722168
call 2.1070163249969482
call 2.117764711380005
call 2.105194091796875
call 2.108788013458252
call 2.1716463565826416
call 2.1171164512634277
call 2.0740697383880615
call 2.102169990539551
call 2.1298768520355225
call 2.089724063873291
call 2.0989015102386475
request 1.4189746379852295
call 2.5342977046966553
call 2.0942885875701904
call 2.1051745414733887
call 2.093700647354126
call 2.0944173336029053
call 1.9997303485870361
call 2.0141687393188477
call 2.0275349617004395
call 2.0668537616729736
call 2.0073318481445312
call 1.9983956813812256
call 2.0727767944335938
call 2.010505437850952
call 2.014796733856201
call 2.0867831707000732
call 2.0145211219787598
call 2.075892686843872
call 2.0270745754241943
call 2.0815277099609375
call 2.1154580116271973
call 2.087127447128296
call 2.0201427936553955
call 2.1683614253997803
call 2.417145013809204
call 2.307255506515503
call 2.1981306076049805
call 2.2079522609710693
call 2.1023826599121094
call 2.157494306564331
call 2.1160526275634766
call 2.1041812896728516
call 2.0914180278778076
call 2.111433506011963
call 2.1860361099243164
call 2.214942216873169
call 2.078794479370117
call 2.0987699031829834
call 2.304955244064331
call 2.0900607109069824
call 2.017188787460327
call 2.0085504055023193
call 2.03289794921875
call 2.053882122039795
call 2.0976665019989014
call 2.1042909622192383
call 2.0900280475616455
call 2.0985453128814697
call 2.083559274673462
call 2.109952926635742
call 2.2907726764678955
request 1.9615228176116943
call 2.493349075317383
call 2.158437967300415
call 2.423966407775879
call 2.294213056564331
call 2.3927738666534424
call 2.1129438877105713
call 2.415947675704956
call 2.4116499423980713
call 2.2546608448028564
call 2.2049436569213867
call 2.203148603439331
call 2.1130270957946777
call 2.0800416469573975
call 2.173940420150757
call 2.0574257373809814
call 2.067882776260376
call 2.0420868396759033
call 2.0669469833374023
call 2.0251216888427734
call 2.0941269397735596
call 2.106090545654297
call 2.0643649101257324
call 2.118741750717163
call 2.014223098754883
call 2.0741662979125977
call 2.0016138553619385
call 2.0178399085998535
call 1.9922924041748047
call 2.0754358768463135
call 2.1008918285369873
call 2.0378730297088623
call 2.086350202560425
call 2.1054224967956543
call 2.093635320663452
call 2.0913145542144775
call 2.027639865875244
call 2.0552494525909424
call 2.0251340866088867
call 2.095536708831787
call 2.1000473499298096
call 2.092489719390869
call 2.089618444442749
call 2.1023108959198
call 2.1098501682281494
call 2.1396124362945557
call 2.0658271312713623
call 2.097877025604248
call 2.0847015380859375
call 2.1938252449035645
call 2.1039071083068848
c1f2d8_cloud
request 1.3982505798339844
call 6.289684534072876
call 3.687502384185791
call 4.295491695404053
call 3.6812055110931396
call 3.292095184326172
call 3.7279093265533447
call 4.294275522232056
call 3.7627716064453125
call 3.3313403129577637
call 3.2974624633789062
call 3.317535161972046
call 3.389288902282715
call 3.6898908615112305
call 3.60579252243042
call 3.5091030597686768
call 3.3704402446746826
call 3.6032652854919434
call 3.3012936115264893
call 3.3037195205688477
call 3.404197931289673
call 3.37941837310791
call 4.53329610824585
call 3.4888980388641357
call 3.3115234375
call 3.623605489730835
call 3.6893601417541504
call 3.583291530609131
call 3.5117099285125732
call 3.5760107040405273
call 3.5965046882629395
call 3.680584669113159
call 3.717045783996582
call 3.7072765827178955
call 3.6076648235321045
call 3.586103677749634
call 3.815368890762329
call 3.683485269546509
call 3.8927855491638184
call 3.697566032409668
call 3.719602346420288
call 3.682286024093628
call 3.5968708992004395
call 3.411595344543457
call 3.400791883468628
call 3.3856046199798584
call 4.0293800830841064
call 4.394224405288696
call 3.377509117126465
call 3.414119005203247
call 3.72772479057312
request 1.4445228576660156
call 3.8692691326141357
call 4.309521436691284
call 3.4041264057159424
call 3.301522970199585
call 3.392394542694092
call 3.3039820194244385
call 3.4252796173095703
call 3.252366065979004
call 3.307962417602539
call 3.7822139263153076
call 3.223554849624634
call 3.310103416442871
call 3.5881597995758057
call 3.611046314239502
call 3.517824411392212
call 3.5570781230926514
call 3.4110145568847656
call 3.700392007827759
call 3.927293539047241
call 4.4576616287231445
call 4.0102925300598145
call 4.426285982131958
call 3.274691104888916
call 3.310218572616577
call 3.289377212524414
call 3.437063455581665
call 3.665678024291992
call 3.599255084991455
call 3.5061001777648926
call 3.5754683017730713
call 3.704896926879883
call 3.5242817401885986
call 3.686720371246338
call 3.703158378601074
call 3.6807503700256348
call 3.616546392440796
call 3.6193394660949707
call 3.680391311645508
call 3.9090590476989746
call 3.8064897060394287
call 3.768153190612793
call 3.7027409076690674
call 3.6170239448547363
call 3.3979833126068115
call 3.395332098007202
call 3.3634393215179443
call 3.3995859622955322
call 3.351879835128784
call 3.1804327964782715
call 3.2973415851593018
request 1.3371467590332031
call 4.024419546127319
call 3.3207526206970215
call 3.3155150413513184
call 3.2534115314483643
call 3.288405656814575
call 3.2218215465545654
call 3.4026031494140625
call 3.292179584503174
call 3.6370725631713867
call 4.983562707901001
call 3.4012763500213623
call 3.315089464187622
call 5.082096338272095
call 3.306784152984619
call 3.3814144134521484
call 3.304417848587036
call 4.2943127155303955
call 3.4191417694091797
call 3.5938148498535156
call 3.4805948734283447
call 3.605619192123413
call 3.4017739295959473
call 3.7103371620178223
call 3.8975601196289062
call 3.780702590942383
call 3.3292391300201416
call 3.29323673248291
call 3.4031600952148438
call 3.3119499683380127
call 3.3701093196868896
call 3.4134130477905273
call 5.588764429092407
call 5.4590771198272705
call 5.450942277908325
call 3.6586313247680664
call 3.708240032196045
call 3.627882242202759
call 5.387966632843018
call 3.4184021949768066
call 4.2620439529418945
call 3.679626703262329
call 3.8294448852539062
call 3.69537353515625
call 3.6362574100494385
call 3.659339666366577
call 3.613778829574585
call 3.498778820037842
call 3.402517080307007
call 3.4024431705474854
call 3.405813694000244
request 1.2799632549285889
call 3.8650453090667725
call 3.215773582458496
call 3.278019905090332
call 3.300259828567505
call 3.2225613594055176
call 3.7851593494415283
call 3.390707015991211
call 4.838471412658691
call 3.374228000640869
call 3.3890297412872314
call 3.3373069763183594
call 3.46794056892395
call 3.3183481693267822
call 3.282078981399536
call 4.289348363876343
call 3.7010040283203125
call 5.31766939163208
call 4.888960361480713
call 3.7893564701080322
call 4.504289388656616
call 3.698197364807129
call 3.9903371334075928
call 5.236794471740723
call 3.7794148921966553
call 5.312463998794556
call 3.4880948066711426
call 3.388599157333374
call 3.420706033706665
call 3.5055530071258545
call 3.574770927429199
call 3.5816283226013184
call 3.5236334800720215
call 3.5113279819488525
call 3.668823003768921
call 3.8319175243377686
call 3.7834341526031494
call 3.604874610900879
call 3.6103715896606445
call 3.5563125610351562
call 3.662759304046631
call 3.8810932636260986
call 3.653597831726074
call 3.543311357498169
call 3.5729434490203857
call 3.705214023590088
call 3.5207417011260986
call 3.491055965423584
call 3.412569284439087
call 3.4745826721191406
call 3.4066267013549805
request 1.333219289779663
call 3.8835794925689697
call 3.3141820430755615
call 3.4818222522735596
call 3.308076858520508
call 3.2821884155273438
call 3.437127113342285
call 3.986727476119995
call 3.2979092597961426
call 3.290207862854004
call 4.3871009349823
call 3.6158182621002197
call 3.2933037281036377
call 3.4393200874328613
call 3.4907593727111816
call 5.295417785644531
call 3.383478879928589
call 5.514656066894531
call 3.5019266605377197
call 3.341376304626465
call 3.3267900943756104
call 4.942007064819336
call 3.5524325370788574
call 3.5204005241394043
call 3.2941784858703613
call 3.394577980041504
call 3.6035468578338623
call 3.58540415763855
call 3.8328144550323486
call 3.482491970062256
call 3.382740020751953
call 3.621156692504883
call 3.8835391998291016
call 3.7174506187438965
call 4.186255693435669
call 5.4116833209991455
call 3.3007235527038574
call 3.41098952293396
call 3.6872639656066895
call 3.6921799182891846
call 3.6072804927825928
call 3.595071792602539
call 3.615628480911255
call 3.465376853942871
call 3.39796781539917
call 3.6006686687469482
call 3.4252772331237793
call 3.296104907989502
call 3.1915042400360107
call 3.29762601852417
call 3.2016947269439697
request 1.3640153408050537
call 3.9078850746154785
call 3.3919806480407715
call 3.29060697555542
call 3.4317877292633057
call 3.46386456489563
call 3.5209643840789795
call 3.3724794387817383
call 3.31602144241333
call 3.321091890335083
call 3.27785062789917
call 3.298276901245117
call 3.2039241790771484
call 3.306253671646118
call 3.9121029376983643
call 5.2133777141571045
call 3.679331064224243
call 3.3877484798431396
call 3.7744224071502686
call 3.317869186401367
call 3.4939980506896973
call 3.8158087730407715
call 3.589830160140991
call 3.4799277782440186
call 3.4229867458343506
call 3.4807114601135254
call 3.5306236743927
call 3.427581310272217
call 3.433593511581421
call 3.5276966094970703
call 3.286604642868042
call 4.536317825317383
call 4.958760976791382
call 3.5194036960601807
call 3.6005589962005615
call 3.7934679985046387
call 3.508556604385376
call 3.603386878967285
call 3.5800538063049316
call 3.8226187229156494
call 3.675259828567505
call 3.675412654876709
call 3.6295111179351807
call 3.5967252254486084
call 3.6052911281585693
call 3.709886074066162
call 3.7867417335510254
call 3.7095839977264404
call 3.6759226322174072
call 3.621293067932129
call 3.603694438934326
request 1.3493990898132324
call 4.031484127044678
call 3.387434244155884
call 3.299851894378662
call 3.2056503295898438
call 3.6954033374786377
call 4.900062084197998
call 3.4010541439056396
call 3.60551118850708
call 3.800485134124756
call 3.698901653289795
call 3.889432907104492
call 4.2878735065460205
call 3.508985757827759
call 3.301180124282837
call 3.382476568222046
call 4.9237141609191895
call 3.583956718444824
call 3.555591106414795
call 4.543125867843628
call 3.7918541431427
call 3.726553201675415
call 4.015663146972656
call 3.4681289196014404
call 3.8003089427948
call 4.519970655441284
call 3.872028350830078
call 3.9901318550109863
call 3.624126434326172
call 3.5873398780822754
call 3.602976083755493
call 3.997528076171875
call 3.899632215499878
call 4.109206914901733
call 4.612898826599121
call 3.6631369590759277
call 3.8362531661987305
call 4.285948276519775
call 5.32213020324707
call 3.3959076404571533
call 3.3793118000030518
call 3.3239762783050537
call 3.3858377933502197
call 3.2925539016723633
call 3.5179803371429443
call 3.4709339141845703
call 3.5023438930511475
call 3.505681037902832
call 3.5076539516448975
call 3.4085428714752197
call 3.482145309448242
request 1.3264501094818115
call 3.9068543910980225
call 3.2298479080200195
call 3.6793837547302246
call 3.195481061935425
call 3.2947165966033936
call 3.3464434146881104
call 3.346956253051758
call 3.3317859172821045
call 3.2920210361480713
call 3.189736843109131
call 3.207980155944824
call 3.2724030017852783
call 3.2586777210235596
call 3.268022298812866
call 3.297438144683838
call 3.228862762451172
call 3.272644281387329
call 3.2136547565460205
call 3.2768638134002686
call 3.384880781173706
call 3.3236308097839355
call 3.2816050052642822
call 3.207702398300171
call 3.219064950942993
call 3.301222801208496
call 3.3683788776397705
call 3.306901693344116
call 3.1818320751190186
call 3.228325128555298
call 3.33071231842041
call 3.351576566696167
call 3.1983320713043213
call 3.212364673614502
call 3.2261147499084473
call 3.3060624599456787
call 3.2422068119049072
call 3.3176794052124023
call 3.403770685195923
call 3.389698028564453
call 3.8052875995635986
call 3.222133159637451
call 3.2825233936309814
call 3.2845635414123535
call 3.232713222503662
call 3.3642661571502686
call 3.338590145111084
call 3.3766086101531982
call 3.3902499675750732
call 3.4232919216156006
call 3.5779500007629395
c1f2d2_edge
request 1.5857477188110352
call 2.559662103652954
call 2.2368006706237793
call 2.1577227115631104
call 2.189661741256714
call 2.216487407684326
call 2.1003546714782715
call 2.197057008743286
call 2.185267686843872
call 2.1875078678131104
call 2.116013526916504
call 2.3820579051971436
call 2.1150872707366943
call 2.126649856567383
call 2.078503370285034
call 2.097238063812256
call 2.1075849533081055
call 2.089370012283325
call 2.080554962158203
call 2.1293089389801025
call 2.1049294471740723
call 2.100005626678467
call 2.0860254764556885
call 2.108952283859253
call 2.094552516937256
call 2.110781192779541
call 2.0946741104125977
call 2.090522289276123
call 2.1201794147491455
call 2.093097448348999
call 2.083392858505249
call 2.112109422683716
call 2.111534595489502
call 2.1849405765533447
call 2.0649313926696777
call 2.1279149055480957
call 2.1062183380126953
call 2.092210292816162
call 2.1191468238830566
call 2.189406633377075
call 2.1999194622039795
call 2.3018643856048584
call 2.300276756286621
call 2.205760955810547
call 2.383579969406128
call 2.208470344543457
call 2.2003331184387207
call 2.254340410232544
call 2.2433860301971436
call 2.299582004547119
call 2.2970919609069824
request 1.5617578029632568
call 2.695844888687134
call 2.3087942600250244
call 2.311044454574585
call 2.302565097808838
call 2.198828935623169
call 2.289808988571167
call 2.3108720779418945
call 2.2031986713409424
call 2.2918150424957275
call 2.3660635948181152
call 2.209622859954834
call 2.202301025390625
call 2.2157535552978516
call 2.1011321544647217
call 2.184906244277954
call 2.129279851913452
call 2.1786534786224365
call 2.1012661457061768
call 2.19716215133667
call 2.1733553409576416
call 2.1321821212768555
call 2.0879530906677246
call 2.0970215797424316
call 2.1124064922332764
call 2.088582992553711
call 2.086559772491455
call 2.1082816123962402
call 2.0957884788513184
call 2.1106536388397217
call 2.1092560291290283
call 2.087740898132324
call 2.1061840057373047
call 2.1033694744110107
call 2.0897626876831055
call 2.1139636039733887
call 2.1019909381866455
call 2.1734516620635986
call 2.0934150218963623
call 2.124910354614258
call 2.088899612426758
call 2.1148505210876465
call 2.0901498794555664
call 2.116349935531616
call 2.0884761810302734
call 2.0680673122406006
call 2.1278412342071533
call 2.083636999130249
call 2.135235548019409
call 2.092073678970337
call 2.0930917263031006
c1f2d2_cloud
request 1.4015989303588867
call 3.78362774848938
call 3.833728075027466
call 3.4616849422454834
call 3.4866936206817627
call 3.80247163772583
call 3.3863863945007324
call 3.3290982246398926
call 3.4762754440307617
call 3.4882025718688965
call 3.425691843032837
call 3.3890750408172607
call 3.4075663089752197
call 3.4055590629577637
call 3.4082791805267334
call 3.380795478820801
call 3.388857364654541
call 3.3967039585113525
call 3.406482219696045
call 3.39827561378479
call 3.490001916885376
call 3.4140985012054443
call 3.4010818004608154
call 3.4028491973876953
call 3.3981947898864746
call 3.38126540184021
call 3.3146262168884277
call 3.400514602661133
call 3.307500123977661
call 3.294041156768799
call 3.2860989570617676
call 3.2284178733825684
call 3.2567012310028076
call 3.312805414199829
call 3.2087955474853516
call 3.2047812938690186
call 3.325746774673462
call 3.2654531002044678
call 3.416090965270996
call 3.592046022415161
call 3.19024920463562
call 3.2175216674804688
call 3.3919949531555176
call 3.3036794662475586
call 3.1942574977874756
call 3.2031350135803223
call 3.198963165283203
call 3.271042585372925
call 3.2240962982177734
call 3.223503351211548
call 3.272444248199463
request 1.3678197860717773
call 3.969231367111206
call 3.4013922214508057
call 3.4131014347076416
call 3.4041144847869873
call 3.405606269836426
call 3.5507307052612305
call 3.5230214595794678
call 3.323518753051758
call 3.868140697479248
call 3.415957450866699
call 3.5226285457611084
call 3.450753927230835
call 3.4320623874664307
call 3.4552676677703857
call 3.3385558128356934
call 3.391094923019409
call 3.640336275100708
call 3.373370409011841
call 3.410313367843628
call 3.394042730331421
call 3.391441822052002
call 3.4043171405792236
call 3.3862929344177246
call 3.395108938217163
call 3.41632080078125
call 3.3476648330688477
call 3.378573417663574
call 3.4499456882476807
call 3.2958455085754395
call 3.2937536239624023
call 3.3171627521514893
call 3.289508104324341
call 3.28129243850708
call 3.229564905166626
call 3.2817542552948
call 3.79213809967041
call 3.2217342853546143
call 3.1895058155059814
call 3.297907829284668
call 3.2932658195495605
call 3.298441171646118
call 3.2159831523895264
call 3.210653305053711
call 3.2847747802734375
call 3.211742401123047
call 3.2172882556915283
call 3.2723963260650635
call 3.4025816917419434
call 3.491900682449341
call 3.405493974685669
c1f2d4_edge
request 1.7246642112731934
call 2.5373246669769287
call 2.110240936279297
call 2.173892021179199
call 2.121856451034546
call 2.17899489402771
call 2.1703550815582275
call 2.0679194927215576
call 2.074799060821533
call 2.1115105152130127
call 2.1061651706695557
call 2.0887296199798584
call 2.08184814453125
call 2.1171677112579346
call 2.077876567840576
call 2.131681203842163
call 2.083298921585083
call 2.096139430999756
call 2.019772529602051
call 2.1007094383239746
call 2.0752995014190674
call 2.189925193786621
call 2.1086337566375732
call 2.097712516784668
call 2.0122649669647217
call 2.100071907043457
call 2.099656581878662
call 2.1101837158203125
call 2.1148319244384766
call 2.064631223678589
call 2.001328229904175
call 2.1059300899505615
call 2.1149539947509766
call 2.0846145153045654
call 2.102156400680542
call 2.4978318214416504
call 2.082672357559204
call 2.098137855529785
call 2.1057186126708984
call 2.107513666152954
call 2.0669665336608887
call 2.03317928314209
call 2.100306510925293
call 2.1994855403900146
call 2.096874237060547
call 2.1095080375671387
call 2.167234182357788
call 2.302422523498535
call 2.224118232727051
call 2.2716517448425293
call 2.2196202278137207
request 1.550246000289917
call 2.603240489959717
call 2.12845778465271
call 2.1952242851257324
call 2.1679811477661133
call 2.1246416568756104
call 2.1085212230682373
call 2.1176562309265137
call 2.1645216941833496
call 2.1188032627105713
call 2.1068227291107178
call 2.1557366847991943
call 2.1318557262420654
call 2.096662759780884
call 2.1839115619659424
call 2.2020699977874756
call 2.293358087539673
call 2.2041430473327637
call 2.1866354942321777
call 2.2065236568450928
call 2.124380350112915
call 2.1854496002197266
call 2.1894826889038086
call 2.179002046585083
call 2.138489246368408
call 2.096837282180786
call 2.0786008834838867
call 2.180636405944824
call 2.0591464042663574
call 2.1585445404052734
call 2.095543622970581
call 2.1129729747772217
call 2.1071927547454834
call 2.1239120960235596
call 2.074190855026245
call 2.084811210632324
call 2.1264610290527344
call 2.0911946296691895
call 2.1064584255218506
call 2.084726095199585
call 2.1182353496551514
call 2.162620782852173
call 2.039642333984375
call 2.108159303665161
call 2.0871706008911133
call 2.0979163646698
call 2.1176912784576416
call 2.164501428604126
call 2.1224355697631836
call 2.189082622528076
call 2.0973293781280518
request 1.9408228397369385
call 2.623267412185669
call 2.1894378662109375
call 2.2125260829925537
call 2.204176664352417
call 2.1937592029571533
call 2.123976469039917
call 2.1848249435424805
call 2.1073076725006104
call 2.177210807800293
call 2.1247668266296387
call 2.1078925132751465
call 2.5692996978759766
call 2.107271432876587
call 2.1152029037475586
call 2.0785210132598877
call 2.103529214859009
call 2.0853328704833984
call 2.102278232574463
call 2.0918221473693848
call 2.115631103515625
call 2.0975773334503174
call 2.106527328491211
call 2.1043009757995605
call 2.092217445373535
call 2.1034207344055176
call 2.1068570613861084
call 2.0996203422546387
call 2.0923659801483154
call 2.0874695777893066
call 2.1088783740997314
call 2.094837188720703
call 2.1035447120666504
call 2.1052005290985107
call 2.103184938430786
call 2.1063530445098877
call 2.07732892036438
call 2.176177501678467
call 2.031834363937378
call 2.1020865440368652
call 2.302727699279785
call 2.0871739387512207
call 2.0970396995544434
call 2.1088874340057373
call 2.106489896774292
call 2.092822790145874
call 2.1065471172332764
call 2.095062494277954
call 2.182990074157715
call 2.126112937927246
call 2.1731386184692383
request 1.5523176193237305
call 2.5234625339508057
call 2.099921941757202
call 2.100623846054077
call 2.199758529663086
call 2.188102960586548
call 2.208404779434204
call 2.0951850414276123
call 2.182389259338379
call 2.213953971862793
call 2.1113369464874268
call 2.2072978019714355
call 2.277736186981201
call 2.2286672592163086
call 2.176100492477417
call 2.125542640686035
call 2.091956853866577
call 2.0892131328582764
call 2.08870267868042
call 2.129868984222412
call 2.1885082721710205
call 2.0867483615875244
call 2.111165761947632
call 2.0931146144866943
call 2.0900533199310303
call 2.209798574447632
call 2.1024627685546875
call 2.068265438079834
call 2.1239638328552246
call 2.0923912525177
call 2.094512939453125
call 2.115166664123535
call 2.1333470344543457
call 2.0793304443359375
call 2.0670032501220703
call 2.004227638244629
call 2.1115145683288574
call 2.0939159393310547
call 2.091076612472534
call 2.1308412551879883
call 2.0887393951416016
call 2.1046884059906006
call 2.0979299545288086
call 2.1147634983062744
call 2.186488628387451
call 2.098846912384033
call 2.098238945007324
call 2.0746073722839355
call 2.1070921421051025
call 2.1054534912109375
call 2.1935837268829346
c1f2d4_cloud
request 1.4131371974945068
call 3.851404905319214
call 3.3993160724639893
call 3.382004499435425
call 3.3009839057922363
call 3.2960445880889893
call 3.204981803894043
call 3.217789649963379
call 3.185786485671997
call 3.3057053089141846
call 3.3478968143463135
call 3.446424961090088
call 3.4713897705078125
call 3.4431605339050293
call 3.392040252685547
call 3.4035327434539795
call 3.3912954330444336
call 3.377704620361328
call 3.2218923568725586
call 3.3570775985717773
call 3.2379627227783203
call 3.8973212242126465
call 3.2940518856048584
call 3.300014019012451
call 3.3174166679382324
call 3.2891478538513184
call 3.3079311847686768
call 3.295731544494629
call 3.6050612926483154
call 3.289196729660034
call 3.2907803058624268
call 3.2968201637268066
call 3.31847882270813
call 3.2818124294281006
call 3.311142683029175
call 3.2913401126861572
call 3.21177339553833
call 3.398261070251465
call 3.5942704677581787
call 3.3136773109436035
call 3.3188934326171875
call 3.275442123413086
call 3.278920888900757
call 3.3052244186401367
call 3.285938262939453
call 3.310354471206665
call 3.3021183013916016
call 3.2915890216827393
call 3.299886703491211
call 3.4060206413269043
call 3.4046504497528076
request 1.2833905220031738
call 3.797443389892578
call 3.3856360912323
call 3.395627975463867
call 3.4038338661193848
call 3.4083333015441895
call 3.4786579608917236
call 3.4183402061462402
call 3.3926615715026855
call 3.392598867416382
call 3.418052911758423
call 3.393336772918701
call 3.500434398651123
call 3.400623321533203
call 3.272850751876831
call 3.3043642044067383
call 3.2321767807006836
call 3.396522283554077
call 3.6807637214660645
call 3.392291784286499
call 3.7882444858551025
call 3.3265938758850098
call 3.412111520767212
call 3.394632339477539
call 3.4840288162231445
call 3.4062256813049316
call 3.3947930335998535
call 3.4198732376098633
call 3.496614694595337
call 3.4794909954071045
call 3.408133029937744
call 3.4081554412841797
call 3.463728666305542
call 3.331071376800537
call 3.3948214054107666
call 3.2046687602996826
call 3.28788685798645
call 3.314263343811035
call 3.2016217708587646
call 3.2761476039886475
call 3.195762872695923
call 3.3087518215179443
call 3.2193260192871094
call 3.286212921142578
call 3.218778610229492
call 3.284071922302246
call 3.1840593814849854
call 3.3045573234558105
call 3.304020404815674
call 3.3004727363586426
call 3.2678794860839844
request 1.3104944229125977
call 3.8572819232940674
call 3.2766835689544678
call 3.796729803085327
call 3.4117844104766846
call 3.4924380779266357
call 3.392219066619873
call 3.4068636894226074
call 3.292262554168701
call 3.3865363597869873
call 3.3925211429595947
call 3.58030104637146
call 3.4459187984466553
call 3.4786829948425293
call 3.5179107189178467
call 3.398569107055664
call 3.3981504440307617
call 3.3934810161590576
call 3.6207969188690186
call 5.092090845108032
call 3.297227621078491
call 3.306262254714966
call 3.3063294887542725
call 3.286486864089966
call 3.2075107097625732
call 3.2674310207366943
call 3.2325775623321533
call 3.409351348876953
call 3.2467715740203857
call 3.2336559295654297
call 3.292743444442749
call 3.208388090133667
call 3.2885544300079346
call 3.3033816814422607
call 3.284372329711914
call 3.2237415313720703
call 3.2704992294311523
call 3.341790199279785
call 3.270752429962158
call 3.3193228244781494
call 3.2775909900665283
call 3.381972312927246
call 3.3048267364501953
call 3.4217073917388916
call 3.316300630569458
call 3.397566080093384
call 3.3793632984161377
call 3.619098663330078
call 3.3886938095092773
call 3.393739700317383
call 3.3865060806274414
request 1.2894630432128906
call 3.8375155925750732
call 3.2581753730773926
call 3.280517339706421
call 3.3918511867523193
call 3.381575345993042
call 3.308363914489746
call 3.3048553466796875
call 3.2065882682800293
call 3.196227550506592
call 3.2095117568969727
call 3.3035786151885986
call 3.3679447174072266
call 3.4177021980285645
call 3.4719126224517822
call 3.41489315032959
call 3.41432785987854
call 3.405628204345703
call 3.40065598487854
call 3.3823466300964355
call 3.207376718521118
call 3.3619117736816406
call 3.2327308654785156
call 3.3073904514312744
call 3.3117616176605225
call 3.2843234539031982
call 3.4044477939605713
call 3.3097567558288574
call 3.2974448204040527
call 3.2840640544891357
call 3.324766159057617
call 3.76971435546875
call 3.3008718490600586
call 3.306133270263672
call 3.287400245666504
call 3.3175911903381348
call 3.300703763961792
call 3.403883695602417
call 3.2876479625701904
call 3.2874042987823486
call 3.220499038696289
call 3.4064643383026123
call 3.3803863525390625
call 3.274749994277954
call 3.3245155811309814
call 3.3008124828338623
call 3.289761781692505
call 3.3002049922943115
call 3.21762752532959
call 3.2814509868621826
call 3.30671763420105
c1f2d6_cloud
request 1.6015920639038086
call 3.8284261226654053
call 3.396758556365967
call 3.4030721187591553
call 3.3955633640289307
call 3.481348991394043
call 3.4274120330810547
call 3.363865613937378
call 3.403599262237549
call 3.4316132068634033
call 3.283175230026245
call 3.314786434173584
call 3.5024917125701904
call 3.3843488693237305
call 3.4869461059570312
call 3.313552141189575
call 3.606236457824707
call 3.501607656478882
call 3.3091702461242676
call 3.3633017539978027
call 3.423171281814575
call 4.477775573730469
call 3.332406997680664
call 3.375216245651245
call 3.321465492248535
call 3.271881103515625
call 3.240246057510376
call 3.894864797592163
call 3.3952410221099854
call 3.4084482192993164
call 3.2777671813964844
call 3.4790968894958496
call 3.32377552986145
call 3.391058921813965
call 3.4015138149261475
call 3.6648013591766357
call 3.3217713832855225
call 3.426096200942993
call 3.463824510574341
call 3.330472469329834
call 3.3882505893707275
call 3.309446096420288
call 3.395974636077881
call 3.4318454265594482
call 3.5461254119873047
call 3.703059434890747
call 3.5254924297332764
call 3.570592164993286
call 3.4978973865509033
call 3.317662239074707
call 3.401324987411499
request 1.3121042251586914
call 3.927271604537964
call 3.3180370330810547
call 3.3028135299682617
call 3.298194169998169
call 3.399343490600586
call 3.2797341346740723
call 3.384793996810913
call 3.2525992393493652
call 3.3699169158935547
call 3.3099567890167236
call 3.6006686687469482
call 3.4039905071258545
call 5.098725318908691
call 3.6810829639434814
call 3.522249698638916
call 3.2960448265075684
call 3.3935937881469727
call 3.4959373474121094
call 5.027998447418213
call 3.378964424133301
call 3.595388650894165
call 4.21725869178772
call 3.278326988220215
call 3.315150260925293
call 3.501347541809082
call 3.5765275955200195
call 3.4258837699890137
call 3.48989200592041
call 3.308544397354126
call 3.3787031173706055
call 3.3871123790740967
call 3.4051902294158936
call 3.3205220699310303
call 3.490966558456421
call 3.4864933490753174
call 3.428009033203125
call 3.468292713165283
call 3.3338093757629395
call 3.3878767490386963
call 3.500539541244507
call 3.508118152618408
call 3.502384662628174
call 3.4799623489379883
call 3.5246012210845947
call 3.5892200469970703
call 3.5231189727783203
call 3.5349440574645996
call 3.5045130252838135
call 3.3167061805725098
call 3.3178327083587646
request 1.3542416095733643
call 3.7969131469726562
call 3.307724714279175
call 3.3285038471221924
call 3.2721762657165527
call 3.310478448867798
call 3.1969504356384277
call 3.297173023223877
call 3.3759665489196777
call 3.394155502319336
call 3.5417826175689697
call 3.482379674911499
call 3.501087188720703
call 3.4076263904571533
call 3.490251064300537
call 3.5136783123016357
call 3.462101936340332
call 3.5252902507781982
call 3.401491641998291
call 3.2079789638519287
call 3.3992867469787598
call 3.2038321495056152
call 4.381402254104614
call 3.2025582790374756
call 3.214709997177124
call 3.6599252223968506
call 3.4196088314056396
call 3.416140079498291
call 3.3851277828216553
call 3.3063437938690186
call 9.288381576538086
call 4.420065402984619
call 3.3927090167999268
call 3.575129508972168
call 3.721660852432251
call 3.798489570617676
call 4.391038656234741
call 3.3760530948638916
call 3.326920986175537
call 3.711669445037842
call 3.4625227451324463
call 3.5327365398406982
call 3.6948697566986084
call 3.408298969268799
call 3.3732974529266357
call 3.4157118797302246
call 3.37235689163208
call 3.4508862495422363
call 3.4835119247436523
call 3.381938934326172
call 3.395068883895874
request 1.3415980339050293
call 3.9310250282287598
call 3.3026421070098877
call 3.3182756900787354
call 3.378683567047119
call 3.61084246635437
call 4.506922483444214
call 3.303013801574707
call 4.985666751861572
call 3.5836293697357178
call 3.3016467094421387
call 5.13433313369751
call 3.2810840606689453
call 3.3821215629577637
call 3.523526668548584
call 3.483355760574341
call 3.503419876098633
call 3.873833656311035
call 5.244632959365845
call 4.376965284347534
call 3.386308431625366
call 3.386993885040283
call 3.325528383255005
call 4.2202417850494385
call 3.889240026473999
call 3.488243579864502
call 3.390699625015259
call 3.3295950889587402
call 3.345989465713501
call 3.542630434036255
call 3.6923978328704834
call 3.5163564682006836
call 3.5862038135528564
call 3.686892032623291
call 4.288122653961182
call 3.3404035568237305
call 3.569777250289917
call 3.4038023948669434
call 3.4056649208068848
call 3.694647789001465
call 3.2832417488098145
call 3.3044652938842773
call 3.383392810821533
call 3.3360071182250977
call 3.2802722454071045
call 3.222287893295288
call 3.178494691848755
call 3.278776168823242
call 3.235700845718384
call 3.6964828968048096
call 3.4729676246643066
request 4.284372329711914
call 3.867877244949341
call 3.400007963180542
call 3.368767023086548
call 3.724846839904785
call 3.9919779300689697
call 5.409643173217773
call 3.3995039463043213
call 4.003036022186279
call 3.577881336212158
call 5.124395847320557
call 3.386598825454712
call 3.3049442768096924
call 3.8094985485076904
call 3.3805580139160156
call 3.4014642238616943
call 5.296801567077637
call 3.4107494354248047
call 3.4033238887786865
call 3.3845815658569336
call 5.196613788604736
call 3.4846749305725098
call 3.328179359436035
call 3.4952120780944824
call 3.494952440261841
call 3.597442150115967
call 3.754370927810669
call 3.448054075241089
call 3.3952231407165527
call 3.3914926052093506
call 3.314791679382324
call 3.373436689376831
call 3.5063974857330322
call 3.511439800262451
call 3.5615034103393555
call 3.5389292240142822
call 3.5191872119903564
call 3.558237314224243
call 3.4173529148101807
call 3.3088629245758057
call 3.298969268798828
call 3.8986730575561523
call 3.391779661178589
call 3.4154860973358154
call 3.3688151836395264
call 3.3286983966827393
call 3.2928693294525146
call 3.304255485534668
call 3.2805912494659424
call 3.305558204650879
call 3.604037284851074
request 1.4612202644348145
call 3.8679986000061035
call 3.839352607727051
call 3.3013699054718018
call 3.3918755054473877
call 3.3030898571014404
call 3.3033652305603027
call 3.3158605098724365
call 3.370936393737793
call 3.415496349334717
call 3.2846519947052
call 3.8315346240997314
call 3.3810529708862305
call 3.3686203956604004
call 3.5283453464508057
call 3.4081645011901855
call 5.197519302368164
call 3.598599433898926
call 3.6072962284088135
call 4.305368423461914
call 5.098993539810181
call 3.3727493286132812
call 3.19868540763855
call 4.596478700637817
call 3.3982341289520264
call 3.314075231552124
call 3.8635034561157227
call 3.836899995803833
call 3.3870627880096436
call 3.431365489959717
call 3.2699737548828125
call 3.347958564758301
call 3.4345974922180176
call 3.3319389820098877
call 3.410470485687256
call 3.7394442558288574
call 3.334787130355835
call 3.4946186542510986
call 3.400043249130249
call 3.3044352531433105
call 3.382277011871338
call 3.3266642093658447
call 3.4705238342285156
call 3.5116028785705566
call 3.5223889350891113
call 3.50077748298645
call 3.5760910511016846
call 3.601410388946533
call 3.4116063117980957
call 3.6076443195343018
call 3.365457773208618
